#
# There is insufficient memory for the Java Runtime Environment to continue.
# Native memory allocation (malloc) failed to allocate 363232 bytes for Chunk::new
# Possible reasons:
#   The system is out of physical RAM or swap space
#   The process is running with CompressedOops enabled, and the Java Heap may be blocking the growth of the native heap
# Possible solutions:
#   Reduce memory load on the system
#   Increase physical memory or swap space
#   Check if swap backing store is full
#   Decrease Java heap size (-Xmx/-Xms)
#   Decrease number of Java threads
#   Decrease Java thread stack sizes (-Xss)
#   Set larger code cache with -XX:ReservedCodeCacheSize=
#   JVM is running with Unscaled Compressed Oops mode in which the Java heap is
#     placed in the first 4GB address space. The Java Heap base address is the
#     maximum limit for the native heap growth. Please use -XX:HeapBaseMinAddress
#     to set the Java Heap base and to place the Java Heap above 4GB virtual address.
# This output file may be truncated or incomplete.
#
#  Out of Memory Error (allocation.cpp:389), pid=10456, tid=0x0000000000002984
#
# JRE version: OpenJDK Runtime Environment (8.0_242-b01) (build 1.8.0_242-release-1644-b01)
# Java VM: OpenJDK 64-Bit Server VM (25.242-b01 mixed mode windows-amd64 compressed oops)
# Failed to write core dump. Minidumps are not enabled by default on client versions of Windows
#

---------------  T H R E A D  ---------------

Current thread (0x0000000017450000):  JavaThread "C2 CompilerThread1" daemon [_thread_in_native, id=10628, stack(0x0000000018ba0000,0x0000000018ca0000)]

Stack: [0x0000000018ba0000,0x0000000018ca0000]
[error occurred during error reporting (printing stack bounds), id 0xc0000005]

Native frames: (J=compiled Java code, j=interpreted, Vv=VM code, C=native code)


Current CompileTask:
C2:   8701 8070       4       org.jetbrains.org.objectweb.asm.tree.analysis.Frame::execute (2435 bytes)


---------------  P R O C E S S  ---------------

Java Threads: ( => current thread )
  0x0000000018ddb800 JavaThread "Service Thread" daemon [_thread_blocked, id=8696, stack(0x00000000191a0000,0x00000000192a0000)]
  0x0000000017462800 JavaThread "C1 CompilerThread2" daemon [_thread_in_native, id=10048, stack(0x0000000018ca0000,0x0000000018da0000)]
=>0x0000000017450000 JavaThread "C2 CompilerThread1" daemon [_thread_in_native, id=10628, stack(0x0000000018ba0000,0x0000000018ca0000)]
  0x0000000017449000 JavaThread "C2 CompilerThread0" daemon [_thread_in_native, id=11996, stack(0x0000000018aa0000,0x0000000018ba0000)]
  0x0000000017447800 JavaThread "Attach Listener" daemon [_thread_blocked, id=2184, stack(0x00000000189a0000,0x0000000018aa0000)]
  0x0000000017446000 JavaThread "Signal Dispatcher" daemon [_thread_blocked, id=5784, stack(0x00000000188a0000,0x00000000189a0000)]
  0x00000000028de000 JavaThread "Finalizer" daemon [_thread_blocked, id=5608, stack(0x00000000186a0000,0x00000000187a0000)]
  0x0000000017429000 JavaThread "Reference Handler" daemon [_thread_blocked, id=11248, stack(0x00000000185a0000,0x00000000186a0000)]
  0x00000000027e5000 JavaThread "main" [_thread_in_Java, id=7420, stack(0x00000000026e0000,0x00000000027e0000)]

Other Threads:
  0x0000000017406800 VMThread [stack: 0x00000000184a0000,0x00000000185a0000] [id=7492]
  0x000000001749e800 WatcherThread [stack: 0x00000000192a0000,0x00000000193a0000] [id=12108]

VM state:not at safepoint (normal execution)

VM Mutex/Monitor currently owned by a thread:  ([mutex/lock_event])
[0x00000000027e3460] CompileStatistics_lock - owner thread: 0x0000000000000000

heap address: 0x0000000081600000, size: 2026 MB, Compressed Oops mode: 32-bit
Narrow klass base: 0x0000000000000000, Narrow klass shift: 3
Compressed class space size: 1073741824 Address: 0x0000000100000000

Heap:
 PSYoungGen      total 71680K, used 31322K [0x00000000d5d00000, 0x00000000da800000, 0x0000000100000000)
  eden space 66560K, 47% used [0x00000000d5d00000,0x00000000d7b96868,0x00000000d9e00000)
  from space 5120K, 0% used [0x00000000da300000,0x00000000da300000,0x00000000da800000)
  to   space 5120K, 0% used [0x00000000d9e00000,0x00000000d9e00000,0x00000000da300000)
 ParOldGen       total 66048K, used 52245K [0x0000000081600000, 0x0000000085680000, 0x00000000d5d00000)
  object space 66048K, 79% used [0x0000000081600000,0x00000000849057a0,0x0000000085680000)
 Metaspace       used 55664K, capacity 56662K, committed 57136K, reserved 1099776K
  class space    used 6631K, capacity 6870K, committed 6960K, reserved 1048576K

Card table byte_map: [0x0000000011ca0000,0x00000000120a0000] byte_map_base: 0x0000000011895000

Marking Bits: (ParMarkBitMap*) 0x000000006fc0f030
 Begin Bits: [0x0000000012750000, 0x00000000146f8000)
 End Bits:   [0x00000000146f8000, 0x00000000166a0000)

Polling page: 0x0000000000880000

CodeCache: size=245760Kb used=24049Kb max_used=24049Kb free=221711Kb
 bounds [0x00000000028e0000, 0x0000000004080000, 0x00000000118e0000]
 total_blobs=7939 nmethods=7419 adapters=432
 compilation: enabled

Compilation events (10 events):
Event: 8.692 Thread 0x0000000017462800 nmethod 8180 0x0000000004063450 code [0x00000000040635c0, 0x00000000040638b8]
Event: 8.692 Thread 0x0000000017462800 8181       3       org.jetbrains.kotlin.codegen.DelegatingClassBuilder::newMethod (54 bytes)
Event: 8.693 Thread 0x0000000017449000 nmethod 8178 0x00000000040667d0 code [0x0000000004066920, 0x0000000004066b78]
Event: 8.693 Thread 0x0000000017462800 nmethod 8181 0x0000000004065f90 code [0x0000000004066140, 0x0000000004066618]
Event: 8.693 Thread 0x0000000017449000 8179       4       org.jetbrains.kotlin.codegen.optimization.common.MethodAnalyzer::mergeControlFlowEdge (80 bytes)
Event: 8.693 Thread 0x0000000017462800 8183       3       org.jetbrains.kotlin.com.intellij.openapi.vfs.local.CoreLocalVirtualFile::<init> (42 bytes)
Event: 8.694 Thread 0x0000000017462800 nmethod 8183 0x0000000004065350 code [0x0000000004065520, 0x0000000004065c48]
Event: 8.694 Thread 0x0000000017462800 8184       3       org.jetbrains.kotlin.codegen.FunctionCodegen::generateBridges (421 bytes)
Event: 8.698 Thread 0x0000000017462800 nmethod 8184 0x0000000004066c50 code [0x0000000004067200, 0x000000000406a3c8]
Event: 8.698 Thread 0x0000000017462800 8190       3       org.jetbrains.kotlin.backend.common.bridges.BridgesKt::generateBridges (542 bytes)

GC Heap History (10 events):
Event: 3.372 GC heap before
{Heap before GC invocations=7 (full 2):
 PSYoungGen      total 71680K, used 5100K [0x00000000d5d00000, 0x00000000da800000, 0x0000000100000000)
  eden space 66560K, 0% used [0x00000000d5d00000,0x00000000d5d00000,0x00000000d9e00000)
  from space 5120K, 99% used [0x00000000d9e00000,0x00000000da2fb0e0,0x00000000da300000)
  to   space 5120K, 0% used [0x00000000da300000,0x00000000da300000,0x00000000da800000)
 ParOldGen       total 66048K, used 25967K [0x0000000081600000, 0x0000000085680000, 0x00000000d5d00000)
  object space 66048K, 39% used [0x0000000081600000,0x0000000082f5bce0,0x0000000085680000)
 Metaspace       used 34723K, capacity 35270K, committed 35496K, reserved 1081344K
  class space    used 4441K, capacity 4592K, committed 4656K, reserved 1048576K
Event: 3.452 GC heap after
Heap after GC invocations=7 (full 2):
 PSYoungGen      total 71680K, used 0K [0x00000000d5d00000, 0x00000000da800000, 0x0000000100000000)
  eden space 66560K, 0% used [0x00000000d5d00000,0x00000000d5d00000,0x00000000d9e00000)
  from space 5120K, 0% used [0x00000000d9e00000,0x00000000d9e00000,0x00000000da300000)
  to   space 5120K, 0% used [0x00000000da300000,0x00000000da300000,0x00000000da800000)
 ParOldGen       total 66048K, used 17701K [0x0000000081600000, 0x0000000085680000, 0x00000000d5d00000)
  object space 66048K, 26% used [0x0000000081600000,0x0000000082749518,0x0000000085680000)
 Metaspace       used 34723K, capacity 35270K, committed 35496K, reserved 1081344K
  class space    used 4441K, capacity 4592K, committed 4656K, reserved 1048576K
}
Event: 4.372 GC heap before
{Heap before GC invocations=8 (full 2):
 PSYoungGen      total 71680K, used 66560K [0x00000000d5d00000, 0x00000000da800000, 0x0000000100000000)
  eden space 66560K, 100% used [0x00000000d5d00000,0x00000000d9e00000,0x00000000d9e00000)
  from space 5120K, 0% used [0x00000000d9e00000,0x00000000d9e00000,0x00000000da300000)
  to   space 5120K, 0% used [0x00000000da300000,0x00000000da300000,0x00000000da800000)
 ParOldGen       total 66048K, used 17701K [0x0000000081600000, 0x0000000085680000, 0x00000000d5d00000)
  object space 66048K, 26% used [0x0000000081600000,0x0000000082749518,0x0000000085680000)
 Metaspace       used 39673K, capacity 40288K, committed 40496K, reserved 1085440K
  class space    used 5023K, capacity 5167K, committed 5168K, reserved 1048576K
Event: 4.384 GC heap after
Heap after GC invocations=8 (full 2):
 PSYoungGen      total 71680K, used 5112K [0x00000000d5d00000, 0x00000000da800000, 0x0000000100000000)
  eden space 66560K, 0% used [0x00000000d5d00000,0x00000000d5d00000,0x00000000d9e00000)
  from space 5120K, 99% used [0x00000000da300000,0x00000000da7fe1b8,0x00000000da800000)
  to   space 5120K, 0% used [0x00000000d9e00000,0x00000000d9e00000,0x00000000da300000)
 ParOldGen       total 66048K, used 25561K [0x0000000081600000, 0x0000000085680000, 0x00000000d5d00000)
  object space 66048K, 38% used [0x0000000081600000,0x0000000082ef6658,0x0000000085680000)
 Metaspace       used 39673K, capacity 40288K, committed 40496K, reserved 1085440K
  class space    used 5023K, capacity 5167K, committed 5168K, reserved 1048576K
}
Event: 6.009 GC heap before
{Heap before GC invocations=9 (full 2):
 PSYoungGen      total 71680K, used 71672K [0x00000000d5d00000, 0x00000000da800000, 0x0000000100000000)
  eden space 66560K, 100% used [0x00000000d5d00000,0x00000000d9e00000,0x00000000d9e00000)
  from space 5120K, 99% used [0x00000000da300000,0x00000000da7fe1b8,0x00000000da800000)
  to   space 5120K, 0% used [0x00000000d9e00000,0x00000000d9e00000,0x00000000da300000)
 ParOldGen       total 66048K, used 25561K [0x0000000081600000, 0x0000000085680000, 0x00000000d5d00000)
  object space 66048K, 38% used [0x0000000081600000,0x0000000082ef6658,0x0000000085680000)
 Metaspace       used 44640K, capacity 45424K, committed 45744K, reserved 1089536K
  class space    used 5469K, capacity 5701K, committed 5808K, reserved 1048576K
Event: 6.039 GC heap after
Heap after GC invocations=9 (full 2):
 PSYoungGen      total 71680K, used 5096K [0x00000000d5d00000, 0x00000000da800000, 0x0000000100000000)
  eden space 66560K, 0% used [0x00000000d5d00000,0x00000000d5d00000,0x00000000d9e00000)
  from space 5120K, 99% used [0x00000000d9e00000,0x00000000da2fa010,0x00000000da300000)
  to   space 5120K, 0% used [0x00000000da300000,0x00000000da300000,0x00000000da800000)
 ParOldGen       total 66048K, used 39679K [0x0000000081600000, 0x0000000085680000, 0x00000000d5d00000)
  object space 66048K, 60% used [0x0000000081600000,0x0000000083cbff48,0x0000000085680000)
 Metaspace       used 44640K, capacity 45424K, committed 45744K, reserved 1089536K
  class space    used 5469K, capacity 5701K, committed 5808K, reserved 1048576K
}
Event: 7.709 GC heap before
{Heap before GC invocations=10 (full 2):
 PSYoungGen      total 71680K, used 71656K [0x00000000d5d00000, 0x00000000da800000, 0x0000000100000000)
  eden space 66560K, 100% used [0x00000000d5d00000,0x00000000d9e00000,0x00000000d9e00000)
  from space 5120K, 99% used [0x00000000d9e00000,0x00000000da2fa010,0x00000000da300000)
  to   space 5120K, 0% used [0x00000000da300000,0x00000000da300000,0x00000000da800000)
 ParOldGen       total 66048K, used 39679K [0x0000000081600000, 0x0000000085680000, 0x00000000d5d00000)
  object space 66048K, 60% used [0x0000000081600000,0x0000000083cbff48,0x0000000085680000)
 Metaspace       used 51627K, capacity 52498K, committed 52912K, reserved 1095680K
  class space    used 6278K, capacity 6524K, committed 6576K, reserved 1048576K
Event: 7.729 GC heap after
Heap after GC invocations=10 (full 2):
 PSYoungGen      total 71680K, used 5096K [0x00000000d5d00000, 0x00000000da800000, 0x0000000100000000)
  eden space 66560K, 0% used [0x00000000d5d00000,0x00000000d5d00000,0x00000000d9e00000)
  from space 5120K, 99% used [0x00000000da300000,0x00000000da7fa010,0x00000000da800000)
  to   space 5120K, 0% used [0x00000000d9e00000,0x00000000d9e00000,0x00000000da300000)
 ParOldGen       total 66048K, used 52292K [0x0000000081600000, 0x0000000085680000, 0x00000000d5d00000)
  object space 66048K, 79% used [0x0000000081600000,0x0000000084911370,0x0000000085680000)
 Metaspace       used 51627K, capacity 52498K, committed 52912K, reserved 1095680K
  class space    used 6278K, capacity 6524K, committed 6576K, reserved 1048576K
}
Event: 7.729 GC heap before
{Heap before GC invocations=11 (full 3):
 PSYoungGen      total 71680K, used 5096K [0x00000000d5d00000, 0x00000000da800000, 0x0000000100000000)
  eden space 66560K, 0% used [0x00000000d5d00000,0x00000000d5d00000,0x00000000d9e00000)
  from space 5120K, 99% used [0x00000000da300000,0x00000000da7fa010,0x00000000da800000)
  to   space 5120K, 0% used [0x00000000d9e00000,0x00000000d9e00000,0x00000000da300000)
 ParOldGen       total 66048K, used 52292K [0x0000000081600000, 0x0000000085680000, 0x00000000d5d00000)
  object space 66048K, 79% used [0x0000000081600000,0x0000000084911370,0x0000000085680000)
 Metaspace       used 51627K, capacity 52498K, committed 52912K, reserved 1095680K
  class space    used 6278K, capacity 6524K, committed 6576K, reserved 1048576K
Event: 8.000 GC heap after
Heap after GC invocations=11 (full 3):
 PSYoungGen      total 71680K, used 0K [0x00000000d5d00000, 0x00000000da800000, 0x0000000100000000)
  eden space 66560K, 0% used [0x00000000d5d00000,0x00000000d5d00000,0x00000000d9e00000)
  from space 5120K, 0% used [0x00000000da300000,0x00000000da300000,0x00000000da800000)
  to   space 5120K, 0% used [0x00000000d9e00000,0x00000000d9e00000,0x00000000da300000)
 ParOldGen       total 66048K, used 52245K [0x0000000081600000, 0x0000000085680000, 0x00000000d5d00000)
  object space 66048K, 79% used [0x0000000081600000,0x00000000849057a0,0x0000000085680000)
 Metaspace       used 51627K, capacity 52498K, committed 52912K, reserved 1095680K
  class space    used 6278K, capacity 6524K, committed 6576K, reserved 1048576K
}

Deoptimization events (10 events):
Event: 8.525 Thread 0x00000000027e5000 Uncommon trap: reason=speculate_class_check action=maybe_recompile pc=0x00000000030ef4dc method=java.util.ArrayList.<init>(Ljava/util/Collection;)V @ 36
Event: 8.546 Thread 0x00000000027e5000 Uncommon trap: reason=speculate_class_check action=maybe_recompile pc=0x00000000030ef4dc method=java.util.ArrayList.<init>(Ljava/util/Collection;)V @ 36
Event: 8.614 Thread 0x00000000027e5000 Uncommon trap: reason=bimorphic action=maybe_recompile pc=0x0000000003f7d04c method=org.jetbrains.org.objectweb.asm.tree.analysis.Frame.execute(Lorg/jetbrains/org/objectweb/asm/tree/AbstractInsnNode;Lorg/jetbrains/org/objectweb/asm/tree/analysis/Interpret
Event: 8.614 Thread 0x00000000027e5000 Uncommon trap: reason=bimorphic action=maybe_recompile pc=0x0000000003f7d04c method=org.jetbrains.org.objectweb.asm.tree.analysis.Frame.execute(Lorg/jetbrains/org/objectweb/asm/tree/AbstractInsnNode;Lorg/jetbrains/org/objectweb/asm/tree/analysis/Interpret
Event: 8.614 Thread 0x00000000027e5000 Uncommon trap: reason=bimorphic action=maybe_recompile pc=0x0000000003f7d04c method=org.jetbrains.org.objectweb.asm.tree.analysis.Frame.execute(Lorg/jetbrains/org/objectweb/asm/tree/AbstractInsnNode;Lorg/jetbrains/org/objectweb/asm/tree/analysis/Interpret
Event: 8.614 Thread 0x00000000027e5000 Uncommon trap: reason=bimorphic action=maybe_recompile pc=0x0000000003f7d04c method=org.jetbrains.org.objectweb.asm.tree.analysis.Frame.execute(Lorg/jetbrains/org/objectweb/asm/tree/AbstractInsnNode;Lorg/jetbrains/org/objectweb/asm/tree/analysis/Interpret
Event: 8.694 Thread 0x00000000027e5000 Uncommon trap: reason=class_check action=maybe_recompile pc=0x000000000405a9a8 method=org.jetbrains.kotlin.resolve.calls.callResolverUtil.CallResolverUtilKt.isOrOverridesSynthesized(Lorg/jetbrains/kotlin/descriptors/CallableMemberDescriptor;)Z @ 46
Event: 8.694 Thread 0x00000000027e5000 Uncommon trap: reason=class_check action=maybe_recompile pc=0x000000000405a9a8 method=org.jetbrains.kotlin.resolve.calls.callResolverUtil.CallResolverUtilKt.isOrOverridesSynthesized(Lorg/jetbrains/kotlin/descriptors/CallableMemberDescriptor;)Z @ 46
Event: 8.694 Thread 0x00000000027e5000 Uncommon trap: reason=class_check action=maybe_recompile pc=0x000000000405a9a8 method=org.jetbrains.kotlin.resolve.calls.callResolverUtil.CallResolverUtilKt.isOrOverridesSynthesized(Lorg/jetbrains/kotlin/descriptors/CallableMemberDescriptor;)Z @ 46
Event: 8.696 Thread 0x00000000027e5000 Uncommon trap: reason=class_check action=maybe_recompile pc=0x000000000405a9a8 method=org.jetbrains.kotlin.resolve.calls.callResolverUtil.CallResolverUtilKt.isOrOverridesSynthesized(Lorg/jetbrains/kotlin/descriptors/CallableMemberDescriptor;)Z @ 46

Classes redefined (0 events):
No events

Internal exceptions (10 events):
Event: 7.310 Thread 0x00000000027e5000 Implicit null exception at 0x0000000002bce06f to 0x0000000002bce0d9
Event: 7.328 Thread 0x00000000027e5000 Implicit null exception at 0x000000000306324c to 0x00000000030632a6
Event: 7.430 Thread 0x00000000027e5000 Implicit null exception at 0x0000000003c40854 to 0x0000000003c40abe
Event: 7.434 Thread 0x00000000027e5000 Implicit null exception at 0x0000000002c00d7e to 0x0000000002c0497d
Event: 7.558 Thread 0x00000000027e5000 Implicit null exception at 0x0000000003bfb954 to 0x0000000003bfbb2c
Event: 8.073 Thread 0x00000000027e5000 Exception <a 'java/lang/NoSuchMethodError': java.lang.Object.lambda$static$0(Lorg/jetbrains/kotlin/descriptors/ValueParameterDescriptor;Lorg/jetbrains/kotlin/codegen/ExpressionCodegen;)Lorg/jetbrains/kotlin/codegen/StackValue;> (0x00000000d60f7048) thrown
Event: 8.094 Thread 0x00000000027e5000 Implicit null exception at 0x000000000345ac96 to 0x000000000345afe9
Event: 8.094 Thread 0x00000000027e5000 Implicit null exception at 0x00000000033e9255 to 0x00000000033e9451
Event: 8.240 Thread 0x00000000027e5000 Exception <a 'java/lang/NoSuchMethodError': java.lang.Object.lambda$static$0(Ljava/lang/String;)Z> (0x00000000d6853fc8) thrown at [C:\src\AOSP-openjdk-git\hotspot\src\share\vm\interpreter\linkResolver.cpp, line 620]
Event: 8.240 Thread 0x00000000027e5000 Exception <a 'java/lang/NoSuchMethodError': java.lang.Object.lambda$static$1(Ljava/lang/String;)Z> (0x00000000d6856878) thrown at [C:\src\AOSP-openjdk-git\hotspot\src\share\vm\interpreter\linkResolver.cpp, line 620]

Events (10 events):
Event: 8.694 Thread 0x00000000027e5000 DEOPT UNPACKING pc=0x000000000292557b sp=0x00000000027de630 mode 2
Event: 8.694 Thread 0x00000000027e5000 Uncommon trap: trap_request=0xffffffde fr.pc=0x000000000405a9a8
Event: 8.694 Thread 0x00000000027e5000 DEOPT PACKING pc=0x000000000405a9a8 sp=0x00000000027de430
Event: 8.694 Thread 0x00000000027e5000 DEOPT UNPACKING pc=0x000000000292557b sp=0x00000000027de3c0 mode 2
Event: 8.694 Thread 0x00000000027e5000 Uncommon trap: trap_request=0xffffffde fr.pc=0x000000000405a9a8
Event: 8.694 Thread 0x00000000027e5000 DEOPT PACKING pc=0x000000000405a9a8 sp=0x00000000027de450
Event: 8.694 Thread 0x00000000027e5000 DEOPT UNPACKING pc=0x000000000292557b sp=0x00000000027de3e0 mode 2
Event: 8.696 Thread 0x00000000027e5000 Uncommon trap: trap_request=0xffffffde fr.pc=0x000000000405a9a8
Event: 8.697 Thread 0x00000000027e5000 DEOPT PACKING pc=0x000000000405a9a8 sp=0x00000000027de6a0
Event: 8.697 Thread 0x00000000027e5000 DEOPT UNPACKING pc=0x000000000292557b sp=0x00000000027de630 mode 2


Dynamic libraries:
0x00007ff7044f0000 - 0x00007ff704521000 	C:\Program Files\Android\Android Studio\jre\jre\bin\java.exe
0x00007fff73520000 - 0x00007fff73710000 	C:\WINDOWS\SYSTEM32\ntdll.dll
0x00007fff71930000 - 0x00007fff719e2000 	C:\WINDOWS\System32\KERNEL32.DLL
0x00007fff704a0000 - 0x00007fff70744000 	C:\WINDOWS\System32\KERNELBASE.dll
0x00007fff72ea0000 - 0x00007fff72f43000 	C:\WINDOWS\System32\ADVAPI32.dll
0x00007fff72bb0000 - 0x00007fff72c4e000 	C:\WINDOWS\System32\msvcrt.dll
0x00007fff72e00000 - 0x00007fff72e97000 	C:\WINDOWS\System32\sechost.dll
0x00007fff71a20000 - 0x00007fff71b40000 	C:\WINDOWS\System32\RPCRT4.dll
0x00007fff72750000 - 0x00007fff728e4000 	C:\WINDOWS\System32\USER32.dll
0x00007fff708a0000 - 0x00007fff708c1000 	C:\WINDOWS\System32\win32u.dll
0x00007fff719f0000 - 0x00007fff71a16000 	C:\WINDOWS\System32\GDI32.dll
0x00007fff71410000 - 0x00007fff715a6000 	C:\WINDOWS\System32\gdi32full.dll
0x00007fff70be0000 - 0x00007fff70c7e000 	C:\WINDOWS\System32\msvcp_win.dll
0x00007fff709d0000 - 0x00007fff70aca000 	C:\WINDOWS\System32\ucrtbase.dll
0x00007fff60230000 - 0x00007fff604b4000 	C:\WINDOWS\WinSxS\amd64_microsoft.windows.common-controls_6595b64144ccf1df_6.0.18362.959_none_e6c7bbbf130c62bb\COMCTL32.dll
0x00007fff715f0000 - 0x00007fff71925000 	C:\WINDOWS\System32\combase.dll
0x00007fff70b60000 - 0x00007fff70be0000 	C:\WINDOWS\System32\bcryptPrimitives.dll
0x00007fff733c0000 - 0x00007fff733ee000 	C:\WINDOWS\System32\IMM32.DLL
0x000000006f360000 - 0x000000006f432000 	C:\Program Files\Android\Android Studio\jre\jre\bin\msvcr100.dll
0x000000006f440000 - 0x000000006fc8b000 	C:\Program Files\Android\Android Studio\jre\jre\bin\server\jvm.dll
0x00007fff733f0000 - 0x00007fff733f8000 	C:\WINDOWS\System32\PSAPI.DLL
0x00007fff6cdf0000 - 0x00007fff6ce14000 	C:\WINDOWS\SYSTEM32\WINMM.dll
0x00007fff6cdc0000 - 0x00007fff6cded000 	C:\WINDOWS\SYSTEM32\WINMMBASE.dll
0x00007fff70980000 - 0x00007fff709ca000 	C:\WINDOWS\System32\cfgmgr32.dll
0x00007fff6d030000 - 0x00007fff6d039000 	C:\WINDOWS\SYSTEM32\WSOCK32.dll
0x00007fff71c60000 - 0x00007fff71ccf000 	C:\WINDOWS\System32\WS2_32.dll
0x00007fff69ab0000 - 0x00007fff69aba000 	C:\WINDOWS\SYSTEM32\VERSION.dll
0x00007fff6b490000 - 0x00007fff6b49f000 	C:\Program Files\Android\Android Studio\jre\jre\bin\verify.dll
0x00007fff68df0000 - 0x00007fff68e19000 	C:\Program Files\Android\Android Studio\jre\jre\bin\java.dll
0x00007fff68bf0000 - 0x00007fff68c06000 	C:\Program Files\Android\Android Studio\jre\jre\bin\zip.dll
0x00007fff71e30000 - 0x00007fff72516000 	C:\WINDOWS\System32\SHELL32.dll
0x00007fff728f0000 - 0x00007fff72999000 	C:\WINDOWS\System32\shcore.dll
0x00007fff70c80000 - 0x00007fff71402000 	C:\WINDOWS\System32\windows.storage.dll
0x00007fff703e0000 - 0x00007fff70403000 	C:\WINDOWS\System32\profapi.dll
0x00007fff70450000 - 0x00007fff7049a000 	C:\WINDOWS\System32\powrprof.dll
0x00007fff703d0000 - 0x00007fff703e0000 	C:\WINDOWS\System32\UMPDC.dll
0x00007fff72b50000 - 0x00007fff72ba2000 	C:\WINDOWS\System32\shlwapi.dll
0x00007fff70410000 - 0x00007fff70421000 	C:\WINDOWS\System32\kernel.appcore.dll
0x00007fff715b0000 - 0x00007fff715c7000 	C:\WINDOWS\System32\cryptsp.dll
0x00007fff68bd0000 - 0x00007fff68bea000 	C:\Program Files\Android\Android Studio\jre\jre\bin\net.dll
0x00007fff6fc40000 - 0x00007fff6fca7000 	C:\WINDOWS\system32\mswsock.dll
0x00007fff68ae0000 - 0x00007fff68af3000 	C:\Program Files\Android\Android Studio\jre\jre\bin\nio.dll

VM Arguments:
java_command: org.jetbrains.kotlin.cli.jvm.K2JVMCompiler -Xallow-no-source-files -classpath C:\Users\Chondro\AndroidStudioProjects\CornLeafDoctor\app\build\intermediates\compile_and_runtime_not_namespaced_r_class_jar\debug\R.jar;C:\Users\Chondro\.gradle\caches\transforms-2\files-2.1\3e8dc1072b3dc6d06f94c550fe8429a6\jetified-kotlin-android-extensions-runtime-1.3.72.jar;C:\Users\Chondro\.gradle\caches\transforms-2\files-2.1\341c5de26caac7a0c5effe778806029e\jetified-core-ktx-1.3.1-api.jar;C:\Users\Chondro\.gradle\caches\transforms-2\files-2.1\b87f47617c59ac9ee181a007f480e53f\jetified-kotlin-stdlib-1.3.72.jar;C:\Users\Chondro\.gradle\caches\transforms-2\files-2.1\481f4a34bee68d86b8ce8774eb15d925\jetified-kotlin-stdlib-common-1.3.72.jar;C:\Users\Chondro\.gradle\caches\transforms-2\files-2.1\8d2026e1436f86ed1258cdda39e32916\jetified-annotations-13.0.jar;C:\Users\Chondro\.gradle\caches\transforms-2\files-2.1\5fea399201e4ebe8a300ca8c1145aea9\appcompat-1.1.0-api.jar;C:\Users\Chondro\.gradle\caches\transforms-2\files-2.1\c4417d818a733e73a41458470f86b9be\fragment-1.1.0-api.jar;C:\Users\Chondro\.gradle\caches\transforms-2\files-2.1\ec83cef778bde28be5de5bb66a978584\jetified-appcompat-resources-1.1.0-api.jar;C:\Users\Chondro\.gradle\caches\transforms-2\files-2.1\4c8ff528696f7b6e27953e8d6eeb01a9\drawerlayout-1.0.0-api.jar;C:\Users\Chondro\.gradle\caches\transforms-2\files-2.1\a93c93c702050f703c78764de0b113e8\viewpager-1.0.0-api.jar;C:\Users\Chondro\.gradle\caches\transforms-2\files-2.1\7df8f94dfe2872df3e5d3da266742398\loader-1.0.0-api.jar;C:\Users\Chondro\.gradle\caches\transforms-2\files-2.1\333aea6011630b1791363616251d4039\jetified-activity-1.0.0-api.jar;C:\Users\Chondro\.gradle\caches\transforms-2\files-2.1\9bb80f26171acae195bade97293151c9\vectordrawable-animated-1.1.0-api.jar;C:\Users\Chondro\.gradle\caches\transforms-2\files-2.1\f1ec0feb275f3ee75c8446afd4ec38f1\vectordrawable-1.1.0-api.jar;C:\Users\Chondro\.gradle\caches\transforms-2\files-2.1\30e4ebab8ad3b301f3b8554edbe4a2
java_class_path (initial): C:\Users\Chondro\.gradle\caches\modules-2\files-2.1\org.jetbrains.kotlin\kotlin-compiler-embeddable\1.3.72\fb72232c8fa977d5e07d33c43381ddbdc5edab6\kotlin-compiler-embeddable-1.3.72.jar;C:\Users\Chondro\.gradle\caches\modules-2\files-2.1\org.jetbrains.kotlin\kotlin-reflect\1.3.72\86613e1a669a701b0c660bfd2af4f82a7ae11fca\kotlin-reflect-1.3.72.jar;C:\Users\Chondro\.gradle\caches\modules-2\files-2.1\org.jetbrains.kotlin\kotlin-stdlib\1.3.72\8032138f12c0180bc4e51fe139d4c52b46db6109\kotlin-stdlib-1.3.72.jar;C:\Users\Chondro\.gradle\caches\modules-2\files-2.1\org.jetbrains.kotlin\kotlin-script-runtime\1.3.72\657d8d34d91e1964b4439378c09933e840bfe8d5\kotlin-script-runtime-1.3.72.jar;C:\Users\Chondro\.gradle\caches\modules-2\files-2.1\org.jetbrains.kotlin\kotlin-daemon-embeddable\1.3.72\53bbaa2816dbf6bdb85f629451b1fcc88f2164d2\kotlin-daemon-embeddable-1.3.72.jar;C:\Users\Chondro\.gradle\caches\modules-2\files-2.1\org.jetbrains.intellij.deps\trove4j\1.0.20181211\216c2e14b070f334479d800987affe4054cd563f\trove4j-1.0.20181211.jar;C:\Users\Chondro\.gradle\caches\modules-2\files-2.1\org.jetbrains.kotlin\kotlin-stdlib-common\1.3.72\6ca8bee3d88957eaaaef077c41c908c9940492d8\kotlin-stdlib-common-1.3.72.jar;C:\Users\Chondro\.gradle\caches\modules-2\files-2.1\org.jetbrains\annotations\13.0\919f0dfe192fb4e063e7dacadee7f8bb9a2672a9\annotations-13.0.jar;C:\Program Files\Android\Android Studio\jre\lib\tools.jar
Launcher Type: SUN_STANDARD

Environment Variables:
PATH=C:\Program Files (x86)\Common Files\Oracle\Java\javapath;C:\Program Files (x86)\Python38-32\Scripts\;C:\Program Files (x86)\Python38-32\;C:\WINDOWS\system32;C:\WINDOWS;C:\WINDOWS\System32\Wbem;C:\WINDOWS\System32\WindowsPowerShell\v1.0\;C:\WINDOWS\System32\OpenSSH\;C:\Program Files\NVIDIA Corporation\NVIDIA NvDLISR;C:\Program Files (x86)\NVIDIA Corporation\PhysX\Common;C:\Program Files\Microsoft SQL Server\Client SDK\ODBC\130\Tools\Binn\;C:\Program Files (x86)\Microsoft SQL Server\140\Tools\Binn\;C:\Program Files\Microsoft SQL Server\140\Tools\Binn\;C:\Program Files\Microsoft SQL Server\140\DTS\Binn\;C:\Program Files (x86)\Microsoft SQL Server\150\DTS\Binn\;C:\Program Files\Microsoft VS Code\bin;C:\Program Files\Microsoft SQL Server\130\Tools\Binn\;C:\Program Files\Microsoft SQL Server\Client SDK\ODBC\170\Tools\Binn\;C:\Program Files\Java\jdk-13.0.1\bin;C:\Program Files\MongoDB\Server\4.2\bin;C:\Program Files\Git\cmd;C:\Program Files\nodejs\;C:\Go\bin;C:\Program Files\dotnet\;C:\Users\Chondro\AppData\Local\Microsoft\WindowsApps;C:\Users\Chondro\.dotnet\tools;C:\Users\Chondro\AppData\Roaming\npm;C:\Users\Chondro\go\bin
USERNAME=Chondro
OS=Windows_NT
PROCESSOR_IDENTIFIER=Intel64 Family 6 Model 78 Stepping 3, GenuineIntel



---------------  S Y S T E M  ---------------

OS: Windows 10.0 , 64 bit Build 18362 (10.0.18362.959)

CPU:total 4 (initial active 4) (2 cores per cpu, 2 threads per core) family 6 model 78 stepping 3, cmov, cx8, fxsr, mmx, sse, sse2, sse3, ssse3, sse4.1, sse4.2, popcnt, avx, avx2, aes, clmul, erms, 3dnowpref, lzcnt, ht, tsc, tscinvbit, bmi1, bmi2, adx

Memory: 4k page, physical 8292256k(988512k free), swap 8292256k(5428k free)

vm_info: OpenJDK 64-Bit Server VM (25.242-b01) for windows-amd64 JRE (1.8.0_242-release-1644-b01), built by "builder" with MS VC++ 10.0 (VS2010)

time: Tue Aug 11 21:32:31 2020
timezone: SE Asia Standard Time
elapsed time: 8 seconds (0d 0h 0m 8s)

