#
# There is insufficient memory for the Java Runtime Environment to continue.
# Native memory allocation (malloc) failed to allocate 417104 bytes for Chunk::new
# Possible reasons:
#   The system is out of physical RAM or swap space
#   The process is running with CompressedOops enabled, and the Java Heap may be blocking the growth of the native heap
# Possible solutions:
#   Reduce memory load on the system
#   Increase physical memory or swap space
#   Check if swap backing store is full
#   Decrease Java heap size (-Xmx/-Xms)
#   Decrease number of Java threads
#   Decrease Java thread stack sizes (-Xss)
#   Set larger code cache with -XX:ReservedCodeCacheSize=
#   JVM is running with Unscaled Compressed Oops mode in which the Java heap is
#     placed in the first 4GB address space. The Java Heap base address is the
#     maximum limit for the native heap growth. Please use -XX:HeapBaseMinAddress
#     to set the Java Heap base and to place the Java Heap above 4GB virtual address.
# This output file may be truncated or incomplete.
#
#  Out of Memory Error (allocation.cpp:389), pid=9704, tid=0x0000000000000430
#
# JRE version: OpenJDK Runtime Environment (8.0_242-b01) (build 1.8.0_242-release-1644-b01)
# Java VM: OpenJDK 64-Bit Server VM (25.242-b01 mixed mode windows-amd64 compressed oops)
# Failed to write core dump. Minidumps are not enabled by default on client versions of Windows
#

---------------  T H R E A D  ---------------

Current thread (0x0000000017169000):  JavaThread "C2 CompilerThread0" daemon [_thread_in_native, id=1072, stack(0x00000000187d0000,0x00000000188d0000)]

Stack: [0x00000000187d0000,0x00000000188d0000]
[error occurred during error reporting (printing stack bounds), id 0xc0000005]

Native frames: (J=compiled Java code, j=interpreted, Vv=VM code, C=native code)


Current CompileTask:
C2:   4195 2799   !   4       org.jetbrains.kotlin.metadata.ProtoBuf$Function::<init> (1112 bytes)


---------------  P R O C E S S  ---------------

Java Threads: ( => current thread )
  0x00000000171bd000 JavaThread "Service Thread" daemon [_thread_blocked, id=7884, stack(0x0000000018ed0000,0x0000000018fd0000)]
  0x0000000017179000 JavaThread "C1 CompilerThread2" daemon [_thread_blocked, id=1252, stack(0x00000000189d0000,0x0000000018ad0000)]
  0x000000001716f800 JavaThread "C2 CompilerThread1" daemon [_thread_in_native, id=10440, stack(0x00000000188d0000,0x00000000189d0000)]
=>0x0000000017169000 JavaThread "C2 CompilerThread0" daemon [_thread_in_native, id=1072, stack(0x00000000187d0000,0x00000000188d0000)]
  0x0000000017167800 JavaThread "Attach Listener" daemon [_thread_blocked, id=7836, stack(0x00000000186d0000,0x00000000187d0000)]
  0x0000000017166800 JavaThread "Signal Dispatcher" daemon [_thread_blocked, id=4592, stack(0x00000000185d0000,0x00000000186d0000)]
  0x000000001714c000 JavaThread "Finalizer" daemon [_thread_blocked, id=1416, stack(0x00000000183c0000,0x00000000184c0000)]
  0x0000000017149000 JavaThread "Reference Handler" daemon [_thread_blocked, id=3360, stack(0x00000000182c0000,0x00000000183c0000)]
  0x00000000024c5000 JavaThread "main" [_thread_in_vm, id=4728, stack(0x00000000023c0000,0x00000000024c0000)]

Other Threads:
  0x0000000017126800 VMThread [stack: 0x00000000181c0000,0x00000000182c0000] [id=12476]
  0x00000000171be000 WatcherThread [stack: 0x0000000018fd0000,0x00000000190d0000] [id=1212]

VM state:not at safepoint (normal execution)

VM Mutex/Monitor currently owned by a thread: None

heap address: 0x0000000081600000, size: 2026 MB, Compressed Oops mode: 32-bit
Narrow klass base: 0x0000000000000000, Narrow klass shift: 3
Compressed class space size: 1073741824 Address: 0x0000000100000000

Heap:
 PSYoungGen      total 53760K, used 33208K [0x00000000d5d00000, 0x00000000da800000, 0x0000000100000000)
  eden space 48640K, 68% used [0x00000000d5d00000,0x00000000d7d6e1e8,0x00000000d8c80000)
  from space 5120K, 0% used [0x00000000da300000,0x00000000da300000,0x00000000da800000)
  to   space 5120K, 0% used [0x00000000d9e00000,0x00000000d9e00000,0x00000000da300000)
 ParOldGen       total 66560K, used 15116K [0x0000000081600000, 0x0000000085700000, 0x00000000d5d00000)
  object space 66560K, 22% used [0x0000000081600000,0x00000000824c33e0,0x0000000085700000)
 Metaspace       used 37327K, capacity 37872K, committed 38064K, reserved 1083392K
  class space    used 4762K, capacity 4921K, committed 5040K, reserved 1048576K

Card table byte_map: [0x0000000011990000,0x0000000011d90000] byte_map_base: 0x0000000011585000

Marking Bits: (ParMarkBitMap*) 0x000000006fc0f030
 Begin Bits: [0x0000000012440000, 0x00000000143e8000)
 End Bits:   [0x00000000143e8000, 0x0000000016390000)

Polling page: 0x00000000005d0000

CodeCache: size=245760Kb used=9049Kb max_used=9049Kb free=236711Kb
 bounds [0x00000000025d0000, 0x0000000002eb0000, 0x00000000115d0000]
 total_blobs=3308 nmethods=2865 adapters=356
 compilation: enabled

Compilation events (10 events):
Event: 4.180 Thread 0x0000000017179000 2889       2       java.util.LinkedHashMap::entrySet (27 bytes)
Event: 4.181 Thread 0x0000000017179000 nmethod 2889 0x0000000002eabd90 code [0x0000000002eabee0, 0x0000000002eac0d0]
Event: 4.181 Thread 0x0000000017179000 2890       2       java.util.LinkedHashMap$LinkedEntrySet::iterator (12 bytes)
Event: 4.181 Thread 0x0000000017179000 nmethod 2890 0x0000000002eac150 code [0x0000000002eac2a0, 0x0000000002eac490]
Event: 4.181 Thread 0x0000000017179000 2891       2       java.util.LinkedHashMap$LinkedEntryIterator::<init> (11 bytes)
Event: 4.181 Thread 0x0000000017179000 nmethod 2891 0x0000000002eac590 code [0x0000000002eac6e0, 0x0000000002eac890]
Event: 4.181 Thread 0x0000000017179000 2892       2       java.util.HashMap::putVal (300 bytes)
Event: 4.182 Thread 0x0000000017179000 nmethod 2892 0x0000000002eac950 code [0x0000000002eacb60, 0x0000000002ead278]
Event: 4.187 Thread 0x0000000017179000 2893       1       org.jetbrains.kotlin.name.Name::isSpecial (5 bytes)
Event: 4.187 Thread 0x0000000017179000 nmethod 2893 0x0000000002ead8d0 code [0x0000000002eada20, 0x0000000002eadb30]

GC Heap History (10 events):
Event: 1.789 GC heap before
{Heap before GC invocations=4 (full 1):
 PSYoungGen      total 38400K, used 5088K [0x00000000d5d00000, 0x00000000da800000, 0x0000000100000000)
  eden space 33280K, 0% used [0x00000000d5d00000,0x00000000d5d00000,0x00000000d7d80000)
  from space 5120K, 99% used [0x00000000d7d80000,0x00000000d8278010,0x00000000d8280000)
  to   space 5120K, 0% used [0x00000000da300000,0x00000000da300000,0x00000000da800000)
 ParOldGen       total 87552K, used 11664K [0x0000000081600000, 0x0000000086b80000, 0x00000000d5d00000)
  object space 87552K, 13% used [0x0000000081600000,0x0000000082164010,0x0000000086b80000)
 Metaspace       used 20799K, capacity 21188K, committed 21296K, reserved 1069056K
  class space    used 2464K, capacity 2594K, committed 2608K, reserved 1048576K
Event: 1.829 GC heap after
Heap after GC invocations=4 (full 1):
 PSYoungGen      total 38400K, used 0K [0x00000000d5d00000, 0x00000000da800000, 0x0000000100000000)
  eden space 33280K, 0% used [0x00000000d5d00000,0x00000000d5d00000,0x00000000d7d80000)
  from space 5120K, 0% used [0x00000000d7d80000,0x00000000d7d80000,0x00000000d8280000)
  to   space 5120K, 0% used [0x00000000da300000,0x00000000da300000,0x00000000da800000)
 ParOldGen       total 66560K, used 8992K [0x0000000081600000, 0x0000000085700000, 0x00000000d5d00000)
  object space 66560K, 13% used [0x0000000081600000,0x0000000081ec8260,0x0000000085700000)
 Metaspace       used 20799K, capacity 21188K, committed 21296K, reserved 1069056K
  class space    used 2464K, capacity 2594K, committed 2608K, reserved 1048576K
}
Event: 2.632 GC heap before
{Heap before GC invocations=5 (full 1):
 PSYoungGen      total 38400K, used 33280K [0x00000000d5d00000, 0x00000000da800000, 0x0000000100000000)
  eden space 33280K, 100% used [0x00000000d5d00000,0x00000000d7d80000,0x00000000d7d80000)
  from space 5120K, 0% used [0x00000000d7d80000,0x00000000d7d80000,0x00000000d8280000)
  to   space 5120K, 0% used [0x00000000da300000,0x00000000da300000,0x00000000da800000)
 ParOldGen       total 66560K, used 8992K [0x0000000081600000, 0x0000000085700000, 0x00000000d5d00000)
  object space 66560K, 13% used [0x0000000081600000,0x0000000081ec8260,0x0000000085700000)
 Metaspace       used 24594K, capacity 25094K, committed 25264K, reserved 1071104K
  class space    used 2939K, capacity 3121K, committed 3248K, reserved 1048576K
Event: 2.648 GC heap after
Heap after GC invocations=5 (full 1):
 PSYoungGen      total 53760K, used 5097K [0x00000000d5d00000, 0x00000000da800000, 0x0000000100000000)
  eden space 48640K, 0% used [0x00000000d5d00000,0x00000000d5d00000,0x00000000d8c80000)
  from space 5120K, 99% used [0x00000000da300000,0x00000000da7fa470,0x00000000da800000)
  to   space 5120K, 0% used [0x00000000d9e00000,0x00000000d9e00000,0x00000000da300000)
 ParOldGen       total 66560K, used 11604K [0x0000000081600000, 0x0000000085700000, 0x00000000d5d00000)
  object space 66560K, 17% used [0x0000000081600000,0x00000000821550e0,0x0000000085700000)
 Metaspace       used 24594K, capacity 25094K, committed 25264K, reserved 1071104K
  class space    used 2939K, capacity 3121K, committed 3248K, reserved 1048576K
}
Event: 3.568 GC heap before
{Heap before GC invocations=6 (full 1):
 PSYoungGen      total 53760K, used 53737K [0x00000000d5d00000, 0x00000000da800000, 0x0000000100000000)
  eden space 48640K, 100% used [0x00000000d5d00000,0x00000000d8c80000,0x00000000d8c80000)
  from space 5120K, 99% used [0x00000000da300000,0x00000000da7fa470,0x00000000da800000)
  to   space 5120K, 0% used [0x00000000d9e00000,0x00000000d9e00000,0x00000000da300000)
 ParOldGen       total 66560K, used 11604K [0x0000000081600000, 0x0000000085700000, 0x00000000d5d00000)
  object space 66560K, 17% used [0x0000000081600000,0x00000000821550e0,0x0000000085700000)
 Metaspace       used 33655K, capacity 34116K, committed 34480K, reserved 1079296K
  class space    used 4344K, capacity 4476K, committed 4528K, reserved 1048576K
Event: 3.584 GC heap after
Heap after GC invocations=6 (full 1):
 PSYoungGen      total 53760K, used 5091K [0x00000000d5d00000, 0x00000000da800000, 0x0000000100000000)
  eden space 48640K, 0% used [0x00000000d5d00000,0x00000000d5d00000,0x00000000d8c80000)
  from space 5120K, 99% used [0x00000000d9e00000,0x00000000da2f8c20,0x00000000da300000)
  to   space 5120K, 0% used [0x00000000da300000,0x00000000da300000,0x00000000da800000)
 ParOldGen       total 66560K, used 23967K [0x0000000081600000, 0x0000000085700000, 0x00000000d5d00000)
  object space 66560K, 36% used [0x0000000081600000,0x0000000082d67e70,0x0000000085700000)
 Metaspace       used 33655K, capacity 34116K, committed 34480K, reserved 1079296K
  class space    used 4344K, capacity 4476K, committed 4528K, reserved 1048576K
}
Event: 3.714 GC heap before
{Heap before GC invocations=7 (full 1):
 PSYoungGen      total 53760K, used 10987K [0x00000000d5d00000, 0x00000000da800000, 0x0000000100000000)
  eden space 48640K, 12% used [0x00000000d5d00000,0x00000000d62c20e8,0x00000000d8c80000)
  from space 5120K, 99% used [0x00000000d9e00000,0x00000000da2f8c20,0x00000000da300000)
  to   space 5120K, 0% used [0x00000000da300000,0x00000000da300000,0x00000000da800000)
 ParOldGen       total 66560K, used 23967K [0x0000000081600000, 0x0000000085700000, 0x00000000d5d00000)
  object space 66560K, 36% used [0x0000000081600000,0x0000000082d67e70,0x0000000085700000)
 Metaspace       used 34831K, capacity 35373K, committed 35496K, reserved 1081344K
  class space    used 4470K, capacity 4626K, committed 4656K, reserved 1048576K
Event: 3.721 GC heap after
Heap after GC invocations=7 (full 1):
 PSYoungGen      total 53760K, used 5091K [0x00000000d5d00000, 0x00000000da800000, 0x0000000100000000)
  eden space 48640K, 0% used [0x00000000d5d00000,0x00000000d5d00000,0x00000000d8c80000)
  from space 5120K, 99% used [0x00000000da300000,0x00000000da7f8c20,0x00000000da800000)
  to   space 5120K, 0% used [0x00000000d9e00000,0x00000000d9e00000,0x00000000da300000)
 ParOldGen       total 66560K, used 25201K [0x0000000081600000, 0x0000000085700000, 0x00000000d5d00000)
  object space 66560K, 37% used [0x0000000081600000,0x0000000082e9c478,0x0000000085700000)
 Metaspace       used 34831K, capacity 35373K, committed 35496K, reserved 1081344K
  class space    used 4470K, capacity 4626K, committed 4656K, reserved 1048576K
}
Event: 3.721 GC heap before
{Heap before GC invocations=8 (full 2):
 PSYoungGen      total 53760K, used 5091K [0x00000000d5d00000, 0x00000000da800000, 0x0000000100000000)
  eden space 48640K, 0% used [0x00000000d5d00000,0x00000000d5d00000,0x00000000d8c80000)
  from space 5120K, 99% used [0x00000000da300000,0x00000000da7f8c20,0x00000000da800000)
  to   space 5120K, 0% used [0x00000000d9e00000,0x00000000d9e00000,0x00000000da300000)
 ParOldGen       total 66560K, used 25201K [0x0000000081600000, 0x0000000085700000, 0x00000000d5d00000)
  object space 66560K, 37% used [0x0000000081600000,0x0000000082e9c478,0x0000000085700000)
 Metaspace       used 34831K, capacity 35373K, committed 35496K, reserved 1081344K
  class space    used 4470K, capacity 4626K, committed 4656K, reserved 1048576K
Event: 3.801 GC heap after
Heap after GC invocations=8 (full 2):
 PSYoungGen      total 53760K, used 0K [0x00000000d5d00000, 0x00000000da800000, 0x0000000100000000)
  eden space 48640K, 0% used [0x00000000d5d00000,0x00000000d5d00000,0x00000000d8c80000)
  from space 5120K, 0% used [0x00000000da300000,0x00000000da300000,0x00000000da800000)
  to   space 5120K, 0% used [0x00000000d9e00000,0x00000000d9e00000,0x00000000da300000)
 ParOldGen       total 66560K, used 15116K [0x0000000081600000, 0x0000000085700000, 0x00000000d5d00000)
  object space 66560K, 22% used [0x0000000081600000,0x00000000824c33e0,0x0000000085700000)
 Metaspace       used 34831K, capacity 35373K, committed 35496K, reserved 1081344K
  class space    used 4470K, capacity 4626K, committed 4656K, reserved 1048576K
}

Deoptimization events (10 events):
Event: 3.627 Thread 0x00000000024c5000 Uncommon trap: reason=class_check action=maybe_recompile pc=0x0000000002ab88c4 method=org.jetbrains.kotlin.com.intellij.util.text.ByteArrayCharSequence.toBytesIfPossible(Ljava/lang/CharSequence;)[B @ 25
Event: 3.647 Thread 0x00000000024c5000 Uncommon trap: reason=bimorphic action=maybe_recompile pc=0x00000000029d3514 method=java.util.HashMap.putVal(ILjava/lang/Object;Ljava/lang/Object;ZZ)Ljava/lang/Object; @ 203
Event: 3.648 Thread 0x00000000024c5000 Uncommon trap: reason=class_check action=maybe_recompile pc=0x0000000002ab88c4 method=org.jetbrains.kotlin.com.intellij.util.text.ByteArrayCharSequence.toBytesIfPossible(Ljava/lang/CharSequence;)[B @ 25
Event: 3.652 Thread 0x00000000024c5000 Uncommon trap: reason=bimorphic action=maybe_recompile pc=0x00000000029d3514 method=java.util.HashMap.putVal(ILjava/lang/Object;Ljava/lang/Object;ZZ)Ljava/lang/Object; @ 203
Event: 3.816 Thread 0x00000000024c5000 Uncommon trap: reason=bimorphic action=maybe_recompile pc=0x0000000002b97c80 method=org.jetbrains.kotlin.protobuf.CodedInputStream.tryRefillBuffer(I)Z @ 177
Event: 3.817 Thread 0x00000000024c5000 Uncommon trap: reason=bimorphic action=maybe_recompile pc=0x0000000002b97c80 method=org.jetbrains.kotlin.protobuf.CodedInputStream.tryRefillBuffer(I)Z @ 177
Event: 3.818 Thread 0x00000000024c5000 Uncommon trap: reason=bimorphic action=maybe_recompile pc=0x0000000002b97c80 method=org.jetbrains.kotlin.protobuf.CodedInputStream.tryRefillBuffer(I)Z @ 177
Event: 3.821 Thread 0x00000000024c5000 Uncommon trap: reason=bimorphic action=maybe_recompile pc=0x0000000002b97c80 method=org.jetbrains.kotlin.protobuf.CodedInputStream.tryRefillBuffer(I)Z @ 177
Event: 3.873 Thread 0x00000000024c5000 Uncommon trap: reason=bimorphic action=maybe_recompile pc=0x0000000002b959a0 method=org.jetbrains.kotlin.protobuf.CodedInputStream.tryRefillBuffer(I)Z @ 177
Event: 4.181 Thread 0x00000000024c5000 Uncommon trap: reason=bimorphic action=maybe_recompile pc=0x00000000029b82b8 method=java.util.HashMap.putVal(ILjava/lang/Object;Ljava/lang/Object;ZZ)Ljava/lang/Object; @ 203

Classes redefined (0 events):
No events

Internal exceptions (10 events):
Event: 1.435 Thread 0x00000000024c5000 Exception <a 'java/lang/NoSuchMethodError': java.lang.Object.lambda$comparing$77a9974f$1(Ljava/util/function/Function;Ljava/lang/Object;Ljava/lang/Object;)I> (0x00000000d5dd2178) thrown at [C:\src\AOSP-openjdk-git\hotspot\src\share\vm\interpreter\linkReso
Event: 1.455 Thread 0x00000000024c5000 Exception <a 'java/lang/NoSuchMethodError': java.lang.Object.lambda$static$0()J> (0x00000000d5ed5a50) thrown at [C:\src\AOSP-openjdk-git\hotspot\src\share\vm\interpreter\linkResolver.cpp, line 620]
Event: 1.615 Thread 0x00000000024c5000 Exception <a 'java/lang/NoSuchMethodError': java.lang.Object.lambda$static$0(I)[Lorg/jetbrains/kotlin/com/intellij/openapi/editor/event/DocumentListener;> (0x00000000d6661be8) thrown at [C:\src\AOSP-openjdk-git\hotspot\src\share\vm\interpreter\linkResolve
Event: 1.661 Thread 0x00000000024c5000 Exception <a 'java/lang/NoSuchMethodError': java.lang.Object.lambda$static$0(I)[Lorg/jetbrains/kotlin/com/intellij/psi/PsiAnnotation;> (0x00000000d687f5c0) thrown at [C:\src\AOSP-openjdk-git\hotspot\src\share\vm\interpreter\linkResolver.cpp, line 620]
Event: 1.770 Thread 0x00000000024c5000 Exception <a 'java/lang/NoSuchMethodError': java.lang.Object.lambda$static$0(I)[Lorg/jetbrains/kotlin/com/intellij/psi/PsiElement;> (0x00000000d6dc7e10) thrown at [C:\src\AOSP-openjdk-git\hotspot\src\share\vm\interpreter\linkResolver.cpp, line 620]
Event: 2.874 Thread 0x00000000024c5000 Exception <a 'java/lang/ArrayIndexOutOfBoundsException': 126> (0x00000000d66a55a0) thrown at [C:\src\AOSP-openjdk-git\hotspot\src\share\vm\interpreter\interpreterRuntime.cpp, line 368]
Event: 2.874 Thread 0x00000000024c5000 Exception <a 'java/lang/ArrayIndexOutOfBoundsException': 86> (0x00000000d66a6a28) thrown at [C:\src\AOSP-openjdk-git\hotspot\src\share\vm\interpreter\interpreterRuntime.cpp, line 368]
Event: 3.607 Thread 0x00000000024c5000 Exception <a 'java/lang/NoSuchMethodError': java.lang.Object.lambda$static$0(I)[Lorg/jetbrains/kotlin/psi/KtExpression;> (0x00000000d5d3cab8) thrown at [C:\src\AOSP-openjdk-git\hotspot\src\share\vm\interpreter\linkResolver.cpp, line 620]
Event: 3.683 Thread 0x00000000024c5000 Exception <a 'java/lang/NoSuchMethodError': java.lang.Object.lambda$static$0(I)[Lorg/jetbrains/kotlin/psi/KtDeclaration;> (0x00000000d6038010) thrown at [C:\src\AOSP-openjdk-git\hotspot\src\share\vm\interpreter\linkResolver.cpp, line 620]
Event: 3.918 Thread 0x00000000024c5000 Exception <a 'java/lang/NoSuchMethodError': java.lang.Object.lambda$static$0(I)[Lorg/jetbrains/kotlin/psi/KtTypeElement;> (0x00000000d63824b0) thrown at [C:\src\AOSP-openjdk-git\hotspot\src\share\vm\interpreter\linkResolver.cpp, line 620]

Events (10 events):
Event: 4.192 loading class org/jetbrains/kotlin/descriptors/impl/AbstractTypeParameterDescriptor$TypeParameterTypeConstructor
Event: 4.192 loading class org/jetbrains/kotlin/descriptors/impl/AbstractTypeParameterDescriptor$TypeParameterTypeConstructor done
Event: 4.193 loading class org/jetbrains/kotlin/types/NullableSimpleType
Event: 4.193 loading class org/jetbrains/kotlin/types/NullableSimpleType done
Event: 4.193 loading class org/jetbrains/kotlin/types/DelegatingSimpleTypeImpl
Event: 4.193 loading class org/jetbrains/kotlin/types/DelegatingSimpleTypeImpl done
Event: 4.193 loading class org/jetbrains/kotlin/types/TypeWithEnhancement
Event: 4.193 loading class org/jetbrains/kotlin/types/TypeWithEnhancement done
Event: 4.194 loading class org/jetbrains/kotlin/types/DynamicTypesKt
Event: 4.194 loading class org/jetbrains/kotlin/types/DynamicTypesKt done


Dynamic libraries:
0x00007ff7044f0000 - 0x00007ff704521000 	C:\Program Files\Android\Android Studio\jre\jre\bin\java.exe
0x00007fff73520000 - 0x00007fff73710000 	C:\WINDOWS\SYSTEM32\ntdll.dll
0x00007fff71930000 - 0x00007fff719e2000 	C:\WINDOWS\System32\KERNEL32.DLL
0x00007fff704a0000 - 0x00007fff70744000 	C:\WINDOWS\System32\KERNELBASE.dll
0x00007fff72ea0000 - 0x00007fff72f43000 	C:\WINDOWS\System32\ADVAPI32.dll
0x00007fff72bb0000 - 0x00007fff72c4e000 	C:\WINDOWS\System32\msvcrt.dll
0x00007fff72e00000 - 0x00007fff72e97000 	C:\WINDOWS\System32\sechost.dll
0x00007fff71a20000 - 0x00007fff71b40000 	C:\WINDOWS\System32\RPCRT4.dll
0x00007fff72750000 - 0x00007fff728e4000 	C:\WINDOWS\System32\USER32.dll
0x00007fff708a0000 - 0x00007fff708c1000 	C:\WINDOWS\System32\win32u.dll
0x00007fff719f0000 - 0x00007fff71a16000 	C:\WINDOWS\System32\GDI32.dll
0x00007fff71410000 - 0x00007fff715a6000 	C:\WINDOWS\System32\gdi32full.dll
0x00007fff70be0000 - 0x00007fff70c7e000 	C:\WINDOWS\System32\msvcp_win.dll
0x00007fff709d0000 - 0x00007fff70aca000 	C:\WINDOWS\System32\ucrtbase.dll
0x00007fff60230000 - 0x00007fff604b4000 	C:\WINDOWS\WinSxS\amd64_microsoft.windows.common-controls_6595b64144ccf1df_6.0.18362.959_none_e6c7bbbf130c62bb\COMCTL32.dll
0x00007fff715f0000 - 0x00007fff71925000 	C:\WINDOWS\System32\combase.dll
0x00007fff70b60000 - 0x00007fff70be0000 	C:\WINDOWS\System32\bcryptPrimitives.dll
0x00007fff733c0000 - 0x00007fff733ee000 	C:\WINDOWS\System32\IMM32.DLL
0x000000006f360000 - 0x000000006f432000 	C:\Program Files\Android\Android Studio\jre\jre\bin\msvcr100.dll
0x000000006f440000 - 0x000000006fc8b000 	C:\Program Files\Android\Android Studio\jre\jre\bin\server\jvm.dll
0x00007fff733f0000 - 0x00007fff733f8000 	C:\WINDOWS\System32\PSAPI.DLL
0x00007fff6d0a0000 - 0x00007fff6d0a9000 	C:\WINDOWS\SYSTEM32\WSOCK32.dll
0x00007fff6cdf0000 - 0x00007fff6ce14000 	C:\WINDOWS\SYSTEM32\WINMM.dll
0x00007fff71c60000 - 0x00007fff71ccf000 	C:\WINDOWS\System32\WS2_32.dll
0x00007fff69ab0000 - 0x00007fff69aba000 	C:\WINDOWS\SYSTEM32\VERSION.dll
0x00007fff6cdc0000 - 0x00007fff6cded000 	C:\WINDOWS\SYSTEM32\WINMMBASE.dll
0x00007fff70980000 - 0x00007fff709ca000 	C:\WINDOWS\System32\cfgmgr32.dll
0x00007fff6d030000 - 0x00007fff6d03f000 	C:\Program Files\Android\Android Studio\jre\jre\bin\verify.dll
0x00007fff69d10000 - 0x00007fff69d39000 	C:\Program Files\Android\Android Studio\jre\jre\bin\java.dll
0x00007fff69b90000 - 0x00007fff69ba6000 	C:\Program Files\Android\Android Studio\jre\jre\bin\zip.dll
0x00007fff71e30000 - 0x00007fff72516000 	C:\WINDOWS\System32\SHELL32.dll
0x00007fff728f0000 - 0x00007fff72999000 	C:\WINDOWS\System32\shcore.dll
0x00007fff70c80000 - 0x00007fff71402000 	C:\WINDOWS\System32\windows.storage.dll
0x00007fff703e0000 - 0x00007fff70403000 	C:\WINDOWS\System32\profapi.dll
0x00007fff70450000 - 0x00007fff7049a000 	C:\WINDOWS\System32\powrprof.dll
0x00007fff703d0000 - 0x00007fff703e0000 	C:\WINDOWS\System32\UMPDC.dll
0x00007fff72b50000 - 0x00007fff72ba2000 	C:\WINDOWS\System32\shlwapi.dll
0x00007fff70410000 - 0x00007fff70421000 	C:\WINDOWS\System32\kernel.appcore.dll
0x00007fff715b0000 - 0x00007fff715c7000 	C:\WINDOWS\System32\cryptsp.dll
0x00007fff69490000 - 0x00007fff694aa000 	C:\Program Files\Android\Android Studio\jre\jre\bin\net.dll
0x00007fff6fc40000 - 0x00007fff6fca7000 	C:\WINDOWS\system32\mswsock.dll
0x00007fff69470000 - 0x00007fff69483000 	C:\Program Files\Android\Android Studio\jre\jre\bin\nio.dll

VM Arguments:
java_command: org.jetbrains.kotlin.cli.jvm.K2JVMCompiler -Xallow-no-source-files -classpath C:\Users\Chondro\AndroidStudioProjects\CornLeafDoctor\app\build\intermediates\compile_and_runtime_not_namespaced_r_class_jar\debug\R.jar;C:\Users\Chondro\.gradle\caches\transforms-2\files-2.1\3e8dc1072b3dc6d06f94c550fe8429a6\jetified-kotlin-android-extensions-runtime-1.3.72.jar;C:\Users\Chondro\.gradle\caches\transforms-2\files-2.1\341c5de26caac7a0c5effe778806029e\jetified-core-ktx-1.3.1-api.jar;C:\Users\Chondro\.gradle\caches\transforms-2\files-2.1\b87f47617c59ac9ee181a007f480e53f\jetified-kotlin-stdlib-1.3.72.jar;C:\Users\Chondro\.gradle\caches\transforms-2\files-2.1\481f4a34bee68d86b8ce8774eb15d925\jetified-kotlin-stdlib-common-1.3.72.jar;C:\Users\Chondro\.gradle\caches\transforms-2\files-2.1\8d2026e1436f86ed1258cdda39e32916\jetified-annotations-13.0.jar;C:\Users\Chondro\.gradle\caches\transforms-2\files-2.1\5fea399201e4ebe8a300ca8c1145aea9\appcompat-1.1.0-api.jar;C:\Users\Chondro\.gradle\caches\transforms-2\files-2.1\c4417d818a733e73a41458470f86b9be\fragment-1.1.0-api.jar;C:\Users\Chondro\.gradle\caches\transforms-2\files-2.1\ec83cef778bde28be5de5bb66a978584\jetified-appcompat-resources-1.1.0-api.jar;C:\Users\Chondro\.gradle\caches\transforms-2\files-2.1\4c8ff528696f7b6e27953e8d6eeb01a9\drawerlayout-1.0.0-api.jar;C:\Users\Chondro\.gradle\caches\transforms-2\files-2.1\a93c93c702050f703c78764de0b113e8\viewpager-1.0.0-api.jar;C:\Users\Chondro\.gradle\caches\transforms-2\files-2.1\7df8f94dfe2872df3e5d3da266742398\loader-1.0.0-api.jar;C:\Users\Chondro\.gradle\caches\transforms-2\files-2.1\333aea6011630b1791363616251d4039\jetified-activity-1.0.0-api.jar;C:\Users\Chondro\.gradle\caches\transforms-2\files-2.1\9bb80f26171acae195bade97293151c9\vectordrawable-animated-1.1.0-api.jar;C:\Users\Chondro\.gradle\caches\transforms-2\files-2.1\f1ec0feb275f3ee75c8446afd4ec38f1\vectordrawable-1.1.0-api.jar;C:\Users\Chondro\.gradle\caches\transforms-2\files-2.1\30e4ebab8ad3b301f3b8554edbe4a2
java_class_path (initial): C:\Users\Chondro\.gradle\caches\modules-2\files-2.1\org.jetbrains.kotlin\kotlin-compiler-embeddable\1.3.72\fb72232c8fa977d5e07d33c43381ddbdc5edab6\kotlin-compiler-embeddable-1.3.72.jar;C:\Users\Chondro\.gradle\caches\modules-2\files-2.1\org.jetbrains.kotlin\kotlin-reflect\1.3.72\86613e1a669a701b0c660bfd2af4f82a7ae11fca\kotlin-reflect-1.3.72.jar;C:\Users\Chondro\.gradle\caches\modules-2\files-2.1\org.jetbrains.kotlin\kotlin-stdlib\1.3.72\8032138f12c0180bc4e51fe139d4c52b46db6109\kotlin-stdlib-1.3.72.jar;C:\Users\Chondro\.gradle\caches\modules-2\files-2.1\org.jetbrains.kotlin\kotlin-script-runtime\1.3.72\657d8d34d91e1964b4439378c09933e840bfe8d5\kotlin-script-runtime-1.3.72.jar;C:\Users\Chondro\.gradle\caches\modules-2\files-2.1\org.jetbrains.kotlin\kotlin-daemon-embeddable\1.3.72\53bbaa2816dbf6bdb85f629451b1fcc88f2164d2\kotlin-daemon-embeddable-1.3.72.jar;C:\Users\Chondro\.gradle\caches\modules-2\files-2.1\org.jetbrains.intellij.deps\trove4j\1.0.20181211\216c2e14b070f334479d800987affe4054cd563f\trove4j-1.0.20181211.jar;C:\Users\Chondro\.gradle\caches\modules-2\files-2.1\org.jetbrains.kotlin\kotlin-stdlib-common\1.3.72\6ca8bee3d88957eaaaef077c41c908c9940492d8\kotlin-stdlib-common-1.3.72.jar;C:\Users\Chondro\.gradle\caches\modules-2\files-2.1\org.jetbrains\annotations\13.0\919f0dfe192fb4e063e7dacadee7f8bb9a2672a9\annotations-13.0.jar;C:\Program Files\Android\Android Studio\jre\lib\tools.jar
Launcher Type: SUN_STANDARD

Environment Variables:
PATH=C:\Program Files (x86)\Common Files\Oracle\Java\javapath;C:\Program Files (x86)\Python38-32\Scripts\;C:\Program Files (x86)\Python38-32\;C:\WINDOWS\system32;C:\WINDOWS;C:\WINDOWS\System32\Wbem;C:\WINDOWS\System32\WindowsPowerShell\v1.0\;C:\WINDOWS\System32\OpenSSH\;C:\Program Files\NVIDIA Corporation\NVIDIA NvDLISR;C:\Program Files (x86)\NVIDIA Corporation\PhysX\Common;C:\Program Files\Microsoft SQL Server\Client SDK\ODBC\130\Tools\Binn\;C:\Program Files (x86)\Microsoft SQL Server\140\Tools\Binn\;C:\Program Files\Microsoft SQL Server\140\Tools\Binn\;C:\Program Files\Microsoft SQL Server\140\DTS\Binn\;C:\Program Files (x86)\Microsoft SQL Server\150\DTS\Binn\;C:\Program Files\Microsoft VS Code\bin;C:\Program Files\Microsoft SQL Server\130\Tools\Binn\;C:\Program Files\Microsoft SQL Server\Client SDK\ODBC\170\Tools\Binn\;C:\Program Files\Java\jdk-13.0.1\bin;C:\Program Files\MongoDB\Server\4.2\bin;C:\Program Files\Git\cmd;C:\Program Files\nodejs\;C:\Go\bin;C:\Program Files\dotnet\;C:\Users\Chondro\AppData\Local\Microsoft\WindowsApps;C:\Users\Chondro\.dotnet\tools;C:\Users\Chondro\AppData\Roaming\npm;C:\Users\Chondro\go\bin
USERNAME=Chondro
OS=Windows_NT
PROCESSOR_IDENTIFIER=Intel64 Family 6 Model 78 Stepping 3, GenuineIntel



---------------  S Y S T E M  ---------------

OS: Windows 10.0 , 64 bit Build 18362 (10.0.18362.959)

CPU:total 4 (initial active 4) (2 cores per cpu, 2 threads per core) family 6 model 78 stepping 3, cmov, cx8, fxsr, mmx, sse, sse2, sse3, ssse3, sse4.1, sse4.2, popcnt, avx, avx2, aes, clmul, erms, 3dnowpref, lzcnt, ht, tsc, tscinvbit, bmi1, bmi2, adx

Memory: 4k page, physical 8292256k(746092k free), swap 8292256k(5296k free)

vm_info: OpenJDK 64-Bit Server VM (25.242-b01) for windows-amd64 JRE (1.8.0_242-release-1644-b01), built by "builder" with MS VC++ 10.0 (VS2010)

time: Tue Aug 11 21:09:41 2020
timezone: SE Asia Standard Time
elapsed time: 4 seconds (0d 0h 0m 4s)

