#
# There is insufficient memory for the Java Runtime Environment to continue.
# Native memory allocation (malloc) failed to allocate 304176 bytes for Chunk::new
# Possible reasons:
#   The system is out of physical RAM or swap space
#   The process is running with CompressedOops enabled, and the Java Heap may be blocking the growth of the native heap
# Possible solutions:
#   Reduce memory load on the system
#   Increase physical memory or swap space
#   Check if swap backing store is full
#   Decrease Java heap size (-Xmx/-Xms)
#   Decrease number of Java threads
#   Decrease Java thread stack sizes (-Xss)
#   Set larger code cache with -XX:ReservedCodeCacheSize=
#   JVM is running with Unscaled Compressed Oops mode in which the Java heap is
#     placed in the first 4GB address space. The Java Heap base address is the
#     maximum limit for the native heap growth. Please use -XX:HeapBaseMinAddress
#     to set the Java Heap base and to place the Java Heap above 4GB virtual address.
# This output file may be truncated or incomplete.
#
#  Out of Memory Error (allocation.cpp:389), pid=12140, tid=0x0000000000001e3c
#
# JRE version: OpenJDK Runtime Environment (8.0_242-b01) (build 1.8.0_242-release-1644-b01)
# Java VM: OpenJDK 64-Bit Server VM (25.242-b01 mixed mode windows-amd64 compressed oops)
# Failed to write core dump. Minidumps are not enabled by default on client versions of Windows
#

---------------  T H R E A D  ---------------

Current thread (0x0000000017eee000):  JavaThread "C2 CompilerThread1" daemon [_thread_in_native, id=7740, stack(0x0000000019630000,0x0000000019730000)]

Stack: [0x0000000019630000,0x0000000019730000]
[error occurred during error reporting (printing stack bounds), id 0xc0000005]

Native frames: (J=compiled Java code, j=interpreted, Vv=VM code, C=native code)


Current CompileTask:
C2:  13505 7502       4       com.sun.org.apache.xerces.internal.dom.DeferredDocumentImpl::ensureCapacity (358 bytes)


---------------  P R O C E S S  ---------------

Java Threads: ( => current thread )
  0x000000001aa5b000 JavaThread "Cache worker for execution history cache (C:\Users\Chondro\AndroidStudioProjects\CornLeafDoctor\.gradle\6.1.1\executionHistory)" [_thread_blocked, id=7120, stack(0x0000000025f70000,0x0000000026070000)]
  0x000000001aa58000 JavaThread "Execution worker for ':' Thread 3" [_thread_blocked, id=11048, stack(0x00000000257f0000,0x00000000258f0000)]
  0x000000001aa5a800 JavaThread "Execution worker for ':' Thread 2" [_thread_blocked, id=12264, stack(0x0000000025010000,0x0000000025110000)]
  0x000000001aa56000 JavaThread "Execution worker for ':'" [_thread_in_Java, id=9708, stack(0x0000000024ce0000,0x0000000024de0000)]
  0x000000001aa5c800 JavaThread "Cache worker for file content cache (C:\Users\Chondro\AndroidStudioProjects\CornLeafDoctor\.gradle\6.1.1\fileContent)" [_thread_blocked, id=9052, stack(0x0000000024be0000,0x0000000024ce0000)]
  0x000000001e096800 JavaThread "Cache worker for file content cache (C:\Users\Chondro\.gradle\caches\6.1.1\fileContent)" [_thread_blocked, id=3256, stack(0x0000000024ae0000,0x0000000024be0000)]
  0x000000001e096000 JavaThread "Memory manager" [_thread_blocked, id=11744, stack(0x0000000023100000,0x0000000023200000)]
  0x000000001e095000 JavaThread "Cache worker for Build Output Cleanup Cache (C:\Users\Chondro\AndroidStudioProjects\CornLeafDoctor\.gradle\buildOutputCleanup)" [_thread_blocked, id=11028, stack(0x0000000023210000,0x0000000023310000)]
  0x000000001e093800 JavaThread "Build operations Thread 4" [_thread_blocked, id=1452, stack(0x0000000022a00000,0x0000000022b00000)]
  0x000000001e091800 JavaThread "Build operations Thread 3" [_thread_blocked, id=2076, stack(0x0000000022900000,0x0000000022a00000)]
  0x000000001e093000 JavaThread "Build operations Thread 2" [_thread_blocked, id=8348, stack(0x0000000022520000,0x0000000022620000)]
  0x000000001e092000 JavaThread "Build operations" [_thread_blocked, id=11100, stack(0x0000000022420000,0x0000000022520000)]
  0x000000001a7f5000 JavaThread "Cache worker for execution history cache (C:\Users\Chondro\.gradle\caches\6.1.1\executionHistory)" [_thread_blocked, id=6056, stack(0x0000000021670000,0x0000000021770000)]
  0x000000001a7f3000 JavaThread "Cache worker for cache directory md-rule (C:\Users\Chondro\.gradle\caches\6.1.1\md-rule)" [_thread_blocked, id=8336, stack(0x00000000202f0000,0x00000000203f0000)]
  0x000000001a7f7800 JavaThread "Cache worker for cache directory md-supplier (C:\Users\Chondro\.gradle\caches\6.1.1\md-supplier)" [_thread_blocked, id=6992, stack(0x00000000201f0000,0x00000000202f0000)]
  0x000000001a7f8800 JavaThread "Cache worker for file hash cache (C:\Users\Chondro\AndroidStudioProjects\CornLeafDoctor\.gradle\6.1.1\fileHashes)" [_thread_blocked, id=7744, stack(0x0000000021570000,0x0000000021670000)]
  0x000000001a7f4800 JavaThread "Cache worker for checksums cache (C:\Users\Chondro\AndroidStudioProjects\CornLeafDoctor\.gradle\checksums)" [_thread_blocked, id=7416, stack(0x00000000204a0000,0x00000000205a0000)]
  0x000000001a7f3800 JavaThread "Cache worker for file hash cache (C:\Users\Chondro\.gradle\caches\6.1.1\fileHashes)" [_thread_blocked, id=12588, stack(0x000000001dc50000,0x000000001dd50000)]
  0x000000001a7f6000 JavaThread "File lock request listener" [_thread_in_native, id=13264, stack(0x000000001db50000,0x000000001dc50000)]
  0x000000001bb14000 JavaThread "Cache worker for journal cache (C:\Users\Chondro\.gradle\caches\journal-1)" [_thread_blocked, id=500, stack(0x000000001da50000,0x000000001db50000)]
  0x000000001ba8b800 JavaThread "Thread-9" [_thread_blocked, id=10736, stack(0x000000001d750000,0x000000001d850000)]
  0x000000001ba8d800 JavaThread "Stdin handler" [_thread_blocked, id=4816, stack(0x000000001d650000,0x000000001d750000)]
  0x000000001ba57800 JavaThread "Asynchronous log dispatcher for DefaultDaemonConnection: socket connection from /127.0.0.1:58715 to /127.0.0.1:58716" [_thread_blocked, id=9912, stack(0x000000001d550000,0x000000001d650000)]
  0x000000001baa4800 JavaThread "Daemon worker" [_thread_blocked, id=7232, stack(0x000000001d450000,0x000000001d550000)]
  0x000000001ba8f000 JavaThread "Cancel handler" [_thread_blocked, id=8832, stack(0x000000001d350000,0x000000001d450000)]
  0x000000001b915000 JavaThread "Handler for socket connection from /127.0.0.1:58715 to /127.0.0.1:58716" [_thread_in_native, id=8680, stack(0x000000001d050000,0x000000001d150000)]
  0x000000001b912800 JavaThread "Daemon" [_thread_blocked, id=12004, stack(0x000000001cf50000,0x000000001d050000)]
  0x000000001b9f1800 JavaThread "Daemon periodic checks" [_thread_blocked, id=3224, stack(0x000000001ce50000,0x000000001cf50000)]
  0x000000001b9f0800 JavaThread "Incoming local TCP Connector on port 58715" [_thread_in_native, id=6156, stack(0x000000001cc10000,0x000000001cd10000)]
  0x0000000019e79000 JavaThread "Daemon health stats" [_thread_blocked, id=8584, stack(0x000000001c5d0000,0x000000001c6d0000)]
  0x0000000019858800 JavaThread "Service Thread" daemon [_thread_blocked, id=7144, stack(0x0000000019c30000,0x0000000019d30000)]
  0x0000000017ef6800 JavaThread "C1 CompilerThread2" daemon [_thread_in_native, id=4008, stack(0x0000000019730000,0x0000000019830000)]
=>0x0000000017eee000 JavaThread "C2 CompilerThread1" daemon [_thread_in_native, id=7740, stack(0x0000000019630000,0x0000000019730000)]
  0x0000000017ee4000 JavaThread "C2 CompilerThread0" daemon [_thread_in_native, id=12372, stack(0x0000000019530000,0x0000000019630000)]
  0x0000000017ee8800 JavaThread "Attach Listener" daemon [_thread_blocked, id=3816, stack(0x0000000019430000,0x0000000019530000)]
  0x0000000017ee7800 JavaThread "Signal Dispatcher" daemon [_thread_blocked, id=2160, stack(0x0000000019330000,0x0000000019430000)]
  0x000000000328b800 JavaThread "Finalizer" daemon [_thread_blocked, id=7200, stack(0x0000000019130000,0x0000000019230000)]
  0x0000000017ec9000 JavaThread "Reference Handler" daemon [_thread_blocked, id=11420, stack(0x0000000019030000,0x0000000019130000)]
  0x0000000003192800 JavaThread "main" [_thread_blocked, id=7968, stack(0x0000000003090000,0x0000000003190000)]

Other Threads:
  0x0000000017ea6800 VMThread [stack: 0x0000000018f30000,0x0000000019030000] [id=7892]
  0x0000000017f23000 WatcherThread [stack: 0x0000000019d30000,0x0000000019e30000] [id=13188]

VM state:not at safepoint (normal execution)

VM Mutex/Monitor currently owned by a thread: None

heap address: 0x0000000080000000, size: 2048 MB, Compressed Oops mode: 32-bit
Narrow klass base: 0x0000000000000000, Narrow klass shift: 3
Compressed class space size: 1073741824 Address: 0x0000000100000000

Heap:
 PSYoungGen      total 199168K, used 164342K [0x00000000d5580000, 0x00000000e2d00000, 0x0000000100000000)
  eden space 183296K, 89% used [0x00000000d5580000,0x00000000df5fd998,0x00000000e0880000)
  from space 15872K, 0% used [0x00000000e0e00000,0x00000000e0e00000,0x00000000e1d80000)
  to   space 13312K, 0% used [0x00000000e2000000,0x00000000e2000000,0x00000000e2d00000)
 ParOldGen       total 99328K, used 38173K [0x0000000080000000, 0x0000000086100000, 0x00000000d5580000)
  object space 99328K, 38% used [0x0000000080000000,0x00000000825475e0,0x0000000086100000)
 Metaspace       used 64182K, capacity 66918K, committed 66968K, reserved 1107968K
  class space    used 8797K, capacity 9348K, committed 9392K, reserved 1048576K

Card table byte_map: [0x0000000012650000,0x0000000012a60000] byte_map_base: 0x0000000012250000

Marking Bits: (ParMarkBitMap*) 0x000000006fc0f030
 Begin Bits: [0x0000000013110000, 0x0000000015110000)
 End Bits:   [0x0000000015110000, 0x0000000017110000)

Polling page: 0x0000000001890000

CodeCache: size=245760Kb used=20403Kb max_used=20403Kb free=225356Kb
 bounds [0x0000000003290000, 0x00000000046a0000, 0x0000000012290000]
 total_blobs=7501 nmethods=6695 adapters=719
 compilation: enabled

Compilation events (10 events):
Event: 13.492 Thread 0x0000000017ef6800 nmethod 7554 0x0000000003c4d8d0 code [0x0000000003c4da60, 0x0000000003c4dd58]
Event: 13.492 Thread 0x0000000017ef6800 7555       3       com.sun.org.apache.xerces.internal.dom.ParentNode::lastChild (19 bytes)
Event: 13.492 Thread 0x0000000017ef6800 nmethod 7555 0x000000000383ed10 code [0x000000000383ee80, 0x000000000383f050]
Event: 13.492 Thread 0x0000000017ef6800 7552       3       com.sun.org.apache.xerces.internal.dom.AttrNSImpl::getLocalName (16 bytes)
Event: 13.493 Thread 0x0000000017ef6800 nmethod 7552 0x000000000383e750 code [0x000000000383e8c0, 0x000000000383ec68]
Event: 13.499 Thread 0x0000000017ef6800 7557       3       com.android.ide.common.resources.NodeUtils::getAttribute (29 bytes)
Event: 13.500 Thread 0x0000000017ef6800 nmethod 7557 0x000000000383da90 code [0x000000000383dc60, 0x000000000383e498]
Event: 13.500 Thread 0x0000000017ef6800 7558   !   3       com.android.ide.common.resources.ResourceMergerItem::getKey (204 bytes)
Event: 13.503 Thread 0x0000000017ef6800 nmethod 7558 0x000000000468da50 code [0x000000000468de80, 0x0000000004690a98]
Event: 13.503 Thread 0x0000000017ef6800 7562       3       com.sun.org.apache.xerces.internal.dom.ParentNode::nodeListItem (226 bytes)

GC Heap History (10 events):
Event: 5.740 GC heap before
{Heap before GC invocations=10 (full 1):
 PSYoungGen      total 134656K, used 125725K [0x00000000d5580000, 0x00000000de900000, 0x0000000100000000)
  eden space 125952K, 93% used [0x00000000d5580000,0x00000000dc7e4b28,0x00000000dd080000)
  from space 8704K, 98% used [0x00000000de080000,0x00000000de8e2a10,0x00000000de900000)
  to   space 11776K, 0% used [0x00000000dd200000,0x00000000dd200000,0x00000000ddd80000)
 ParOldGen       total 47104K, used 6980K [0x0000000080000000, 0x0000000082e00000, 0x00000000d5580000)
  object space 47104K, 14% used [0x0000000080000000,0x00000000806d1180,0x0000000082e00000)
 Metaspace       used 34516K, capacity 35426K, committed 35496K, reserved 1079296K
  class space    used 4742K, capacity 5002K, committed 5040K, reserved 1048576K
Event: 5.771 GC heap after
Heap after GC invocations=10 (full 1):
 PSYoungGen      total 139264K, used 11756K [0x00000000d5580000, 0x00000000e2d00000, 0x0000000100000000)
  eden space 127488K, 0% used [0x00000000d5580000,0x00000000d5580000,0x00000000dd200000)
  from space 11776K, 99% used [0x00000000dd200000,0x00000000ddd7b078,0x00000000ddd80000)
  to   space 13312K, 0% used [0x00000000e2000000,0x00000000e2000000,0x00000000e2d00000)
 ParOldGen       total 47104K, used 7399K [0x0000000080000000, 0x0000000082e00000, 0x00000000d5580000)
  object space 47104K, 15% used [0x0000000080000000,0x0000000080739e88,0x0000000082e00000)
 Metaspace       used 34516K, capacity 35426K, committed 35496K, reserved 1079296K
  class space    used 4742K, capacity 5002K, committed 5040K, reserved 1048576K
}
Event: 5.771 GC heap before
{Heap before GC invocations=11 (full 2):
 PSYoungGen      total 139264K, used 11756K [0x00000000d5580000, 0x00000000e2d00000, 0x0000000100000000)
  eden space 127488K, 0% used [0x00000000d5580000,0x00000000d5580000,0x00000000dd200000)
  from space 11776K, 99% used [0x00000000dd200000,0x00000000ddd7b078,0x00000000ddd80000)
  to   space 13312K, 0% used [0x00000000e2000000,0x00000000e2000000,0x00000000e2d00000)
 ParOldGen       total 47104K, used 7399K [0x0000000080000000, 0x0000000082e00000, 0x00000000d5580000)
  object space 47104K, 15% used [0x0000000080000000,0x0000000080739e88,0x0000000082e00000)
 Metaspace       used 34516K, capacity 35426K, committed 35496K, reserved 1079296K
  class space    used 4742K, capacity 5002K, committed 5040K, reserved 1048576K
Event: 5.874 GC heap after
Heap after GC invocations=11 (full 2):
 PSYoungGen      total 139264K, used 0K [0x00000000d5580000, 0x00000000e2d00000, 0x0000000100000000)
  eden space 127488K, 0% used [0x00000000d5580000,0x00000000d5580000,0x00000000dd200000)
  from space 11776K, 0% used [0x00000000dd200000,0x00000000dd200000,0x00000000ddd80000)
  to   space 13312K, 0% used [0x00000000e2000000,0x00000000e2000000,0x00000000e2d00000)
 ParOldGen       total 67072K, used 18670K [0x0000000080000000, 0x0000000084180000, 0x00000000d5580000)
  object space 67072K, 27% used [0x0000000080000000,0x000000008123bb78,0x0000000084180000)
 Metaspace       used 34516K, capacity 35426K, committed 35496K, reserved 1079296K
  class space    used 4742K, capacity 5002K, committed 5040K, reserved 1048576K
}
Event: 7.986 GC heap before
{Heap before GC invocations=12 (full 2):
 PSYoungGen      total 139264K, used 127488K [0x00000000d5580000, 0x00000000e2d00000, 0x0000000100000000)
  eden space 127488K, 100% used [0x00000000d5580000,0x00000000dd200000,0x00000000dd200000)
  from space 11776K, 0% used [0x00000000dd200000,0x00000000dd200000,0x00000000ddd80000)
  to   space 13312K, 0% used [0x00000000e2000000,0x00000000e2000000,0x00000000e2d00000)
 ParOldGen       total 67072K, used 18670K [0x0000000080000000, 0x0000000084180000, 0x00000000d5580000)
  object space 67072K, 27% used [0x0000000080000000,0x000000008123bb78,0x0000000084180000)
 Metaspace       used 44862K, capacity 46390K, committed 46640K, reserved 1089536K
  class space    used 6064K, capacity 6417K, committed 6448K, reserved 1048576K
Event: 8.015 GC heap after
Heap after GC invocations=12 (full 2):
 PSYoungGen      total 196608K, used 13283K [0x00000000d5580000, 0x00000000e2d00000, 0x0000000100000000)
  eden space 183296K, 0% used [0x00000000d5580000,0x00000000d5580000,0x00000000e0880000)
  from space 13312K, 99% used [0x00000000e2000000,0x00000000e2cf8e58,0x00000000e2d00000)
  to   space 15872K, 0% used [0x00000000e0e00000,0x00000000e0e00000,0x00000000e1d80000)
 ParOldGen       total 67072K, used 20530K [0x0000000080000000, 0x0000000084180000, 0x00000000d5580000)
  object space 67072K, 30% used [0x0000000080000000,0x000000008140cb88,0x0000000084180000)
 Metaspace       used 44862K, capacity 46390K, committed 46640K, reserved 1089536K
  class space    used 6064K, capacity 6417K, committed 6448K, reserved 1048576K
}
Event: 10.278 GC heap before
{Heap before GC invocations=13 (full 2):
 PSYoungGen      total 196608K, used 163164K [0x00000000d5580000, 0x00000000e2d00000, 0x0000000100000000)
  eden space 183296K, 81% used [0x00000000d5580000,0x00000000de7de208,0x00000000e0880000)
  from space 13312K, 99% used [0x00000000e2000000,0x00000000e2cf8e58,0x00000000e2d00000)
  to   space 15872K, 0% used [0x00000000e0e00000,0x00000000e0e00000,0x00000000e1d80000)
 ParOldGen       total 67072K, used 20530K [0x0000000080000000, 0x0000000084180000, 0x00000000d5580000)
  object space 67072K, 30% used [0x0000000080000000,0x000000008140cb88,0x0000000084180000)
 Metaspace       used 57031K, capacity 59064K, committed 59160K, reserved 1099776K
  class space    used 7709K, capacity 8163K, committed 8240K, reserved 1048576K
Event: 10.310 GC heap after
Heap after GC invocations=13 (full 2):
 PSYoungGen      total 199168K, used 15846K [0x00000000d5580000, 0x00000000e2d00000, 0x0000000100000000)
  eden space 183296K, 0% used [0x00000000d5580000,0x00000000d5580000,0x00000000e0880000)
  from space 15872K, 99% used [0x00000000e0e00000,0x00000000e1d79818,0x00000000e1d80000)
  to   space 13312K, 0% used [0x00000000e2000000,0x00000000e2000000,0x00000000e2d00000)
 ParOldGen       total 67072K, used 30511K [0x0000000080000000, 0x0000000084180000, 0x00000000d5580000)
  object space 67072K, 45% used [0x0000000080000000,0x0000000081dcbf30,0x0000000084180000)
 Metaspace       used 57031K, capacity 59064K, committed 59160K, reserved 1099776K
  class space    used 7709K, capacity 8163K, committed 8240K, reserved 1048576K
}
Event: 10.310 GC heap before
{Heap before GC invocations=14 (full 3):
 PSYoungGen      total 199168K, used 15846K [0x00000000d5580000, 0x00000000e2d00000, 0x0000000100000000)
  eden space 183296K, 0% used [0x00000000d5580000,0x00000000d5580000,0x00000000e0880000)
  from space 15872K, 99% used [0x00000000e0e00000,0x00000000e1d79818,0x00000000e1d80000)
  to   space 13312K, 0% used [0x00000000e2000000,0x00000000e2000000,0x00000000e2d00000)
 ParOldGen       total 67072K, used 30511K [0x0000000080000000, 0x0000000084180000, 0x00000000d5580000)
  object space 67072K, 45% used [0x0000000080000000,0x0000000081dcbf30,0x0000000084180000)
 Metaspace       used 57031K, capacity 59064K, committed 59160K, reserved 1099776K
  class space    used 7709K, capacity 8163K, committed 8240K, reserved 1048576K
Event: 10.552 GC heap after
Heap after GC invocations=14 (full 3):
 PSYoungGen      total 199168K, used 0K [0x00000000d5580000, 0x00000000e2d00000, 0x0000000100000000)
  eden space 183296K, 0% used [0x00000000d5580000,0x00000000d5580000,0x00000000e0880000)
  from space 15872K, 0% used [0x00000000e0e00000,0x00000000e0e00000,0x00000000e1d80000)
  to   space 13312K, 0% used [0x00000000e2000000,0x00000000e2000000,0x00000000e2d00000)
 ParOldGen       total 99328K, used 38173K [0x0000000080000000, 0x0000000086100000, 0x00000000d5580000)
  object space 99328K, 38% used [0x0000000080000000,0x00000000825475e0,0x0000000086100000)
 Metaspace       used 57022K, capacity 59034K, committed 59160K, reserved 1099776K
  class space    used 7706K, capacity 8158K, committed 8240K, reserved 1048576K
}

Deoptimization events (10 events):
Event: 11.925 Thread 0x000000001aa58000 Uncommon trap: reason=unstable_if action=reinterpret pc=0x000000000344eec8 method=org.gradle.internal.snapshot.PathUtil.equalChars(CCLorg/gradle/internal/snapshot/CaseSensitivity;)Z @ 11
Event: 12.247 Thread 0x000000001baa4800 Uncommon trap: reason=unstable_if action=reinterpret pc=0x000000000354127c method=java.lang.String$CaseInsensitiveComparator.compare(Ljava/lang/String;Ljava/lang/String;)I @ 70
Event: 12.429 Thread 0x000000001a7f5000 Uncommon trap: reason=unstable_if action=reinterpret pc=0x00000000042cffe8 method=com.esotericsoftware.kryo.io.Input.readVarInt(Z)I @ 42
Event: 12.892 Thread 0x000000001aa5a800 Uncommon trap: reason=unstable_if action=reinterpret pc=0x00000000035544e8 method=java.util.regex.Pattern$GroupTail.match(Ljava/util/regex/Matcher;ILjava/lang/CharSequence;)Z @ 73
Event: 13.088 Thread 0x000000001a7f5000 Uncommon trap: reason=null_check action=make_not_entrant pc=0x00000000045b2a50 method=com.google.common.collect.MapMakerInternalMap$WeakKeyDummyValueEntry$Helper.newEntry(Lcom/google/common/collect/MapMakerInternalMap$Segment;Ljava/lang/Object;ILcom/googl
Event: 13.256 Thread 0x000000001aa56000 Uncommon trap: reason=predicate action=maybe_recompile pc=0x0000000003857fc8 method=com.google.common.base.CharMatcher.indexIn(Ljava/lang/CharSequence;I)I @ 22
Event: 13.354 Thread 0x000000001aa56000 Uncommon trap: reason=unstable_if action=reinterpret pc=0x0000000003fd1d98 method=com.sun.org.apache.xerces.internal.util.SymbolTable.addSymbol([CII)Ljava/lang/String; @ 64
Event: 13.357 Thread 0x000000001aa56000 Uncommon trap: reason=unstable_if action=reinterpret pc=0x00000000039cc534 method=sun.nio.cs.UTF_8$Decoder.decodeArrayLoop(Ljava/nio/ByteBuffer;Ljava/nio/CharBuffer;)Ljava/nio/charset/CoderResult; @ 84
Event: 13.360 Thread 0x000000001aa56000 Uncommon trap: reason=unstable_if action=reinterpret pc=0x000000000387d004 method=sun.nio.cs.UTF_8$Decoder.decodeArrayLoop(Ljava/nio/ByteBuffer;Ljava/nio/CharBuffer;)Ljava/nio/charset/CoderResult; @ 84
Event: 13.423 Thread 0x000000001aa56000 Uncommon trap: reason=unstable_if action=reinterpret pc=0x0000000003ff6c78 method=com.sun.org.apache.xerces.internal.dom.DeferredDocumentImpl.clearChunkValue([[Ljava/lang/Object;II)Ljava/lang/String; @ 3

Classes redefined (0 events):
No events

Internal exceptions (10 events):
Event: 10.765 Thread 0x000000001baa4800 Exception <a 'java/lang/NullPointerException'> (0x00000000d6721cd0) thrown at [C:\src\AOSP-openjdk-git\hotspot\src\share\vm\interpreter\linkResolver.cpp, line 1287]
Event: 11.768 Thread 0x000000001aa56000 Exception <a 'java/lang/NoSuchMethodError': java.lang.Object.lambda$identity$2(Ljava/lang/Object;)Ljava/lang/Object;> (0x00000000da324f08) thrown at [C:\src\AOSP-openjdk-git\hotspot\src\share\vm\interpreter\linkResolver.cpp, line 620]
Event: 11.768 Thread 0x000000001aa5a800 Exception <a 'java/lang/NoSuchMethodError': java.lang.Object.lambda$identity$2(Ljava/lang/Object;)Ljava/lang/Object;> (0x00000000da6fb278) thrown at [C:\src\AOSP-openjdk-git\hotspot\src\share\vm\interpreter\linkResolver.cpp, line 620]
Event: 12.567 Thread 0x000000001ba8b800 Exception <a 'java/lang/NoSuchMethodError': <clinit>> (0x00000000d5587fc8) thrown at [C:\src\AOSP-openjdk-git\hotspot\src\share\vm\prims\jni.cpp, line 1615]
Event: 12.570 Thread 0x000000001ba8b800 Exception <a 'java/lang/NoSuchMethodError': <clinit>> (0x00000000d55933e8) thrown at [C:\src\AOSP-openjdk-git\hotspot\src\share\vm\prims\jni.cpp, line 1615]
Event: 12.614 Thread 0x000000001ba8b800 Exception <a 'java/lang/NoSuchMethodError': <clinit>> (0x00000000d559fef0) thrown at [C:\src\AOSP-openjdk-git\hotspot\src\share\vm\prims\jni.cpp, line 1615]
Event: 12.618 Thread 0x000000001ba8b800 Exception <a 'java/lang/NoSuchMethodError': <clinit>> (0x00000000d55b0c78) thrown at [C:\src\AOSP-openjdk-git\hotspot\src\share\vm\prims\jni.cpp, line 1615]
Event: 12.618 Thread 0x000000001ba8b800 Exception <a 'java/lang/NoSuchMethodError': <clinit>> (0x00000000d55b27b0) thrown at [C:\src\AOSP-openjdk-git\hotspot\src\share\vm\prims\jni.cpp, line 1615]
Event: 12.716 Thread 0x000000001ba8b800 Exception <a 'java/lang/NoSuchMethodError': <clinit>> (0x00000000d55bf630) thrown at [C:\src\AOSP-openjdk-git\hotspot\src\share\vm\prims\jni.cpp, line 1615]
Event: 13.423 Thread 0x000000001aa56000 Implicit null exception at 0x0000000003ff6ade to 0x0000000003ff6c61

Events (10 events):
Event: 13.497 loading class com/android/resources/TouchScreen
Event: 13.497 loading class com/android/resources/TouchScreen done
Event: 13.497 loading class com/android/resources/KeyboardState
Event: 13.497 loading class com/android/resources/KeyboardState done
Event: 13.498 loading class com/android/resources/Keyboard
Event: 13.498 loading class com/android/resources/Keyboard done
Event: 13.498 loading class com/android/resources/NavigationState
Event: 13.498 loading class com/android/resources/NavigationState done
Event: 13.499 loading class com/android/resources/Navigation
Event: 13.499 loading class com/android/resources/Navigation done


Dynamic libraries:
0x00007ff69b910000 - 0x00007ff69b941000 	C:\Program Files\Android\Android Studio\jre\bin\java.exe
0x00007fff73520000 - 0x00007fff73710000 	C:\WINDOWS\SYSTEM32\ntdll.dll
0x00007fff71930000 - 0x00007fff719e2000 	C:\WINDOWS\System32\KERNEL32.DLL
0x00007fff704a0000 - 0x00007fff70744000 	C:\WINDOWS\System32\KERNELBASE.dll
0x00007fff72ea0000 - 0x00007fff72f43000 	C:\WINDOWS\System32\ADVAPI32.dll
0x00007fff72bb0000 - 0x00007fff72c4e000 	C:\WINDOWS\System32\msvcrt.dll
0x00007fff72e00000 - 0x00007fff72e97000 	C:\WINDOWS\System32\sechost.dll
0x00007fff71a20000 - 0x00007fff71b40000 	C:\WINDOWS\System32\RPCRT4.dll
0x00007fff72750000 - 0x00007fff728e4000 	C:\WINDOWS\System32\USER32.dll
0x00007fff708a0000 - 0x00007fff708c1000 	C:\WINDOWS\System32\win32u.dll
0x00007fff719f0000 - 0x00007fff71a16000 	C:\WINDOWS\System32\GDI32.dll
0x00007fff71410000 - 0x00007fff715a6000 	C:\WINDOWS\System32\gdi32full.dll
0x00007fff70be0000 - 0x00007fff70c7e000 	C:\WINDOWS\System32\msvcp_win.dll
0x00007fff709d0000 - 0x00007fff70aca000 	C:\WINDOWS\System32\ucrtbase.dll
0x00007fff60230000 - 0x00007fff604b4000 	C:\WINDOWS\WinSxS\amd64_microsoft.windows.common-controls_6595b64144ccf1df_6.0.18362.959_none_e6c7bbbf130c62bb\COMCTL32.dll
0x00007fff715f0000 - 0x00007fff71925000 	C:\WINDOWS\System32\combase.dll
0x00007fff70b60000 - 0x00007fff70be0000 	C:\WINDOWS\System32\bcryptPrimitives.dll
0x00007fff733c0000 - 0x00007fff733ee000 	C:\WINDOWS\System32\IMM32.DLL
0x000000006f360000 - 0x000000006f432000 	C:\Program Files\Android\Android Studio\jre\jre\bin\msvcr100.dll
0x000000006f440000 - 0x000000006fc8b000 	C:\Program Files\Android\Android Studio\jre\jre\bin\server\jvm.dll
0x00007fff733f0000 - 0x00007fff733f8000 	C:\WINDOWS\System32\PSAPI.DLL
0x00007fff6d030000 - 0x00007fff6d039000 	C:\WINDOWS\SYSTEM32\WSOCK32.dll
0x00007fff6cdf0000 - 0x00007fff6ce14000 	C:\WINDOWS\SYSTEM32\WINMM.dll
0x00007fff71c60000 - 0x00007fff71ccf000 	C:\WINDOWS\System32\WS2_32.dll
0x00007fff69ab0000 - 0x00007fff69aba000 	C:\WINDOWS\SYSTEM32\VERSION.dll
0x00007fff6cdc0000 - 0x00007fff6cded000 	C:\WINDOWS\SYSTEM32\WINMMBASE.dll
0x00007fff70980000 - 0x00007fff709ca000 	C:\WINDOWS\System32\cfgmgr32.dll
0x00007fff6b490000 - 0x00007fff6b49f000 	C:\Program Files\Android\Android Studio\jre\jre\bin\verify.dll
0x00007fff68df0000 - 0x00007fff68e19000 	C:\Program Files\Android\Android Studio\jre\jre\bin\java.dll
0x00007fff69300000 - 0x00007fff69316000 	C:\Program Files\Android\Android Studio\jre\jre\bin\zip.dll
0x00007fff71e30000 - 0x00007fff72516000 	C:\WINDOWS\System32\SHELL32.dll
0x00007fff728f0000 - 0x00007fff72999000 	C:\WINDOWS\System32\shcore.dll
0x00007fff70c80000 - 0x00007fff71402000 	C:\WINDOWS\System32\windows.storage.dll
0x00007fff703e0000 - 0x00007fff70403000 	C:\WINDOWS\System32\profapi.dll
0x00007fff70450000 - 0x00007fff7049a000 	C:\WINDOWS\System32\powrprof.dll
0x00007fff703d0000 - 0x00007fff703e0000 	C:\WINDOWS\System32\UMPDC.dll
0x00007fff72b50000 - 0x00007fff72ba2000 	C:\WINDOWS\System32\shlwapi.dll
0x00007fff70410000 - 0x00007fff70421000 	C:\WINDOWS\System32\kernel.appcore.dll
0x00007fff715b0000 - 0x00007fff715c7000 	C:\WINDOWS\System32\cryptsp.dll
0x00007fff68f00000 - 0x00007fff68f1a000 	C:\Program Files\Android\Android Studio\jre\jre\bin\net.dll
0x00007fff6fc40000 - 0x00007fff6fca7000 	C:\WINDOWS\system32\mswsock.dll
0x00007fff68910000 - 0x00007fff68923000 	C:\Program Files\Android\Android Studio\jre\jre\bin\nio.dll
0x00007fff567b0000 - 0x00007fff567d6000 	C:\Users\Chondro\.gradle\native\31\windows-amd64\native-platform.dll
0x00007fff6b0a0000 - 0x00007fff6b0ad000 	C:\Program Files\Android\Android Studio\jre\jre\bin\management.dll
0x00007fff6f7b0000 - 0x00007fff6f7e3000 	C:\WINDOWS\system32\rsaenh.dll
0x00007fff70b30000 - 0x00007fff70b56000 	C:\WINDOWS\System32\bcrypt.dll
0x00007fff702f0000 - 0x00007fff70315000 	C:\WINDOWS\SYSTEM32\USERENV.dll
0x00007fff6fe10000 - 0x00007fff6fe1c000 	C:\WINDOWS\SYSTEM32\CRYPTBASE.dll
0x00007fff6f950000 - 0x00007fff6f98a000 	C:\WINDOWS\SYSTEM32\IPHLPAPI.DLL
0x00007fff72df0000 - 0x00007fff72df8000 	C:\WINDOWS\System32\NSI.dll
0x00007fff66180000 - 0x00007fff66196000 	C:\WINDOWS\SYSTEM32\dhcpcsvc6.DLL
0x00007fff63ea0000 - 0x00007fff63ebc000 	C:\WINDOWS\SYSTEM32\dhcpcsvc.DLL
0x00007fff6f990000 - 0x00007fff6fa5b000 	C:\WINDOWS\SYSTEM32\DNSAPI.dll

VM Arguments:
jvm_args: -Xmx2048m -Dfile.encoding=windows-1252 -Duser.country=US -Duser.language=en -Duser.variant 
java_command: org.gradle.launcher.daemon.bootstrap.GradleDaemon 6.1.1
java_class_path (initial): C:\Users\Chondro\.gradle\wrapper\dists\gradle-6.1.1-all\cfmwm155h49vnt3hynmlrsdst\gradle-6.1.1\lib\gradle-launcher-6.1.1.jar
Launcher Type: SUN_STANDARD

Environment Variables:
PATH=C:\Program Files (x86)\Common Files\Oracle\Java\javapath;C:\Program Files (x86)\Python38-32\Scripts\;C:\Program Files (x86)\Python38-32\;C:\WINDOWS\system32;C:\WINDOWS;C:\WINDOWS\System32\Wbem;C:\WINDOWS\System32\WindowsPowerShell\v1.0\;C:\WINDOWS\System32\OpenSSH\;C:\Program Files\NVIDIA Corporation\NVIDIA NvDLISR;C:\Program Files (x86)\NVIDIA Corporation\PhysX\Common;C:\Program Files\Microsoft SQL Server\Client SDK\ODBC\130\Tools\Binn\;C:\Program Files (x86)\Microsoft SQL Server\140\Tools\Binn\;C:\Program Files\Microsoft SQL Server\140\Tools\Binn\;C:\Program Files\Microsoft SQL Server\140\DTS\Binn\;C:\Program Files (x86)\Microsoft SQL Server\150\DTS\Binn\;C:\Program Files\Microsoft VS Code\bin;C:\Program Files\Microsoft SQL Server\130\Tools\Binn\;C:\Program Files\Microsoft SQL Server\Client SDK\ODBC\170\Tools\Binn\;C:\Program Files\Java\jdk-13.0.1\bin;C:\Program Files\MongoDB\Server\4.2\bin;C:\Program Files\Git\cmd;C:\Program Files\nodejs\;C:\Go\bin;C:\Program Files\dotnet\;C:\Users\Chondro\AppData\Local\Microsoft\WindowsApps;C:\Users\Chondro\.dotnet\tools;C:\Users\Chondro\AppData\Roaming\npm;C:\Users\Chondro\go\bin
USERNAME=Chondro
OS=Windows_NT
PROCESSOR_IDENTIFIER=Intel64 Family 6 Model 78 Stepping 3, GenuineIntel



---------------  S Y S T E M  ---------------

OS: Windows 10.0 , 64 bit Build 18362 (10.0.18362.959)

CPU:total 4 (initial active 4) (2 cores per cpu, 2 threads per core) family 6 model 78 stepping 3, cmov, cx8, fxsr, mmx, sse, sse2, sse3, ssse3, sse4.1, sse4.2, popcnt, avx, avx2, aes, clmul, erms, 3dnowpref, lzcnt, ht, tsc, tscinvbit, bmi1, bmi2, adx

Memory: 4k page, physical 8292256k(1010916k free), swap 8292256k(5216k free)

vm_info: OpenJDK 64-Bit Server VM (25.242-b01) for windows-amd64 JRE (1.8.0_242-release-1644-b01), built by "builder" with MS VC++ 10.0 (VS2010)

time: Tue Aug 11 22:47:13 2020
timezone: SE Asia Standard Time
elapsed time: 13 seconds (0d 0h 0m 13s)

