#
# There is insufficient memory for the Java Runtime Environment to continue.
# Native memory allocation (malloc) failed to allocate 1355296 bytes for Chunk::new
# Possible reasons:
#   The system is out of physical RAM or swap space
#   The process is running with CompressedOops enabled, and the Java Heap may be blocking the growth of the native heap
# Possible solutions:
#   Reduce memory load on the system
#   Increase physical memory or swap space
#   Check if swap backing store is full
#   Decrease Java heap size (-Xmx/-Xms)
#   Decrease number of Java threads
#   Decrease Java thread stack sizes (-Xss)
#   Set larger code cache with -XX:ReservedCodeCacheSize=
#   JVM is running with Unscaled Compressed Oops mode in which the Java heap is
#     placed in the first 4GB address space. The Java Heap base address is the
#     maximum limit for the native heap growth. Please use -XX:HeapBaseMinAddress
#     to set the Java Heap base and to place the Java Heap above 4GB virtual address.
# This output file may be truncated or incomplete.
#
#  Out of Memory Error (allocation.cpp:389), pid=8580, tid=0x0000000000002ad4
#
# JRE version: OpenJDK Runtime Environment (8.0_242-b01) (build 1.8.0_242-release-1644-b01)
# Java VM: OpenJDK 64-Bit Server VM (25.242-b01 mixed mode windows-amd64 compressed oops)
# Failed to write core dump. Minidumps are not enabled by default on client versions of Windows
#

---------------  T H R E A D  ---------------

Current thread (0x000000001705c000):  JavaThread "C2 CompilerThread1" daemon [_thread_in_native, id=10964, stack(0x00000000187b0000,0x00000000188b0000)]

Stack: [0x00000000187b0000,0x00000000188b0000]
[error occurred during error reporting (printing stack bounds), id 0xc0000005]

Native frames: (J=compiled Java code, j=interpreted, Vv=VM code, C=native code)


Current CompileTask:
C2:7470913 35674       4       com.android.tools.r8.ir.conversion.N::a (3075 bytes)


---------------  P R O C E S S  ---------------

Java Threads: ( => current thread )
  0x000000001a368000 JavaThread "stdout" [_thread_in_native, id=11804, stack(0x000000002e490000,0x000000002e590000)]
  0x000000001a364800 JavaThread "stderr" [_thread_in_native, id=7020, stack(0x000000002df90000,0x000000002e090000)]
  0x0000000021e43800 JavaThread "pool-125-thread-1" [_thread_blocked, id=5512, stack(0x000000002dc90000,0x000000002dd90000)]
  0x0000000021e49800 JavaThread "WorkerExecutor Queue Thread 2" [_thread_blocked, id=10772, stack(0x000000002d460000,0x000000002d560000)]
  0x0000000021e47000 JavaThread "WorkerExecutor Queue" [_thread_blocked, id=7120, stack(0x000000002ce30000,0x000000002cf30000)]
  0x0000000021e48000 JavaThread "Cache worker for execution history cache (C:\Users\Chondro\AndroidStudioProjects\CornLeafDoctor\.gradle\6.1.1\executionHistory)" [_thread_blocked, id=5096, stack(0x000000002cb30000,0x000000002cc30000)]
  0x0000000021e4a800 JavaThread "Execution worker for ':' Thread 3" [_thread_in_Java, id=3924, stack(0x000000002b0d0000,0x000000002b1d0000)]
  0x0000000021e45800 JavaThread "Execution worker for ':' Thread 2" [_thread_in_native, id=3964, stack(0x00000000295d0000,0x00000000296d0000)]
  0x0000000021e46800 JavaThread "Execution worker for ':'" [_thread_in_native, id=12932, stack(0x00000000293d0000,0x00000000294d0000)]
  0x0000000021e45000 JavaThread "Cache worker for file content cache (C:\Users\Chondro\AndroidStudioProjects\CornLeafDoctor\.gradle\6.1.1\fileContent)" [_thread_blocked, id=3036, stack(0x0000000028dd0000,0x0000000028ed0000)]
  0x0000000021e42800 JavaThread "Cache worker for Build Output Cleanup Cache (C:\Users\Chondro\AndroidStudioProjects\CornLeafDoctor\.gradle\buildOutputCleanup)" [_thread_blocked, id=9772, stack(0x0000000028910000,0x0000000028a10000)]
  0x0000000021e44000 JavaThread "Build operations Thread 4" [_thread_blocked, id=7860, stack(0x00000000285d0000,0x00000000286d0000)]
  0x0000000021e3b000 JavaThread "Build operations Thread 3" [_thread_blocked, id=8392, stack(0x0000000027cd0000,0x0000000027dd0000)]
  0x0000000021e41000 JavaThread "Build operations Thread 2" [_thread_blocked, id=6816, stack(0x0000000024360000,0x0000000024460000)]
  0x0000000021e40800 JavaThread "Build operations" [_thread_blocked, id=2504, stack(0x0000000023060000,0x0000000023160000)]
  0x0000000021e3c800 JavaThread "Cache worker for cache directory md-rule (C:\Users\Chondro\.gradle\caches\6.1.1\md-rule)" [_thread_blocked, id=1644, stack(0x000000001fb10000,0x000000001fc10000)]
  0x0000000021e3f000 JavaThread "Cache worker for cache directory md-supplier (C:\Users\Chondro\.gradle\caches\6.1.1\md-supplier)" [_thread_blocked, id=11864, stack(0x000000001f910000,0x000000001fa10000)]
  0x0000000021e3e000 JavaThread "Cache worker for file hash cache (C:\Users\Chondro\AndroidStudioProjects\CornLeafDoctor\.gradle\6.1.1\fileHashes)" [_thread_blocked, id=5644, stack(0x000000001f5d0000,0x000000001f6d0000)]
  0x0000000021e3d800 JavaThread "Cache worker for checksums cache (C:\Users\Chondro\AndroidStudioProjects\CornLeafDoctor\.gradle\checksums)" [_thread_blocked, id=10424, stack(0x000000001f0d0000,0x000000001f1d0000)]
  0x0000000021e3f800 JavaThread "Thread-1076" [_thread_blocked, id=6224, stack(0x000000001efd0000,0x000000001f0d0000)]
  0x000000001ce7e000 JavaThread "Stdin handler" [_thread_blocked, id=12052, stack(0x000000001c8d0000,0x000000001c9d0000)]
  0x000000001ce7c800 JavaThread "Asynchronous log dispatcher for DefaultDaemonConnection: socket connection from /127.0.0.1:53737 to /127.0.0.1:55464" [_thread_blocked, id=9332, stack(0x000000001c0d0000,0x000000001c1d0000)]
  0x000000001ce7e800 JavaThread "Daemon worker Thread 32" [_thread_in_Java, id=9084, stack(0x000000001bfd0000,0x000000001c0d0000)]
  0x000000001ce81000 JavaThread "Cancel handler" [_thread_blocked, id=10844, stack(0x0000000000910000,0x0000000000a10000)]
  0x000000001ce75000 JavaThread "Handler for socket connection from /127.0.0.1:53737 to /127.0.0.1:55464" [_thread_in_native, id=12632, stack(0x0000000000810000,0x0000000000910000)]
  0x000000001ce73800 JavaThread "Daemon Thread 32" [_thread_blocked, id=11512, stack(0x0000000000710000,0x0000000000810000)]
  0x000000001ab35000 JavaThread "RMI TCP Accept-0" daemon [_thread_in_native, id=7448, stack(0x000000002cf30000,0x000000002d030000)]
  0x000000001ce79800 JavaThread "Cache worker for Java compile cache (C:\Users\Chondro\.gradle\caches\6.1.1\javaCompile)" [_thread_blocked, id=7956, stack(0x00000000294d0000,0x00000000295d0000)]
  0x000000001ce7a000 JavaThread "RMI Reaper" [_thread_blocked, id=12908, stack(0x00000000292d0000,0x00000000293d0000)]
  0x000000001ce78800 JavaThread "RMI TCP Accept-0" daemon [_thread_in_native, id=3460, stack(0x00000000291d0000,0x00000000292d0000)]
  0x000000001ce77000 JavaThread "GC Daemon" daemon [_thread_blocked, id=3724, stack(0x0000000028ed0000,0x0000000028fd0000)]
  0x000000001ce78000 JavaThread "RMI Scheduler(0)" daemon [_thread_blocked, id=7928, stack(0x0000000028cd0000,0x0000000028dd0000)]
  0x000000001a35c000 JavaThread "Cache worker for file content cache (C:\Users\Chondro\.gradle\caches\6.1.1\fileContent)" [_thread_blocked, id=2112, stack(0x00000000279d0000,0x0000000027ad0000)]
  0x000000001a35d800 JavaThread "Memory manager" [_thread_blocked, id=10508, stack(0x00000000278d0000,0x00000000279d0000)]
  0x000000001ab31800 JavaThread "Cache worker for execution history cache (C:\Users\Chondro\.gradle\caches\6.1.1\executionHistory)" [_thread_blocked, id=2796, stack(0x000000001fa10000,0x000000001fb10000)]
  0x000000001ab34800 JavaThread "Cache worker for file hash cache (C:\Users\Chondro\.gradle\caches\6.1.1\fileHashes)" [_thread_blocked, id=9528, stack(0x000000001df00000,0x000000001e000000)]
  0x000000001ab33800 JavaThread "File lock request listener" [_thread_in_native, id=12040, stack(0x000000001ccd0000,0x000000001cdd0000)]
  0x000000001aadd000 JavaThread "Cache worker for journal cache (C:\Users\Chondro\.gradle\caches\journal-1)" [_thread_blocked, id=10624, stack(0x000000001cbd0000,0x000000001ccd0000)]
  0x000000001aa36800 JavaThread "Daemon periodic checks" [_thread_blocked, id=1548, stack(0x000000001c1d0000,0x000000001c2d0000)]
  0x000000001a9d6800 JavaThread "Incoming local TCP Connector on port 53737" [_thread_in_native, id=3800, stack(0x000000001bd90000,0x000000001be90000)]
  0x0000000018fd4800 JavaThread "Daemon health stats" [_thread_blocked, id=13096, stack(0x000000001b750000,0x000000001b850000)]
  0x00000000189c9000 JavaThread "Service Thread" daemon [_thread_blocked, id=5756, stack(0x0000000018db0000,0x0000000018eb0000)]
  0x0000000017063000 JavaThread "C1 CompilerThread2" daemon [_thread_blocked, id=6708, stack(0x00000000188b0000,0x00000000189b0000)]
=>0x000000001705c000 JavaThread "C2 CompilerThread1" daemon [_thread_in_native, id=10964, stack(0x00000000187b0000,0x00000000188b0000)]
  0x0000000017059800 JavaThread "C2 CompilerThread0" daemon [_thread_in_native, id=9200, stack(0x00000000186b0000,0x00000000187b0000)]
  0x0000000017058000 JavaThread "Attach Listener" daemon [_thread_blocked, id=500, stack(0x00000000185b0000,0x00000000186b0000)]
  0x0000000017057000 JavaThread "Signal Dispatcher" daemon [_thread_blocked, id=10488, stack(0x00000000184b0000,0x00000000185b0000)]
  0x000000000242d000 JavaThread "Finalizer" daemon [_thread_blocked, id=12400, stack(0x00000000182a0000,0x00000000183a0000)]
  0x0000000017039000 JavaThread "Reference Handler" daemon [_thread_blocked, id=1028, stack(0x00000000181a0000,0x00000000182a0000)]
  0x0000000002332800 JavaThread "main" [_thread_blocked, id=11324, stack(0x00000000021c0000,0x00000000022c0000)]

Other Threads:
  0x0000000017016800 VMThread [stack: 0x00000000180a0000,0x00000000181a0000] [id=5420]
  0x00000000189cb800 WatcherThread [stack: 0x0000000018eb0000,0x0000000018fb0000] [id=10200]

VM state:not at safepoint (normal execution)

VM Mutex/Monitor currently owned by a thread: None

heap address: 0x0000000080000000, size: 2048 MB, Compressed Oops mode: 32-bit
Narrow klass base: 0x0000000000000000, Narrow klass shift: 3
Compressed class space size: 1073741824 Address: 0x0000000100000000

Heap:
 PSYoungGen      total 403968K, used 337434K [0x00000000d5580000, 0x00000000f4400000, 0x0000000100000000)
  eden space 347648K, 85% used [0x00000000d5580000,0x00000000e77f8a98,0x00000000ea900000)
  from space 56320K, 71% used [0x00000000ea900000,0x00000000ed00de00,0x00000000ee000000)
  to   space 57856K, 0% used [0x00000000f0b80000,0x00000000f0b80000,0x00000000f4400000)
 ParOldGen       total 290816K, used 99545K [0x0000000080000000, 0x0000000091c00000, 0x00000000d5580000)
  object space 290816K, 34% used [0x0000000080000000,0x0000000086136448,0x0000000091c00000)
 Metaspace       used 171931K, capacity 183229K, committed 192496K, reserved 1216512K
  class space    used 22212K, capacity 24137K, committed 25904K, reserved 1048576K

Card table byte_map: [0x00000000117f0000,0x0000000011c00000] byte_map_base: 0x00000000113f0000

Marking Bits: (ParMarkBitMap*) 0x000000006fc0f030
 Begin Bits: [0x00000000122b0000, 0x00000000142b0000)
 End Bits:   [0x00000000142b0000, 0x00000000162b0000)

Polling page: 0x00000000001f0000

CodeCache: size=245760Kb used=100670Kb max_used=100670Kb free=145089Kb
 bounds [0x0000000002430000, 0x0000000008720000, 0x0000000011430000]
 total_blobs=28985 nmethods=28032 adapters=863
 compilation: enabled

Compilation events (10 events):
Event: 7470.857 Thread 0x0000000017063000 35732       2       org.gradle.cache.internal.btree.FileBackedBlockStore::alloc (17 bytes)
Event: 7470.857 Thread 0x0000000017063000 nmethod 35732 0x000000000870b610 code [0x000000000870b760, 0x000000000870b8b0]
Event: 7470.859 Thread 0x0000000017063000 35733       3       com.android.tools.r8.ir.conversion.L::a (314 bytes)
Event: 7470.863 Thread 0x0000000017063000 nmethod 35733 0x000000000870b950 code [0x000000000870bde0, 0x000000000870e788]
Event: 7470.865 Thread 0x0000000017063000 35734       3       com.android.tools.r8.v.a.a.a.h.J0::f (193 bytes)
Event: 7470.866 Thread 0x0000000017063000 nmethod 35734 0x00000000087104d0 code [0x0000000008710700, 0x0000000008711258]
Event: 7470.877 Thread 0x0000000017063000 35735       2       com.android.tools.r8.u.b.m1::b (58 bytes)
Event: 7470.877 Thread 0x0000000017063000 nmethod 35735 0x0000000008711a10 code [0x0000000008711ba0, 0x0000000008711e08]
Event: 7470.882 Thread 0x0000000017063000 35736       2       com.android.tools.r8.u.b.Q0::k0 (57 bytes)
Event: 7470.882 Thread 0x0000000017063000 nmethod 35736 0x0000000008711f90 code [0x0000000008712120, 0x0000000008712488]

GC Heap History (10 events):
Event: 7465.497 GC heap before
{Heap before GC invocations=47 (full 6):
 PSYoungGen      total 397312K, used 397284K [0x00000000d5580000, 0x00000000f2d80000, 0x0000000100000000)
  eden space 355328K, 100% used [0x00000000d5580000,0x00000000eb080000,0x00000000eb080000)
  from space 41984K, 99% used [0x00000000ee000000,0x00000000f08f92f8,0x00000000f0900000)
  to   space 48640K, 0% used [0x00000000eb080000,0x00000000eb080000,0x00000000ee000000)
 ParOldGen       total 290816K, used 99537K [0x0000000080000000, 0x0000000091c00000, 0x00000000d5580000)
  object space 290816K, 34% used [0x0000000080000000,0x0000000086134448,0x0000000091c00000)
 Metaspace       used 171788K, capacity 182999K, committed 192496K, reserved 1216512K
  class space    used 22211K, capacity 24136K, committed 25904K, reserved 1048576K
Event: 7465.540 GC heap after
Heap after GC invocations=47 (full 6):
 PSYoungGen      total 403968K, used 41444K [0x00000000d5580000, 0x00000000f2d80000, 0x0000000100000000)
  eden space 355328K, 0% used [0x00000000d5580000,0x00000000d5580000,0x00000000eb080000)
  from space 48640K, 85% used [0x00000000eb080000,0x00000000ed8f9320,0x00000000ee000000)
  to   space 41984K, 0% used [0x00000000ee000000,0x00000000ee000000,0x00000000f0900000)
 ParOldGen       total 290816K, used 99537K [0x0000000080000000, 0x0000000091c00000, 0x00000000d5580000)
  object space 290816K, 34% used [0x0000000080000000,0x0000000086134448,0x0000000091c00000)
 Metaspace       used 171788K, capacity 182999K, committed 192496K, reserved 1216512K
  class space    used 22211K, capacity 24136K, committed 25904K, reserved 1048576K
}
Event: 7466.713 GC heap before
{Heap before GC invocations=48 (full 6):
 PSYoungGen      total 403968K, used 396772K [0x00000000d5580000, 0x00000000f2d80000, 0x0000000100000000)
  eden space 355328K, 100% used [0x00000000d5580000,0x00000000eb080000,0x00000000eb080000)
  from space 48640K, 85% used [0x00000000eb080000,0x00000000ed8f9320,0x00000000ee000000)
  to   space 41984K, 0% used [0x00000000ee000000,0x00000000ee000000,0x00000000f0900000)
 ParOldGen       total 290816K, used 99537K [0x0000000080000000, 0x0000000091c00000, 0x00000000d5580000)
  object space 290816K, 34% used [0x0000000080000000,0x0000000086134448,0x0000000091c00000)
 Metaspace       used 171834K, capacity 183079K, committed 192496K, reserved 1216512K
  class space    used 22211K, capacity 24136K, committed 25904K, reserved 1048576K
Event: 7466.745 GC heap after
Heap after GC invocations=48 (full 6):
 PSYoungGen      total 389632K, used 39948K [0x00000000d5580000, 0x00000000f4200000, 0x0000000100000000)
  eden space 347648K, 0% used [0x00000000d5580000,0x00000000d5580000,0x00000000ea900000)
  from space 41984K, 95% used [0x00000000ee000000,0x00000000f07031f8,0x00000000f0900000)
  to   space 56320K, 0% used [0x00000000ea900000,0x00000000ea900000,0x00000000ee000000)
 ParOldGen       total 290816K, used 99545K [0x0000000080000000, 0x0000000091c00000, 0x00000000d5580000)
  object space 290816K, 34% used [0x0000000080000000,0x0000000086136448,0x0000000091c00000)
 Metaspace       used 171834K, capacity 183079K, committed 192496K, reserved 1216512K
  class space    used 22211K, capacity 24136K, committed 25904K, reserved 1048576K
}
Event: 7467.813 GC heap before
{Heap before GC invocations=49 (full 6):
 PSYoungGen      total 389632K, used 387596K [0x00000000d5580000, 0x00000000f4200000, 0x0000000100000000)
  eden space 347648K, 100% used [0x00000000d5580000,0x00000000ea900000,0x00000000ea900000)
  from space 41984K, 95% used [0x00000000ee000000,0x00000000f07031f8,0x00000000f0900000)
  to   space 56320K, 0% used [0x00000000ea900000,0x00000000ea900000,0x00000000ee000000)
 ParOldGen       total 290816K, used 99545K [0x0000000080000000, 0x0000000091c00000, 0x00000000d5580000)
  object space 290816K, 34% used [0x0000000080000000,0x0000000086136448,0x0000000091c00000)
 Metaspace       used 171874K, capacity 183143K, committed 192496K, reserved 1216512K
  class space    used 22211K, capacity 24136K, committed 25904K, reserved 1048576K
Event: 7467.864 GC heap after
Heap after GC invocations=49 (full 6):
 PSYoungGen      total 403968K, used 38464K [0x00000000d5580000, 0x00000000f4400000, 0x0000000100000000)
  eden space 347648K, 0% used [0x00000000d5580000,0x00000000d5580000,0x00000000ea900000)
  from space 56320K, 68% used [0x00000000ea900000,0x00000000ece900c8,0x00000000ee000000)
  to   space 57856K, 0% used [0x00000000f0b80000,0x00000000f0b80000,0x00000000f4400000)
 ParOldGen       total 290816K, used 99545K [0x0000000080000000, 0x0000000091c00000, 0x00000000d5580000)
  object space 290816K, 34% used [0x0000000080000000,0x0000000086136448,0x0000000091c00000)
 Metaspace       used 171874K, capacity 183143K, committed 192496K, reserved 1216512K
  class space    used 22211K, capacity 24136K, committed 25904K, reserved 1048576K
}
Event: 7468.886 GC heap before
{Heap before GC invocations=50 (full 6):
 PSYoungGen      total 403968K, used 386112K [0x00000000d5580000, 0x00000000f4400000, 0x0000000100000000)
  eden space 347648K, 100% used [0x00000000d5580000,0x00000000ea900000,0x00000000ea900000)
  from space 56320K, 68% used [0x00000000ea900000,0x00000000ece900c8,0x00000000ee000000)
  to   space 57856K, 0% used [0x00000000f0b80000,0x00000000f0b80000,0x00000000f4400000)
 ParOldGen       total 290816K, used 99545K [0x0000000080000000, 0x0000000091c00000, 0x00000000d5580000)
  object space 290816K, 34% used [0x0000000080000000,0x0000000086136448,0x0000000091c00000)
 Metaspace       used 171892K, capacity 183147K, committed 192496K, reserved 1216512K
  class space    used 22211K, capacity 24136K, committed 25904K, reserved 1048576K
Event: 7468.954 GC heap after
Heap after GC invocations=50 (full 6):
 PSYoungGen      total 405504K, used 47728K [0x00000000d5580000, 0x00000000f4400000, 0x0000000100000000)
  eden space 347648K, 0% used [0x00000000d5580000,0x00000000d5580000,0x00000000ea900000)
  from space 57856K, 82% used [0x00000000f0b80000,0x00000000f3a1c128,0x00000000f4400000)
  to   space 56320K, 0% used [0x00000000ea900000,0x00000000ea900000,0x00000000ee000000)
 ParOldGen       total 290816K, used 99545K [0x0000000080000000, 0x0000000091c00000, 0x00000000d5580000)
  object space 290816K, 34% used [0x0000000080000000,0x0000000086136448,0x0000000091c00000)
 Metaspace       used 171892K, capacity 183147K, committed 192496K, reserved 1216512K
  class space    used 22211K, capacity 24136K, committed 25904K, reserved 1048576K
}
Event: 7469.979 GC heap before
{Heap before GC invocations=51 (full 6):
 PSYoungGen      total 405504K, used 395376K [0x00000000d5580000, 0x00000000f4400000, 0x0000000100000000)
  eden space 347648K, 100% used [0x00000000d5580000,0x00000000ea900000,0x00000000ea900000)
  from space 57856K, 82% used [0x00000000f0b80000,0x00000000f3a1c128,0x00000000f4400000)
  to   space 56320K, 0% used [0x00000000ea900000,0x00000000ea900000,0x00000000ee000000)
 ParOldGen       total 290816K, used 99545K [0x0000000080000000, 0x0000000091c00000, 0x00000000d5580000)
  object space 290816K, 34% used [0x0000000080000000,0x0000000086136448,0x0000000091c00000)
 Metaspace       used 171914K, capacity 183165K, committed 192496K, reserved 1216512K
  class space    used 22212K, capacity 24137K, committed 25904K, reserved 1048576K
Event: 7470.041 GC heap after
Heap after GC invocations=51 (full 6):
 PSYoungGen      total 403968K, used 39991K [0x00000000d5580000, 0x00000000f4400000, 0x0000000100000000)
  eden space 347648K, 0% used [0x00000000d5580000,0x00000000d5580000,0x00000000ea900000)
  from space 56320K, 71% used [0x00000000ea900000,0x00000000ed00de00,0x00000000ee000000)
  to   space 57856K, 0% used [0x00000000f0b80000,0x00000000f0b80000,0x00000000f4400000)
 ParOldGen       total 290816K, used 99545K [0x0000000080000000, 0x0000000091c00000, 0x00000000d5580000)
  object space 290816K, 34% used [0x0000000080000000,0x0000000086136448,0x0000000091c00000)
 Metaspace       used 171914K, capacity 183165K, committed 192496K, reserved 1216512K
  class space    used 22212K, capacity 24137K, committed 25904K, reserved 1048576K
}

Deoptimization events (10 events):
Event: 7467.668 Thread 0x0000000021e46800 Uncommon trap: reason=unstable_if action=reinterpret pc=0x00000000083f1bf8 method=com.android.tools.r8.ir.conversion.o.a(ILcom/android/tools/r8/ir/conversion/N;)I @ 148
Event: 7467.985 Thread 0x0000000021e4a800 Uncommon trap: reason=unstable_if action=reinterpret pc=0x000000000854e098 method=com.android.tools.r8.u.b.m1.a(Lcom/android/tools/r8/graph/f;Lcom/android/tools/r8/u/b/W;Ljava/util/function/Predicate;Ljava/util/Set;)Z @ 173
Event: 7468.412 Thread 0x000000001ce7e800 Uncommon trap: reason=array_check action=maybe_recompile pc=0x000000000856bf98 method=java.util.TimSort.mergeLo(IIII)V @ 375
Event: 7468.412 Thread 0x000000001ce7e800 Uncommon trap: reason=array_check action=maybe_recompile pc=0x00000000085f26a0 method=java.util.TimSort.mergeHi(IIII)V @ 524
Event: 7468.412 Thread 0x000000001ce7e800 Uncommon trap: reason=array_check action=maybe_recompile pc=0x00000000085f26a0 method=java.util.TimSort.mergeHi(IIII)V @ 524
Event: 7469.658 Thread 0x0000000021e46800 Uncommon trap: reason=array_check action=maybe_recompile pc=0x000000000856bee8 method=java.util.TimSort.mergeLo(IIII)V @ 590
Event: 7469.658 Thread 0x0000000021e46800 Uncommon trap: reason=array_check action=maybe_recompile pc=0x000000000868be70 method=java.util.TimSort.mergeHi(IIII)V @ 657
Event: 7469.658 Thread 0x0000000021e46800 Uncommon trap: reason=array_check action=maybe_recompile pc=0x000000000868be70 method=java.util.TimSort.mergeHi(IIII)V @ 657
Event: 7469.658 Thread 0x0000000021e46800 Uncommon trap: reason=array_check action=maybe_recompile pc=0x000000000856bf98 method=java.util.TimSort.mergeLo(IIII)V @ 375
Event: 7469.659 Thread 0x0000000021e46800 Uncommon trap: reason=array_check action=maybe_recompile pc=0x0000000004aaaab0 method=java.util.TimSort.mergeHi(IIII)V @ 250

Classes redefined (0 events):
No events

Internal exceptions (10 events):
Event: 7470.148 Thread 0x0000000021e45800 Exception <a 'sun/nio/fs/WindowsException'> (0x00000000d7d9e0a0) thrown at [C:\src\AOSP-openjdk-git\hotspot\src\share\vm\prims\jni.cpp, line 710]
Event: 7470.269 Thread 0x0000000021e45800 Exception <a 'sun/nio/fs/WindowsException'> (0x00000000d7e0b918) thrown at [C:\src\AOSP-openjdk-git\hotspot\src\share\vm\prims\jni.cpp, line 710]
Event: 7470.294 Thread 0x0000000021e45800 Exception <a 'sun/nio/fs/WindowsException'> (0x00000000daa6a410) thrown at [C:\src\AOSP-openjdk-git\hotspot\src\share\vm\prims\jni.cpp, line 710]
Event: 7470.580 Thread 0x0000000021e45800 Exception <a 'sun/nio/fs/WindowsException'> (0x00000000e0994c30) thrown at [C:\src\AOSP-openjdk-git\hotspot\src\share\vm\prims\jni.cpp, line 710]
Event: 7470.603 Thread 0x0000000021e45800 Exception <a 'sun/nio/fs/WindowsException'> (0x00000000e10dc650) thrown at [C:\src\AOSP-openjdk-git\hotspot\src\share\vm\prims\jni.cpp, line 710]
Event: 7470.626 Thread 0x0000000021e46800 Exception <a 'sun/nio/fs/WindowsException'> (0x00000000e16fde90) thrown at [C:\src\AOSP-openjdk-git\hotspot\src\share\vm\prims\jni.cpp, line 710]
Event: 7470.742 Thread 0x0000000021e46800 Exception <a 'sun/nio/fs/WindowsException'> (0x00000000e1751810) thrown at [C:\src\AOSP-openjdk-git\hotspot\src\share\vm\prims\jni.cpp, line 710]
Event: 7470.758 Thread 0x0000000021e46800 Exception <a 'sun/nio/fs/WindowsException'> (0x00000000e4644a00) thrown at [C:\src\AOSP-openjdk-git\hotspot\src\share\vm\prims\jni.cpp, line 710]
Event: 7470.831 Thread 0x0000000021e45800 Exception <a 'sun/nio/fs/WindowsException'> (0x00000000e33b5bd8) thrown at [C:\src\AOSP-openjdk-git\hotspot\src\share\vm\prims\jni.cpp, line 710]
Event: 7470.854 Thread 0x0000000021e45800 Exception <a 'sun/nio/fs/WindowsException'> (0x00000000e647e6c0) thrown at [C:\src\AOSP-openjdk-git\hotspot\src\share\vm\prims\jni.cpp, line 710]

Events (10 events):
Event: 7470.622 Thread 0x0000000021e46800 DEOPT PACKING pc=0x00000000067ade9e sp=0x00000000294cc430
Event: 7470.622 Thread 0x0000000021e46800 DEOPT UNPACKING pc=0x00000000024775d0 sp=0x00000000294cc738 mode 0
Event: 7470.629 Thread 0x000000001ce7e800 DEOPT PACKING pc=0x00000000066e80e8 sp=0x000000001c0c9920
Event: 7470.629 Thread 0x000000001ce7e800 DEOPT UNPACKING pc=0x00000000024775d0 sp=0x000000001c0c9a78 mode 0
Event: 7470.820 Thread 0x000000001ce7e800 DEOPT PACKING pc=0x0000000008140913 sp=0x000000001c0c9280
Event: 7470.820 Thread 0x000000001ce7e800 DEOPT UNPACKING pc=0x00000000024775d0 sp=0x000000001c0c8ff0 mode 0
Event: 7470.852 Thread 0x0000000021e45800 DEOPT PACKING pc=0x000000000601ebf0 sp=0x00000000296ccc70
Event: 7470.852 Thread 0x0000000021e45800 DEOPT UNPACKING pc=0x00000000024775d0 sp=0x00000000296cca38 mode 0
Event: 7470.865 Thread 0x000000001ce7e800 DEOPT PACKING pc=0x000000000827e3d9 sp=0x000000001c0c9420
Event: 7470.865 Thread 0x000000001ce7e800 DEOPT UNPACKING pc=0x00000000024775d0 sp=0x000000001c0c9210 mode 0


Dynamic libraries:
0x00007ff67c4e0000 - 0x00007ff67c511000 	C:\Program Files\Android\Android Studio\jre\bin\java.exe
0x00007fff73520000 - 0x00007fff73710000 	C:\WINDOWS\SYSTEM32\ntdll.dll
0x00007fff71930000 - 0x00007fff719e2000 	C:\WINDOWS\System32\KERNEL32.DLL
0x00007fff704a0000 - 0x00007fff70744000 	C:\WINDOWS\System32\KERNELBASE.dll
0x00007fff72ea0000 - 0x00007fff72f43000 	C:\WINDOWS\System32\ADVAPI32.dll
0x00007fff72bb0000 - 0x00007fff72c4e000 	C:\WINDOWS\System32\msvcrt.dll
0x00007fff72e00000 - 0x00007fff72e97000 	C:\WINDOWS\System32\sechost.dll
0x00007fff71a20000 - 0x00007fff71b40000 	C:\WINDOWS\System32\RPCRT4.dll
0x00007fff72750000 - 0x00007fff728e4000 	C:\WINDOWS\System32\USER32.dll
0x00007fff708a0000 - 0x00007fff708c1000 	C:\WINDOWS\System32\win32u.dll
0x00007fff719f0000 - 0x00007fff71a16000 	C:\WINDOWS\System32\GDI32.dll
0x00007fff71410000 - 0x00007fff715a6000 	C:\WINDOWS\System32\gdi32full.dll
0x00007fff70be0000 - 0x00007fff70c7e000 	C:\WINDOWS\System32\msvcp_win.dll
0x00007fff709d0000 - 0x00007fff70aca000 	C:\WINDOWS\System32\ucrtbase.dll
0x00007fff60230000 - 0x00007fff604b4000 	C:\WINDOWS\WinSxS\amd64_microsoft.windows.common-controls_6595b64144ccf1df_6.0.18362.959_none_e6c7bbbf130c62bb\COMCTL32.dll
0x00007fff715f0000 - 0x00007fff71925000 	C:\WINDOWS\System32\combase.dll
0x00007fff70b60000 - 0x00007fff70be0000 	C:\WINDOWS\System32\bcryptPrimitives.dll
0x00007fff733c0000 - 0x00007fff733ee000 	C:\WINDOWS\System32\IMM32.DLL
0x000000006f360000 - 0x000000006f432000 	C:\Program Files\Android\Android Studio\jre\jre\bin\msvcr100.dll
0x000000006f440000 - 0x000000006fc8b000 	C:\Program Files\Android\Android Studio\jre\jre\bin\server\jvm.dll
0x00007fff733f0000 - 0x00007fff733f8000 	C:\WINDOWS\System32\PSAPI.DLL
0x00007fff6d0a0000 - 0x00007fff6d0a9000 	C:\WINDOWS\SYSTEM32\WSOCK32.dll
0x00007fff71c60000 - 0x00007fff71ccf000 	C:\WINDOWS\System32\WS2_32.dll
0x00007fff69ab0000 - 0x00007fff69aba000 	C:\WINDOWS\SYSTEM32\VERSION.dll
0x00007fff6cdf0000 - 0x00007fff6ce14000 	C:\WINDOWS\SYSTEM32\WINMM.dll
0x00007fff6cdc0000 - 0x00007fff6cded000 	C:\WINDOWS\SYSTEM32\winmmbase.dll
0x00007fff70980000 - 0x00007fff709ca000 	C:\WINDOWS\System32\cfgmgr32.dll
0x00007fff6d030000 - 0x00007fff6d03f000 	C:\Program Files\Android\Android Studio\jre\jre\bin\verify.dll
0x00007fff69d10000 - 0x00007fff69d39000 	C:\Program Files\Android\Android Studio\jre\jre\bin\java.dll
0x00007fff69b90000 - 0x00007fff69ba6000 	C:\Program Files\Android\Android Studio\jre\jre\bin\zip.dll
0x00007fff71e30000 - 0x00007fff72516000 	C:\WINDOWS\System32\SHELL32.dll
0x00007fff728f0000 - 0x00007fff72999000 	C:\WINDOWS\System32\shcore.dll
0x00007fff70c80000 - 0x00007fff71402000 	C:\WINDOWS\System32\windows.storage.dll
0x00007fff703e0000 - 0x00007fff70403000 	C:\WINDOWS\System32\profapi.dll
0x00007fff70450000 - 0x00007fff7049a000 	C:\WINDOWS\System32\powrprof.dll
0x00007fff703d0000 - 0x00007fff703e0000 	C:\WINDOWS\System32\UMPDC.dll
0x00007fff72b50000 - 0x00007fff72ba2000 	C:\WINDOWS\System32\shlwapi.dll
0x00007fff70410000 - 0x00007fff70421000 	C:\WINDOWS\System32\kernel.appcore.dll
0x00007fff715b0000 - 0x00007fff715c7000 	C:\WINDOWS\System32\cryptsp.dll
0x00007fff69490000 - 0x00007fff694aa000 	C:\Program Files\Android\Android Studio\jre\jre\bin\net.dll
0x00007fff6fc40000 - 0x00007fff6fca7000 	C:\WINDOWS\system32\mswsock.dll
0x00007fff69470000 - 0x00007fff69483000 	C:\Program Files\Android\Android Studio\jre\jre\bin\nio.dll
0x00007fff68a90000 - 0x00007fff68ab6000 	C:\Users\Chondro\.gradle\native\31\windows-amd64\native-platform.dll
0x00007fff6b490000 - 0x00007fff6b49d000 	C:\Program Files\Android\Android Studio\jre\jre\bin\management.dll
0x00007fff6f7b0000 - 0x00007fff6f7e3000 	C:\WINDOWS\system32\rsaenh.dll
0x00007fff70b30000 - 0x00007fff70b56000 	C:\WINDOWS\System32\bcrypt.dll
0x00007fff702f0000 - 0x00007fff70315000 	C:\WINDOWS\SYSTEM32\USERENV.dll
0x00007fff6fe10000 - 0x00007fff6fe1c000 	C:\WINDOWS\SYSTEM32\CRYPTBASE.dll
0x00007fff6f950000 - 0x00007fff6f98a000 	C:\WINDOWS\SYSTEM32\IPHLPAPI.DLL
0x00007fff72df0000 - 0x00007fff72df8000 	C:\WINDOWS\System32\NSI.dll
0x00007fff66180000 - 0x00007fff66196000 	C:\WINDOWS\SYSTEM32\dhcpcsvc6.DLL
0x00007fff63ea0000 - 0x00007fff63ebc000 	C:\WINDOWS\SYSTEM32\dhcpcsvc.DLL
0x00007fff6f990000 - 0x00007fff6fa5b000 	C:\WINDOWS\SYSTEM32\DNSAPI.dll
0x00007fff68a70000 - 0x00007fff68a8e000 	C:\Users\Chondro\AppData\Local\Temp\native-platform749543227141787927dir\native-platform.dll
0x00007fff6f410000 - 0x00007fff6f441000 	C:\WINDOWS\SYSTEM32\ntmarta.dll

VM Arguments:
jvm_args: -Xmx2048m -Dfile.encoding=windows-1252 -Duser.country=US -Duser.language=en -Duser.variant 
java_command: org.gradle.launcher.daemon.bootstrap.GradleDaemon 6.1.1
java_class_path (initial): C:\Users\Chondro\.gradle\wrapper\dists\gradle-6.1.1-all\cfmwm155h49vnt3hynmlrsdst\gradle-6.1.1\lib\gradle-launcher-6.1.1.jar
Launcher Type: SUN_STANDARD

Environment Variables:
PATH=C:\Program Files (x86)\Common Files\Oracle\Java\javapath;C:\Program Files (x86)\Python38-32\Scripts\;C:\Program Files (x86)\Python38-32\;C:\WINDOWS\system32;C:\WINDOWS;C:\WINDOWS\System32\Wbem;C:\WINDOWS\System32\WindowsPowerShell\v1.0\;C:\WINDOWS\System32\OpenSSH\;C:\Program Files\NVIDIA Corporation\NVIDIA NvDLISR;C:\Program Files (x86)\NVIDIA Corporation\PhysX\Common;C:\Program Files\Microsoft SQL Server\Client SDK\ODBC\130\Tools\Binn\;C:\Program Files (x86)\Microsoft SQL Server\140\Tools\Binn\;C:\Program Files\Microsoft SQL Server\140\Tools\Binn\;C:\Program Files\Microsoft SQL Server\140\DTS\Binn\;C:\Program Files (x86)\Microsoft SQL Server\150\DTS\Binn\;C:\Program Files\Microsoft VS Code\bin;C:\Program Files\Microsoft SQL Server\130\Tools\Binn\;C:\Program Files\Microsoft SQL Server\Client SDK\ODBC\170\Tools\Binn\;C:\Program Files\Java\jdk-13.0.1\bin;C:\Program Files\MongoDB\Server\4.2\bin;C:\Program Files\Git\cmd;C:\Program Files\nodejs\;C:\Go\bin;C:\Program Files\dotnet\;C:\Users\Chondro\AppData\Local\Microsoft\WindowsApps;C:\Users\Chondro\.dotnet\tools;C:\Users\Chondro\AppData\Roaming\npm;C:\Users\Chondro\go\bin
USERNAME=Chondro
OS=Windows_NT
PROCESSOR_IDENTIFIER=Intel64 Family 6 Model 78 Stepping 3, GenuineIntel



---------------  S Y S T E M  ---------------

OS: Windows 10.0 , 64 bit Build 18362 (10.0.18362.959)

CPU:total 4 (initial active 4) (2 cores per cpu, 2 threads per core) family 6 model 78 stepping 3, cmov, cx8, fxsr, mmx, sse, sse2, sse3, ssse3, sse4.1, sse4.2, popcnt, avx, avx2, aes, clmul, erms, 3dnowpref, lzcnt, ht, tsc, tscinvbit, bmi1, bmi2, adx

Memory: 4k page, physical 8292256k(1106316k free), swap 8292256k(6420k free)

vm_info: OpenJDK 64-Bit Server VM (25.242-b01) for windows-amd64 JRE (1.8.0_242-release-1644-b01), built by "builder" with MS VC++ 10.0 (VS2010)

time: Tue Aug 11 18:47:49 2020
timezone: SE Asia Standard Time
elapsed time: 7470 seconds (0d 2h 4m 30s)

