#
# There is insufficient memory for the Java Runtime Environment to continue.
# Native memory allocation (malloc) failed to allocate 753936 bytes for Chunk::new
# Possible reasons:
#   The system is out of physical RAM or swap space
#   The process is running with CompressedOops enabled, and the Java Heap may be blocking the growth of the native heap
# Possible solutions:
#   Reduce memory load on the system
#   Increase physical memory or swap space
#   Check if swap backing store is full
#   Decrease Java heap size (-Xmx/-Xms)
#   Decrease number of Java threads
#   Decrease Java thread stack sizes (-Xss)
#   Set larger code cache with -XX:ReservedCodeCacheSize=
#   JVM is running with Unscaled Compressed Oops mode in which the Java heap is
#     placed in the first 4GB address space. The Java Heap base address is the
#     maximum limit for the native heap growth. Please use -XX:HeapBaseMinAddress
#     to set the Java Heap base and to place the Java Heap above 4GB virtual address.
# This output file may be truncated or incomplete.
#
#  Out of Memory Error (allocation.cpp:389), pid=3060, tid=0x0000000000001b14
#
# JRE version: OpenJDK Runtime Environment (8.0_242-b01) (build 1.8.0_242-release-1644-b01)
# Java VM: OpenJDK 64-Bit Server VM (25.242-b01 mixed mode windows-amd64 compressed oops)
# Failed to write core dump. Minidumps are not enabled by default on client versions of Windows
#

---------------  T H R E A D  ---------------

Current thread (0x00000000170b8800):  JavaThread "C2 CompilerThread0" daemon [_thread_in_native, id=6932, stack(0x0000000018700000,0x0000000018800000)]

Stack: [0x0000000018700000,0x0000000018800000]
[error occurred during error reporting (printing stack bounds), id 0xc0000005]

Native frames: (J=compiled Java code, j=interpreted, Vv=VM code, C=native code)


Current CompileTask:
C2:  13871 8055   !   4       com.google.common.reflect.TypeVisitor::visit (225 bytes)


---------------  P R O C E S S  ---------------

Java Threads: ( => current thread )
  0x0000000019ea5000 JavaThread "stdout" [_thread_in_native, id=1644, stack(0x0000000025470000,0x0000000025570000)]
  0x0000000019ea4000 JavaThread "stderr" [_thread_in_native, id=9464, stack(0x0000000025370000,0x0000000025470000)]
  0x0000000019e9e000 JavaThread "pool-2-thread-1" [_thread_blocked, id=9272, stack(0x0000000025270000,0x0000000025370000)]
  0x0000000019e9d800 JavaThread "WorkerExecutor Queue Thread 4" [_thread_blocked, id=2192, stack(0x0000000025170000,0x0000000025270000)]
  0x0000000019ea2800 JavaThread "WorkerExecutor Queue Thread 3" [_thread_blocked, id=12332, stack(0x0000000025070000,0x0000000025170000)]
  0x0000000019e9f800 JavaThread "WorkerExecutor Queue Thread 2" [_thread_blocked, id=10672, stack(0x0000000024f70000,0x0000000025070000)]
  0x0000000019ea2000 JavaThread "WorkerExecutor Queue" [_thread_blocked, id=10200, stack(0x0000000024e70000,0x0000000024f70000)]
  0x000000001d2cd000 JavaThread "Cache worker for execution history cache (C:\Users\Chondro\AndroidStudioProjects\CornLeafDoctor\.gradle\6.1.1\executionHistory)" [_thread_blocked, id=7904, stack(0x0000000024710000,0x0000000024810000)]
  0x000000001d2d5800 JavaThread "Execution worker for ':' Thread 3" [_thread_in_native, id=11688, stack(0x00000000243d0000,0x00000000244d0000)]
  0x000000001d2d4000 JavaThread "Execution worker for ':' Thread 2" [_thread_blocked, id=1500, stack(0x00000000242d0000,0x00000000243d0000)]
  0x000000001d2d3000 JavaThread "Execution worker for ':'" [_thread_in_Java, id=7108, stack(0x00000000241d0000,0x00000000242d0000)]
  0x000000001d2d6000 JavaThread "Cache worker for file content cache (C:\Users\Chondro\AndroidStudioProjects\CornLeafDoctor\.gradle\6.1.1\fileContent)" [_thread_blocked, id=9100, stack(0x0000000023ed0000,0x0000000023fd0000)]
  0x000000001d2d8800 JavaThread "Cache worker for file content cache (C:\Users\Chondro\.gradle\caches\6.1.1\fileContent)" [_thread_blocked, id=1620, stack(0x0000000023dd0000,0x0000000023ed0000)]
  0x000000001d2d1000 JavaThread "Memory manager" [_thread_blocked, id=9200, stack(0x0000000023cd0000,0x0000000023dd0000)]
  0x000000001d2d0000 JavaThread "Cache worker for Build Output Cleanup Cache (C:\Users\Chondro\AndroidStudioProjects\CornLeafDoctor\.gradle\buildOutputCleanup)" [_thread_blocked, id=4012, stack(0x0000000022200000,0x0000000022300000)]
  0x000000001d2cf800 JavaThread "Build operations Thread 4" [_thread_blocked, id=13168, stack(0x0000000021b00000,0x0000000021c00000)]
  0x000000001d2cc800 JavaThread "Build operations Thread 3" [_thread_blocked, id=11720, stack(0x0000000021a00000,0x0000000021b00000)]
  0x000000001d2ce800 JavaThread "Build operations Thread 2" [_thread_blocked, id=9608, stack(0x0000000021900000,0x0000000021a00000)]
  0x000000001d2cb800 JavaThread "Build operations" [_thread_blocked, id=13060, stack(0x0000000021800000,0x0000000021900000)]
  0x000000001ac1f000 JavaThread "Cache worker for execution history cache (C:\Users\Chondro\.gradle\caches\6.1.1\executionHistory)" [_thread_blocked, id=5892, stack(0x0000000020b00000,0x0000000020c00000)]
  0x000000001ac1d800 JavaThread "Cache worker for cache directory md-rule (C:\Users\Chondro\.gradle\caches\6.1.1\md-rule)" [_thread_blocked, id=11644, stack(0x0000000020a00000,0x0000000020b00000)]
  0x000000001ac1a800 JavaThread "Cache worker for cache directory md-supplier (C:\Users\Chondro\.gradle\caches\6.1.1\md-supplier)" [_thread_blocked, id=7028, stack(0x000000001f660000,0x000000001f760000)]
  0x000000001ac20800 JavaThread "Cache worker for file hash cache (C:\Users\Chondro\AndroidStudioProjects\CornLeafDoctor\.gradle\6.1.1\fileHashes)" [_thread_blocked, id=7584, stack(0x000000001f450000,0x000000001f550000)]
  0x000000001ac19800 JavaThread "Cache worker for checksums cache (C:\Users\Chondro\AndroidStudioProjects\CornLeafDoctor\.gradle\checksums)" [_thread_blocked, id=1556, stack(0x000000001f560000,0x000000001f660000)]
  0x000000001ac1e000 JavaThread "Cache worker for file hash cache (C:\Users\Chondro\.gradle\caches\6.1.1\fileHashes)" [_thread_blocked, id=8436, stack(0x000000001ce20000,0x000000001cf20000)]
  0x000000001ac1f800 JavaThread "File lock request listener" [_thread_in_native, id=5492, stack(0x000000001cd20000,0x000000001ce20000)]
  0x00000000192ed800 JavaThread "Cache worker for journal cache (C:\Users\Chondro\.gradle\caches\journal-1)" [_thread_blocked, id=2112, stack(0x000000001cc20000,0x000000001cd20000)]
  0x000000001aa43800 JavaThread "Thread-9" [_thread_in_Java, id=6656, stack(0x000000001c920000,0x000000001ca20000)]
  0x000000001aa40800 JavaThread "Stdin handler" [_thread_blocked, id=11812, stack(0x000000001c820000,0x000000001c920000)]
  0x000000001aa7b800 JavaThread "Asynchronous log dispatcher for DefaultDaemonConnection: socket connection from /127.0.0.1:58776 to /127.0.0.1:58777" [_thread_blocked, id=12300, stack(0x000000001c720000,0x000000001c820000)]
  0x000000001aa7a000 JavaThread "Daemon worker" [_thread_blocked, id=8760, stack(0x000000001c620000,0x000000001c720000)]
  0x000000001aa82800 JavaThread "Cancel handler" [_thread_blocked, id=4748, stack(0x000000001c520000,0x000000001c620000)]
  0x000000001aa21800 JavaThread "Handler for socket connection from /127.0.0.1:58776 to /127.0.0.1:58777" [_thread_in_native, id=6288, stack(0x000000001c220000,0x000000001c320000)]
  0x000000001a938000 JavaThread "Daemon" [_thread_blocked, id=9412, stack(0x000000001c120000,0x000000001c220000)]
  0x000000001a928000 JavaThread "Daemon periodic checks" [_thread_blocked, id=9176, stack(0x000000001c020000,0x000000001c120000)]
  0x000000001a9c4800 JavaThread "Incoming local TCP Connector on port 58776" [_thread_in_native, id=7116, stack(0x000000001bde0000,0x000000001bee0000)]
  0x0000000019059000 JavaThread "Daemon health stats" [_thread_blocked, id=11820, stack(0x000000001b7a0000,0x000000001b8a0000)]
  0x000000001710e800 JavaThread "Service Thread" daemon [_thread_blocked, id=11816, stack(0x0000000018e00000,0x0000000018f00000)]
  0x00000000170cc800 JavaThread "C1 CompilerThread2" daemon [_thread_in_native, id=11924, stack(0x0000000018900000,0x0000000018a00000)]
  0x00000000170bb000 JavaThread "C2 CompilerThread1" daemon [_thread_blocked, id=12236, stack(0x0000000018800000,0x0000000018900000)]
=>0x00000000170b8800 JavaThread "C2 CompilerThread0" daemon [_thread_in_native, id=6932, stack(0x0000000018700000,0x0000000018800000)]
  0x00000000170b7000 JavaThread "Attach Listener" daemon [_thread_blocked, id=8772, stack(0x0000000018600000,0x0000000018700000)]
  0x00000000170b5800 JavaThread "Signal Dispatcher" daemon [_thread_blocked, id=13036, stack(0x0000000018500000,0x0000000018600000)]
  0x000000000248b800 JavaThread "Finalizer" daemon [_thread_blocked, id=10980, stack(0x0000000018300000,0x0000000018400000)]
  0x0000000017099000 JavaThread "Reference Handler" daemon [_thread_blocked, id=8264, stack(0x0000000018200000,0x0000000018300000)]
  0x0000000002392800 JavaThread "main" [_thread_blocked, id=11020, stack(0x0000000002240000,0x0000000002340000)]

Other Threads:
  0x0000000017076800 VMThread [stack: 0x0000000018100000,0x0000000018200000] [id=5004]
  0x0000000018a28800 WatcherThread [stack: 0x0000000018f00000,0x0000000019000000] [id=3496]

VM state:not at safepoint (normal execution)

VM Mutex/Monitor currently owned by a thread: None

heap address: 0x0000000080000000, size: 2048 MB, Compressed Oops mode: 32-bit
Narrow klass base: 0x0000000000000000, Narrow klass shift: 3
Compressed class space size: 1073741824 Address: 0x0000000100000000

Heap:
 PSYoungGen      total 185856K, used 68720K [0x00000000d5580000, 0x00000000e4880000, 0x0000000100000000)
  eden space 166912K, 29% used [0x00000000d5580000,0x00000000d861fdd0,0x00000000df880000)
  from space 18944K, 99% used [0x00000000df880000,0x00000000e0afc558,0x00000000e0b00000)
  to   space 21504K, 0% used [0x00000000e3380000,0x00000000e3380000,0x00000000e4880000)
 ParOldGen       total 134656K, used 31930K [0x0000000080000000, 0x0000000088380000, 0x00000000d5580000)
  object space 134656K, 23% used [0x0000000080000000,0x0000000081f2eb80,0x0000000088380000)
 Metaspace       used 65508K, capacity 68292K, committed 68504K, reserved 1107968K
  class space    used 8937K, capacity 9537K, committed 9648K, reserved 1048576K

Card table byte_map: [0x0000000011850000,0x0000000011c60000] byte_map_base: 0x0000000011450000

Marking Bits: (ParMarkBitMap*) 0x000000006fc0f030
 Begin Bits: [0x0000000012310000, 0x0000000014310000)
 End Bits:   [0x0000000014310000, 0x0000000016310000)

Polling page: 0x00000000001c0000

CodeCache: size=245760Kb used=23006Kb max_used=23006Kb free=222753Kb
 bounds [0x0000000002490000, 0x0000000003b20000, 0x0000000011490000]
 total_blobs=8257 nmethods=7444 adapters=726
 compilation: enabled

Compilation events (10 events):
Event: 13.855 Thread 0x00000000170cc800 8369       3       org.gradle.internal.execution.history.changes.DefaultExecutionStateChangeDetector$InputFileChangesWrapper::<init> (15 bytes)
Event: 13.856 Thread 0x00000000170cc800 nmethod 8369 0x0000000003b1b810 code [0x0000000003b1b960, 0x0000000003b1bb30]
Event: 13.856 Thread 0x00000000170cc800 8370       3       org.gradle.internal.execution.history.changes.DefaultExecutionStateChangeDetector$IncrementalDetectedExecutionStateChanges::<init> (14 bytes)
Event: 13.856 Thread 0x00000000170cc800 nmethod 8370 0x0000000003b1bbd0 code [0x0000000003b1bd40, 0x0000000003b1bfb0]
Event: 13.858 Thread 0x00000000170cc800 8371       3       org.gradle.internal.operations.OperationFinishEvent::getEndTime (5 bytes)
Event: 13.858 Thread 0x00000000170cc800 nmethod 8371 0x0000000003514050 code [0x00000000035141a0, 0x00000000035142f0]
Event: 13.867 Thread 0x00000000170cc800 8372       3       org.gradle.execution.plan.DefaultExecutionPlan::hasNodeWithOverlappingMutations (75 bytes)
Event: 13.868 Thread 0x00000000170cc800 nmethod 8372 0x0000000003b1c0d0 code [0x0000000003b1c2e0, 0x0000000003b1cdf8]
Event: 13.868 Thread 0x00000000170cc800 8373       3       java.lang.Exception::<init> (6 bytes)
Event: 13.869 Thread 0x00000000170cc800 nmethod 8373 0x0000000003b1d290 code [0x0000000003b1d400, 0x0000000003b1d748]

GC Heap History (10 events):
Event: 7.573 GC heap before
{Heap before GC invocations=12 (full 2):
 PSYoungGen      total 116224K, used 103936K [0x00000000d5580000, 0x00000000dfc80000, 0x0000000100000000)
  eden space 103936K, 100% used [0x00000000d5580000,0x00000000dbb00000,0x00000000dbb00000)
  from space 12288K, 0% used [0x00000000dbb00000,0x00000000dbb00000,0x00000000dc700000)
  to   space 12288K, 0% used [0x00000000df080000,0x00000000df080000,0x00000000dfc80000)
 ParOldGen       total 90624K, used 15894K [0x0000000080000000, 0x0000000085880000, 0x00000000d5580000)
  object space 90624K, 17% used [0x0000000080000000,0x0000000080f85aa0,0x0000000085880000)
 Metaspace       used 43139K, capacity 44586K, committed 44848K, reserved 1087488K
  class space    used 5838K, capacity 6183K, committed 6192K, reserved 1048576K
Event: 7.591 GC heap after
Heap after GC invocations=12 (full 2):
 PSYoungGen      total 143872K, used 12024K [0x00000000d5580000, 0x00000000dfc80000, 0x0000000100000000)
  eden space 131584K, 0% used [0x00000000d5580000,0x00000000d5580000,0x00000000dd600000)
  from space 12288K, 97% used [0x00000000df080000,0x00000000dfc3e180,0x00000000dfc80000)
  to   space 13824K, 0% used [0x00000000de180000,0x00000000de180000,0x00000000def00000)
 ParOldGen       total 90624K, used 15902K [0x0000000080000000, 0x0000000085880000, 0x00000000d5580000)
  object space 90624K, 17% used [0x0000000080000000,0x0000000080f87aa0,0x0000000085880000)
 Metaspace       used 43139K, capacity 44586K, committed 44848K, reserved 1087488K
  class space    used 5838K, capacity 6183K, committed 6192K, reserved 1048576K
}
Event: 9.430 GC heap before
{Heap before GC invocations=13 (full 2):
 PSYoungGen      total 143872K, used 143608K [0x00000000d5580000, 0x00000000dfc80000, 0x0000000100000000)
  eden space 131584K, 100% used [0x00000000d5580000,0x00000000dd600000,0x00000000dd600000)
  from space 12288K, 97% used [0x00000000df080000,0x00000000dfc3e180,0x00000000dfc80000)
  to   space 13824K, 0% used [0x00000000de180000,0x00000000de180000,0x00000000def00000)
 ParOldGen       total 90624K, used 15902K [0x0000000080000000, 0x0000000085880000, 0x00000000d5580000)
  object space 90624K, 17% used [0x0000000080000000,0x0000000080f87aa0,0x0000000085880000)
 Metaspace       used 54314K, capacity 56214K, committed 56496K, reserved 1097728K
  class space    used 7341K, capacity 7758K, committed 7856K, reserved 1048576K
Event: 9.477 GC heap after
Heap after GC invocations=13 (full 2):
 PSYoungGen      total 157184K, used 13820K [0x00000000d5580000, 0x00000000e1d00000, 0x0000000100000000)
  eden space 143360K, 0% used [0x00000000d5580000,0x00000000d5580000,0x00000000de180000)
  from space 13824K, 99% used [0x00000000de180000,0x00000000deeff340,0x00000000def00000)
  to   space 18432K, 0% used [0x00000000e0b00000,0x00000000e0b00000,0x00000000e1d00000)
 ParOldGen       total 90624K, used 24306K [0x0000000080000000, 0x0000000085880000, 0x00000000d5580000)
  object space 90624K, 26% used [0x0000000080000000,0x00000000817bc940,0x0000000085880000)
 Metaspace       used 54314K, capacity 56214K, committed 56496K, reserved 1097728K
  class space    used 7341K, capacity 7758K, committed 7856K, reserved 1048576K
}
Event: 10.014 GC heap before
{Heap before GC invocations=14 (full 2):
 PSYoungGen      total 157184K, used 51462K [0x00000000d5580000, 0x00000000e1d00000, 0x0000000100000000)
  eden space 143360K, 26% used [0x00000000d5580000,0x00000000d7a425a8,0x00000000de180000)
  from space 13824K, 99% used [0x00000000de180000,0x00000000deeff340,0x00000000def00000)
  to   space 18432K, 0% used [0x00000000e0b00000,0x00000000e0b00000,0x00000000e1d00000)
 ParOldGen       total 90624K, used 24306K [0x0000000080000000, 0x0000000085880000, 0x00000000d5580000)
  object space 90624K, 26% used [0x0000000080000000,0x00000000817bc940,0x0000000085880000)
 Metaspace       used 56964K, capacity 59034K, committed 59160K, reserved 1099776K
  class space    used 7688K, capacity 8154K, committed 8240K, reserved 1048576K
Event: 10.038 GC heap after
Heap after GC invocations=14 (full 2):
 PSYoungGen      total 185344K, used 12770K [0x00000000d5580000, 0x00000000e3080000, 0x0000000100000000)
  eden space 166912K, 0% used [0x00000000d5580000,0x00000000d5580000,0x00000000df880000)
  from space 18432K, 69% used [0x00000000e0b00000,0x00000000e17788a0,0x00000000e1d00000)
  to   space 18944K, 0% used [0x00000000df880000,0x00000000df880000,0x00000000e0b00000)
 ParOldGen       total 90624K, used 29548K [0x0000000080000000, 0x0000000085880000, 0x00000000d5580000)
  object space 90624K, 32% used [0x0000000080000000,0x0000000081cdb0a0,0x0000000085880000)
 Metaspace       used 56964K, capacity 59034K, committed 59160K, reserved 1099776K
  class space    used 7688K, capacity 8154K, committed 8240K, reserved 1048576K
}
Event: 10.038 GC heap before
{Heap before GC invocations=15 (full 3):
 PSYoungGen      total 185344K, used 12770K [0x00000000d5580000, 0x00000000e3080000, 0x0000000100000000)
  eden space 166912K, 0% used [0x00000000d5580000,0x00000000d5580000,0x00000000df880000)
  from space 18432K, 69% used [0x00000000e0b00000,0x00000000e17788a0,0x00000000e1d00000)
  to   space 18944K, 0% used [0x00000000df880000,0x00000000df880000,0x00000000e0b00000)
 ParOldGen       total 90624K, used 29548K [0x0000000080000000, 0x0000000085880000, 0x00000000d5580000)
  object space 90624K, 32% used [0x0000000080000000,0x0000000081cdb0a0,0x0000000085880000)
 Metaspace       used 56964K, capacity 59034K, committed 59160K, reserved 1099776K
  class space    used 7688K, capacity 8154K, committed 8240K, reserved 1048576K
Event: 10.301 GC heap after
Heap after GC invocations=15 (full 3):
 PSYoungGen      total 185344K, used 0K [0x00000000d5580000, 0x00000000e3080000, 0x0000000100000000)
  eden space 166912K, 0% used [0x00000000d5580000,0x00000000d5580000,0x00000000df880000)
  from space 18432K, 0% used [0x00000000e0b00000,0x00000000e0b00000,0x00000000e1d00000)
  to   space 18944K, 0% used [0x00000000df880000,0x00000000df880000,0x00000000e0b00000)
 ParOldGen       total 134656K, used 31385K [0x0000000080000000, 0x0000000088380000, 0x00000000d5580000)
  object space 134656K, 23% used [0x0000000080000000,0x0000000081ea6648,0x0000000088380000)
 Metaspace       used 56961K, capacity 59022K, committed 59160K, reserved 1099776K
  class space    used 7687K, capacity 8152K, committed 8240K, reserved 1048576K
}
Event: 12.970 GC heap before
{Heap before GC invocations=16 (full 3):
 PSYoungGen      total 185344K, used 166912K [0x00000000d5580000, 0x00000000e3080000, 0x0000000100000000)
  eden space 166912K, 100% used [0x00000000d5580000,0x00000000df880000,0x00000000df880000)
  from space 18432K, 0% used [0x00000000e0b00000,0x00000000e0b00000,0x00000000e1d00000)
  to   space 18944K, 0% used [0x00000000df880000,0x00000000df880000,0x00000000e0b00000)
 ParOldGen       total 134656K, used 31385K [0x0000000080000000, 0x0000000088380000, 0x00000000d5580000)
  object space 134656K, 23% used [0x0000000080000000,0x0000000081ea6648,0x0000000088380000)
 Metaspace       used 64204K, capacity 66942K, committed 67224K, reserved 1107968K
  class space    used 8791K, capacity 9350K, committed 9392K, reserved 1048576K
Event: 12.998 GC heap after
Heap after GC invocations=16 (full 3):
 PSYoungGen      total 185856K, used 18929K [0x00000000d5580000, 0x00000000e4880000, 0x0000000100000000)
  eden space 166912K, 0% used [0x00000000d5580000,0x00000000d5580000,0x00000000df880000)
  from space 18944K, 99% used [0x00000000df880000,0x00000000e0afc558,0x00000000e0b00000)
  to   space 21504K, 0% used [0x00000000e3380000,0x00000000e3380000,0x00000000e4880000)
 ParOldGen       total 134656K, used 31930K [0x0000000080000000, 0x0000000088380000, 0x00000000d5580000)
  object space 134656K, 23% used [0x0000000080000000,0x0000000081f2eb80,0x0000000088380000)
 Metaspace       used 64204K, capacity 66942K, committed 67224K, reserved 1107968K
  class space    used 8791K, capacity 9350K, committed 9392K, reserved 1048576K
}

Deoptimization events (10 events):
Event: 13.654 Thread 0x000000001d2d4000 Uncommon trap: reason=class_check action=maybe_recompile pc=0x00000000039f6c90 method=com.google.common.base.CharMatcher.indexIn(Ljava/lang/CharSequence;I)I @ 31
Event: 13.654 Thread 0x000000001d2d4000 Uncommon trap: reason=class_check action=maybe_recompile pc=0x00000000039f6c90 method=com.google.common.base.CharMatcher.indexIn(Ljava/lang/CharSequence;I)I @ 31
Event: 13.654 Thread 0x000000001d2d4000 Uncommon trap: reason=class_check action=maybe_recompile pc=0x00000000039f6c90 method=com.google.common.base.CharMatcher.indexIn(Ljava/lang/CharSequence;I)I @ 31
Event: 13.654 Thread 0x000000001d2d4000 Uncommon trap: reason=class_check action=maybe_recompile pc=0x00000000039f6c90 method=com.google.common.base.CharMatcher.indexIn(Ljava/lang/CharSequence;I)I @ 31
Event: 13.654 Thread 0x000000001d2d4000 Uncommon trap: reason=class_check action=maybe_recompile pc=0x0000000003afb20c method=java.util.stream.AbstractPipeline.wrapAndCopyInto(Ljava/util/stream/Sink;Ljava/util/Spliterator;)Ljava/util/stream/Sink; @ 6
Event: 13.655 Thread 0x000000001d2d4000 Uncommon trap: reason=class_check action=maybe_recompile pc=0x0000000003afb20c method=java.util.stream.AbstractPipeline.wrapAndCopyInto(Ljava/util/stream/Sink;Ljava/util/Spliterator;)Ljava/util/stream/Sink; @ 6
Event: 13.663 Thread 0x000000001d2d4000 Uncommon trap: reason=class_check action=maybe_recompile pc=0x0000000003afb20c method=java.util.stream.AbstractPipeline.wrapAndCopyInto(Ljava/util/stream/Sink;Ljava/util/Spliterator;)Ljava/util/stream/Sink; @ 6
Event: 13.679 Thread 0x000000001d2d4000 Uncommon trap: reason=class_check action=maybe_recompile pc=0x0000000003afb20c method=java.util.stream.AbstractPipeline.wrapAndCopyInto(Ljava/util/stream/Sink;Ljava/util/Spliterator;)Ljava/util/stream/Sink; @ 6
Event: 13.816 Thread 0x000000001d2d3000 Uncommon trap: reason=unstable_if action=reinterpret pc=0x00000000037d10d8 method=org.gradle.internal.snapshot.PathUtil.equalChars(CCLorg/gradle/internal/snapshot/CaseSensitivity;)Z @ 40
Event: 13.816 Thread 0x000000001d2d3000 Uncommon trap: reason=unstable_if action=reinterpret pc=0x00000000031e70c0 method=org.gradle.internal.snapshot.PathUtil.equalChars(CCLorg/gradle/internal/snapshot/CaseSensitivity;)Z @ 40

Classes redefined (0 events):
No events

Internal exceptions (10 events):
Event: 13.287 Thread 0x000000001aa7a000 Implicit null exception at 0x0000000003a413c1 to 0x0000000003a414fd
Event: 13.378 Thread 0x000000001aa7a000 Exception <a 'java/lang/NoSuchMethodError': <clinit>> (0x00000000d7257418) thrown at [C:\src\AOSP-openjdk-git\hotspot\src\share\vm\prims\jni.cpp, line 1615]
Event: 13.379 Thread 0x000000001aa7a000 Exception <a 'java/lang/NoSuchMethodError': <clinit>> (0x00000000d726b648) thrown at [C:\src\AOSP-openjdk-git\hotspot\src\share\vm\prims\jni.cpp, line 1615]
Event: 13.380 Thread 0x000000001aa7a000 Exception <a 'java/lang/NoSuchMethodError': <clinit>> (0x00000000d727f398) thrown at [C:\src\AOSP-openjdk-git\hotspot\src\share\vm\prims\jni.cpp, line 1615]
Event: 13.381 Thread 0x000000001aa7a000 Exception <a 'java/lang/NoSuchMethodError': <clinit>> (0x00000000d7296520) thrown at [C:\src\AOSP-openjdk-git\hotspot\src\share\vm\prims\jni.cpp, line 1615]
Event: 13.472 Thread 0x0000000019ea2000 Exception <a 'java/io/IOException': CreateProcess error=1455, The paging file is too small for this operation to complete> (0x00000000d7618840) thrown at [C:\src\AOSP-openjdk-git\hotspot\src\share\vm\prims\jni.cpp, line 737]
Event: 13.507 Thread 0x0000000019ea2000 Exception <a 'java/io/IOException': CreateProcess error=1450, Insufficient system resources exist to complete the requested service> (0x00000000d79d44a8) thrown at [C:\src\AOSP-openjdk-git\hotspot\src\share\vm\prims\jni.cpp, line 737]
Event: 13.536 Thread 0x0000000019e9f800 Exception <a 'java/io/IOException'> (0x00000000d7654cc0) thrown at [C:\src\AOSP-openjdk-git\hotspot\src\share\vm\prims\jni.cpp, line 710]
Event: 13.536 Thread 0x0000000019ea2000 Exception <a 'java/io/IOException'> (0x00000000d7a04008) thrown at [C:\src\AOSP-openjdk-git\hotspot\src\share\vm\prims\jni.cpp, line 710]
Event: 13.647 Thread 0x0000000019ea2800 Exception <a 'java/io/IOException'> (0x00000000d7963318) thrown at [C:\src\AOSP-openjdk-git\hotspot\src\share\vm\prims\jni.cpp, line 710]

Events (10 events):
Event: 13.704 Executing VM operation: RevokeBias
Event: 13.705 Executing VM operation: RevokeBias done
Event: 13.816 Thread 0x000000001d2d3000 Uncommon trap: trap_request=0xffffff65 fr.pc=0x00000000037d10d8
Event: 13.816 Thread 0x000000001d2d3000 DEOPT PACKING pc=0x00000000037d10d8 sp=0x00000000242cca10
Event: 13.816 Thread 0x000000001d2d3000 DEOPT UNPACKING pc=0x00000000024d557b sp=0x00000000242cc938 mode 2
Event: 13.816 Thread 0x000000001d2d3000 Uncommon trap: trap_request=0xffffff65 fr.pc=0x00000000031e70c0
Event: 13.816 Thread 0x000000001d2d3000 DEOPT PACKING pc=0x00000000031e70c0 sp=0x00000000242cc830
Event: 13.816 Thread 0x000000001d2d3000 DEOPT UNPACKING pc=0x00000000024d557b sp=0x00000000242cc7e0 mode 2
Event: 13.846 loading class org/gradle/api/internal/file/AbstractFileTree$2
Event: 13.846 loading class org/gradle/api/internal/file/AbstractFileTree$2 done


Dynamic libraries:
0x00007ff69b910000 - 0x00007ff69b941000 	C:\Program Files\Android\Android Studio\jre\bin\java.exe
0x00007fff73520000 - 0x00007fff73710000 	C:\WINDOWS\SYSTEM32\ntdll.dll
0x00007fff71930000 - 0x00007fff719e2000 	C:\WINDOWS\System32\KERNEL32.DLL
0x00007fff704a0000 - 0x00007fff70744000 	C:\WINDOWS\System32\KERNELBASE.dll
0x00007fff72ea0000 - 0x00007fff72f43000 	C:\WINDOWS\System32\ADVAPI32.dll
0x00007fff72bb0000 - 0x00007fff72c4e000 	C:\WINDOWS\System32\msvcrt.dll
0x00007fff72e00000 - 0x00007fff72e97000 	C:\WINDOWS\System32\sechost.dll
0x00007fff71a20000 - 0x00007fff71b40000 	C:\WINDOWS\System32\RPCRT4.dll
0x00007fff72750000 - 0x00007fff728e4000 	C:\WINDOWS\System32\USER32.dll
0x00007fff708a0000 - 0x00007fff708c1000 	C:\WINDOWS\System32\win32u.dll
0x00007fff719f0000 - 0x00007fff71a16000 	C:\WINDOWS\System32\GDI32.dll
0x00007fff71410000 - 0x00007fff715a6000 	C:\WINDOWS\System32\gdi32full.dll
0x00007fff70be0000 - 0x00007fff70c7e000 	C:\WINDOWS\System32\msvcp_win.dll
0x00007fff709d0000 - 0x00007fff70aca000 	C:\WINDOWS\System32\ucrtbase.dll
0x00007fff60230000 - 0x00007fff604b4000 	C:\WINDOWS\WinSxS\amd64_microsoft.windows.common-controls_6595b64144ccf1df_6.0.18362.959_none_e6c7bbbf130c62bb\COMCTL32.dll
0x00007fff715f0000 - 0x00007fff71925000 	C:\WINDOWS\System32\combase.dll
0x00007fff70b60000 - 0x00007fff70be0000 	C:\WINDOWS\System32\bcryptPrimitives.dll
0x00007fff733c0000 - 0x00007fff733ee000 	C:\WINDOWS\System32\IMM32.DLL
0x000000006f360000 - 0x000000006f432000 	C:\Program Files\Android\Android Studio\jre\jre\bin\msvcr100.dll
0x000000006f440000 - 0x000000006fc8b000 	C:\Program Files\Android\Android Studio\jre\jre\bin\server\jvm.dll
0x00007fff733f0000 - 0x00007fff733f8000 	C:\WINDOWS\System32\PSAPI.DLL
0x00007fff6d030000 - 0x00007fff6d039000 	C:\WINDOWS\SYSTEM32\WSOCK32.dll
0x00007fff6cdf0000 - 0x00007fff6ce14000 	C:\WINDOWS\SYSTEM32\WINMM.dll
0x00007fff71c60000 - 0x00007fff71ccf000 	C:\WINDOWS\System32\WS2_32.dll
0x00007fff69ab0000 - 0x00007fff69aba000 	C:\WINDOWS\SYSTEM32\VERSION.dll
0x00007fff6cdc0000 - 0x00007fff6cded000 	C:\WINDOWS\SYSTEM32\WINMMBASE.dll
0x00007fff70980000 - 0x00007fff709ca000 	C:\WINDOWS\System32\cfgmgr32.dll
0x00007fff6b490000 - 0x00007fff6b49f000 	C:\Program Files\Android\Android Studio\jre\jre\bin\verify.dll
0x00007fff68df0000 - 0x00007fff68e19000 	C:\Program Files\Android\Android Studio\jre\jre\bin\java.dll
0x00007fff69300000 - 0x00007fff69316000 	C:\Program Files\Android\Android Studio\jre\jre\bin\zip.dll
0x00007fff71e30000 - 0x00007fff72516000 	C:\WINDOWS\System32\SHELL32.dll
0x00007fff728f0000 - 0x00007fff72999000 	C:\WINDOWS\System32\shcore.dll
0x00007fff70c80000 - 0x00007fff71402000 	C:\WINDOWS\System32\windows.storage.dll
0x00007fff703e0000 - 0x00007fff70403000 	C:\WINDOWS\System32\profapi.dll
0x00007fff70450000 - 0x00007fff7049a000 	C:\WINDOWS\System32\powrprof.dll
0x00007fff703d0000 - 0x00007fff703e0000 	C:\WINDOWS\System32\UMPDC.dll
0x00007fff72b50000 - 0x00007fff72ba2000 	C:\WINDOWS\System32\shlwapi.dll
0x00007fff70410000 - 0x00007fff70421000 	C:\WINDOWS\System32\kernel.appcore.dll
0x00007fff715b0000 - 0x00007fff715c7000 	C:\WINDOWS\System32\cryptsp.dll
0x00007fff68f00000 - 0x00007fff68f1a000 	C:\Program Files\Android\Android Studio\jre\jre\bin\net.dll
0x00007fff6fc40000 - 0x00007fff6fca7000 	C:\WINDOWS\system32\mswsock.dll
0x00007fff68910000 - 0x00007fff68923000 	C:\Program Files\Android\Android Studio\jre\jre\bin\nio.dll
0x00007fff57530000 - 0x00007fff57556000 	C:\Users\Chondro\.gradle\native\31\windows-amd64\native-platform.dll
0x00007fff6b0a0000 - 0x00007fff6b0ad000 	C:\Program Files\Android\Android Studio\jre\jre\bin\management.dll
0x00007fff6f7b0000 - 0x00007fff6f7e3000 	C:\WINDOWS\system32\rsaenh.dll
0x00007fff70b30000 - 0x00007fff70b56000 	C:\WINDOWS\System32\bcrypt.dll
0x00007fff702f0000 - 0x00007fff70315000 	C:\WINDOWS\SYSTEM32\USERENV.dll
0x00007fff6fe10000 - 0x00007fff6fe1c000 	C:\WINDOWS\SYSTEM32\CRYPTBASE.dll
0x00007fff6f950000 - 0x00007fff6f98a000 	C:\WINDOWS\SYSTEM32\IPHLPAPI.DLL
0x00007fff72df0000 - 0x00007fff72df8000 	C:\WINDOWS\System32\NSI.dll
0x00007fff66180000 - 0x00007fff66196000 	C:\WINDOWS\SYSTEM32\dhcpcsvc6.DLL
0x00007fff63ea0000 - 0x00007fff63ebc000 	C:\WINDOWS\SYSTEM32\dhcpcsvc.DLL
0x00007fff6f990000 - 0x00007fff6fa5b000 	C:\WINDOWS\SYSTEM32\DNSAPI.dll

VM Arguments:
jvm_args: -Xmx2048m -Dfile.encoding=windows-1252 -Duser.country=US -Duser.language=en -Duser.variant 
java_command: org.gradle.launcher.daemon.bootstrap.GradleDaemon 6.1.1
java_class_path (initial): C:\Users\Chondro\.gradle\wrapper\dists\gradle-6.1.1-all\cfmwm155h49vnt3hynmlrsdst\gradle-6.1.1\lib\gradle-launcher-6.1.1.jar
Launcher Type: SUN_STANDARD

Environment Variables:
PATH=C:\Program Files (x86)\Common Files\Oracle\Java\javapath;C:\Program Files (x86)\Python38-32\Scripts\;C:\Program Files (x86)\Python38-32\;C:\WINDOWS\system32;C:\WINDOWS;C:\WINDOWS\System32\Wbem;C:\WINDOWS\System32\WindowsPowerShell\v1.0\;C:\WINDOWS\System32\OpenSSH\;C:\Program Files\NVIDIA Corporation\NVIDIA NvDLISR;C:\Program Files (x86)\NVIDIA Corporation\PhysX\Common;C:\Program Files\Microsoft SQL Server\Client SDK\ODBC\130\Tools\Binn\;C:\Program Files (x86)\Microsoft SQL Server\140\Tools\Binn\;C:\Program Files\Microsoft SQL Server\140\Tools\Binn\;C:\Program Files\Microsoft SQL Server\140\DTS\Binn\;C:\Program Files (x86)\Microsoft SQL Server\150\DTS\Binn\;C:\Program Files\Microsoft VS Code\bin;C:\Program Files\Microsoft SQL Server\130\Tools\Binn\;C:\Program Files\Microsoft SQL Server\Client SDK\ODBC\170\Tools\Binn\;C:\Program Files\Java\jdk-13.0.1\bin;C:\Program Files\MongoDB\Server\4.2\bin;C:\Program Files\Git\cmd;C:\Program Files\nodejs\;C:\Go\bin;C:\Program Files\dotnet\;C:\Users\Chondro\AppData\Local\Microsoft\WindowsApps;C:\Users\Chondro\.dotnet\tools;C:\Users\Chondro\AppData\Roaming\npm;C:\Users\Chondro\go\bin
USERNAME=Chondro
OS=Windows_NT
PROCESSOR_IDENTIFIER=Intel64 Family 6 Model 78 Stepping 3, GenuineIntel



---------------  S Y S T E M  ---------------

OS: Windows 10.0 , 64 bit Build 18362 (10.0.18362.959)

CPU:total 4 (initial active 4) (2 cores per cpu, 2 threads per core) family 6 model 78 stepping 3, cmov, cx8, fxsr, mmx, sse, sse2, sse3, ssse3, sse4.1, sse4.2, popcnt, avx, avx2, aes, clmul, erms, 3dnowpref, lzcnt, ht, tsc, tscinvbit, bmi1, bmi2, adx

Memory: 4k page, physical 8292256k(1112772k free), swap 8292256k(4436k free)

vm_info: OpenJDK 64-Bit Server VM (25.242-b01) for windows-amd64 JRE (1.8.0_242-release-1644-b01), built by "builder" with MS VC++ 10.0 (VS2010)

time: Tue Aug 11 22:48:55 2020
timezone: SE Asia Standard Time
elapsed time: 13 seconds (0d 0h 0m 13s)

