#
# There is insufficient memory for the Java Runtime Environment to continue.
# Native memory allocation (malloc) failed to allocate 262160 bytes for Chunk::new
# Possible reasons:
#   The system is out of physical RAM or swap space
#   The process is running with CompressedOops enabled, and the Java Heap may be blocking the growth of the native heap
# Possible solutions:
#   Reduce memory load on the system
#   Increase physical memory or swap space
#   Check if swap backing store is full
#   Decrease Java heap size (-Xmx/-Xms)
#   Decrease number of Java threads
#   Decrease Java thread stack sizes (-Xss)
#   Set larger code cache with -XX:ReservedCodeCacheSize=
#   JVM is running with Unscaled Compressed Oops mode in which the Java heap is
#     placed in the first 4GB address space. The Java Heap base address is the
#     maximum limit for the native heap growth. Please use -XX:HeapBaseMinAddress
#     to set the Java Heap base and to place the Java Heap above 4GB virtual address.
# This output file may be truncated or incomplete.
#
#  Out of Memory Error (allocation.cpp:389), pid=544, tid=0x0000000000002688
#
# JRE version: OpenJDK Runtime Environment (8.0_242-b01) (build 1.8.0_242-release-1644-b01)
# Java VM: OpenJDK 64-Bit Server VM (25.242-b01 mixed mode windows-amd64 compressed oops)
# Failed to write core dump. Minidumps are not enabled by default on client versions of Windows
#

---------------  T H R E A D  ---------------

Current thread (0x0000000017ddb000):  JavaThread "C2 CompilerThread1" daemon [_thread_in_native, id=9864, stack(0x0000000019520000,0x0000000019620000)]

Stack: [0x0000000019520000,0x0000000019620000]
[error occurred during error reporting (printing stack bounds), id 0xc0000005]

Native frames: (J=compiled Java code, j=interpreted, Vv=VM code, C=native code)


Current CompileTask:
C2: 258068 11660       4       java.io.ObjectOutputStream::writeClassDesc (60 bytes)


---------------  P R O C E S S  ---------------

Java Threads: ( => current thread )
  0x0000000019948800 JavaThread "WorkerExecutor Queue Thread 3" [_thread_blocked, id=9272, stack(0x00000000272e0000,0x00000000273e0000)]
  0x0000000019941000 JavaThread "RMI TCP Connection(2)-127.0.0.1" daemon [_thread_in_native, id=3176, stack(0x00000000271e0000,0x00000000272e0000)]
  0x0000000019947000 JavaThread "RMI RenewClean-[127.0.0.1:17778,org.jetbrains.kotlin.daemon.common.LoopbackNetworkInterface$ClientLoopbackSocketFactory@2f0f92f8]" daemon [_thread_blocked, id=11596, stack(0x0000000026fc0000,0x00000000270c0000)]
  0x0000000019946800 JavaThread "WorkerExecutor Queue Thread 2" [_thread_blocked, id=7640, stack(0x00000000270e0000,0x00000000271e0000)]
  0x0000000019948000 JavaThread "stdout" [_thread_in_native, id=3316, stack(0x0000000026ec0000,0x0000000026fc0000)]
  0x0000000019940800 JavaThread "stderr" [_thread_in_native, id=2332, stack(0x0000000026dc0000,0x0000000026ec0000)]
  0x000000001993f000 JavaThread "pool-4-thread-1" [_thread_blocked, id=1812, stack(0x0000000026cc0000,0x0000000026dc0000)]
  0x0000000019945000 JavaThread "WorkerExecutor Queue" [_thread_blocked, id=12164, stack(0x0000000026bc0000,0x0000000026cc0000)]
  0x000000001993f800 JavaThread "Cache worker for execution history cache (C:\Users\Chondro\AndroidStudioProjects\CornLeafDoctor\.gradle\6.1.1\executionHistory)" [_thread_blocked, id=7276, stack(0x00000000268c0000,0x00000000269c0000)]
  0x0000000019945800 JavaThread "Execution worker for ':' Thread 3" [_thread_blocked, id=2204, stack(0x00000000265c0000,0x00000000266c0000)]
  0x000000001be42000 JavaThread "Execution worker for ':' Thread 2" [_thread_blocked, id=10736, stack(0x00000000261c0000,0x00000000262c0000)]
  0x000000001be41800 JavaThread "Execution worker for ':'" [_thread_blocked, id=11124, stack(0x0000000025fc0000,0x00000000260c0000)]
  0x000000001be40800 JavaThread "Cache worker for file content cache (C:\Users\Chondro\AndroidStudioProjects\CornLeafDoctor\.gradle\6.1.1\fileContent)" [_thread_blocked, id=7332, stack(0x00000000258c0000,0x00000000259c0000)]
  0x000000001be3d800 JavaThread "Cache worker for Build Output Cleanup Cache (C:\Users\Chondro\AndroidStudioProjects\CornLeafDoctor\.gradle\buildOutputCleanup)" [_thread_blocked, id=9376, stack(0x0000000022630000,0x0000000022730000)]
  0x000000001f223800 JavaThread "Build operations Thread 4" [_thread_blocked, id=2928, stack(0x00000000255c0000,0x00000000256c0000)]
  0x000000001f223000 JavaThread "Build operations Thread 3" [_thread_blocked, id=3036, stack(0x0000000024c00000,0x0000000024d00000)]
  0x000000001f222000 JavaThread "Build operations Thread 2" [_thread_blocked, id=12520, stack(0x0000000022f30000,0x0000000023030000)]
  0x000000001f21f000 JavaThread "Build operations" [_thread_blocked, id=12560, stack(0x0000000022750000,0x0000000022850000)]
  0x000000001f221800 JavaThread "Cache worker for cache directory md-rule (C:\Users\Chondro\.gradle\caches\6.1.1\md-rule)" [_thread_blocked, id=9440, stack(0x00000000220f0000,0x00000000221f0000)]
  0x000000001a560800 JavaThread "Cache worker for cache directory md-supplier (C:\Users\Chondro\.gradle\caches\6.1.1\md-supplier)" [_thread_blocked, id=10776, stack(0x00000000204b0000,0x00000000205b0000)]
  0x000000001a560000 JavaThread "Cache worker for file hash cache (C:\Users\Chondro\AndroidStudioProjects\CornLeafDoctor\.gradle\6.1.1\fileHashes)" [_thread_blocked, id=8388, stack(0x000000001dda0000,0x000000001dea0000)]
  0x000000001a55d800 JavaThread "Cache worker for checksums cache (C:\Users\Chondro\AndroidStudioProjects\CornLeafDoctor\.gradle\checksums)" [_thread_blocked, id=4844, stack(0x000000001d6a0000,0x000000001d7a0000)]
  0x000000001a55d000 JavaThread "Thread-37" [_thread_in_native, id=2464, stack(0x000000001d3a0000,0x000000001d4a0000)]
  0x000000001a555000 JavaThread "Stdin handler" [_thread_blocked, id=8416, stack(0x000000001d2a0000,0x000000001d3a0000)]
  0x000000001a554800 JavaThread "Asynchronous log dispatcher for DefaultDaemonConnection: socket connection from /127.0.0.1:57487 to /127.0.0.1:57560" [_thread_blocked, id=2640, stack(0x000000001cfa0000,0x000000001d0a0000)]
  0x000000001a55b000 JavaThread "Daemon worker Thread 2" [_thread_blocked, id=11332, stack(0x000000001cea0000,0x000000001cfa0000)]
  0x000000001a559000 JavaThread "Cancel handler" [_thread_blocked, id=340, stack(0x0000000001580000,0x0000000001680000)]
  0x000000001a558000 JavaThread "Handler for socket connection from /127.0.0.1:57487 to /127.0.0.1:57560" [_thread_in_native, id=8168, stack(0x0000000001480000,0x0000000001580000)]
  0x000000001a553800 JavaThread "Daemon Thread 2" [_thread_blocked, id=1292, stack(0x0000000001380000,0x0000000001480000)]
  0x000000001a55c000 JavaThread "RMI Reaper" [_thread_blocked, id=10028, stack(0x00000000264c0000,0x00000000265c0000)]
  0x000000001a55e800 JavaThread "RMI TCP Accept-0" daemon [_thread_in_native, id=10404, stack(0x00000000263c0000,0x00000000264c0000)]
  0x000000001a55a800 JavaThread "GC Daemon" daemon [_thread_blocked, id=12176, stack(0x00000000262c0000,0x00000000263c0000)]
  0x000000001a553000 JavaThread "RMI Scheduler(0)" daemon [_thread_blocked, id=6700, stack(0x00000000260c0000,0x00000000261c0000)]
  0x000000001a556800 JavaThread "Cache worker for file content cache (C:\Users\Chondro\.gradle\caches\6.1.1\fileContent)" [_thread_blocked, id=9384, stack(0x0000000024b00000,0x0000000024c00000)]
  0x000000001a551800 JavaThread "Memory manager" [_thread_blocked, id=9340, stack(0x0000000024a00000,0x0000000024b00000)]
  0x000000001be43000 JavaThread "Cache worker for execution history cache (C:\Users\Chondro\.gradle\caches\6.1.1\executionHistory)" [_thread_blocked, id=12640, stack(0x00000000217f0000,0x00000000218f0000)]
  0x000000001be3c000 JavaThread "Cache worker for file hash cache (C:\Users\Chondro\.gradle\caches\6.1.1\fileHashes)" [_thread_blocked, id=1676, stack(0x000000001dba0000,0x000000001dca0000)]
  0x000000001bc0a800 JavaThread "File lock request listener" [_thread_in_native, id=6952, stack(0x000000001daa0000,0x000000001dba0000)]
  0x000000001bcdb800 JavaThread "Cache worker for journal cache (C:\Users\Chondro\.gradle\caches\journal-1)" [_thread_blocked, id=2488, stack(0x000000001d9a0000,0x000000001daa0000)]
  0x000000001bb68000 JavaThread "Daemon periodic checks" [_thread_blocked, id=8680, stack(0x000000001cda0000,0x000000001cea0000)]
  0x000000001b9f0800 JavaThread "Incoming local TCP Connector on port 57487" [_thread_in_native, id=7908, stack(0x0000000019e20000,0x0000000019f20000)]
  0x00000000197ee800 JavaThread "Daemon health stats" [_thread_blocked, id=11388, stack(0x0000000019d20000,0x0000000019e20000)]
  0x0000000019748800 JavaThread "Service Thread" daemon [_thread_blocked, id=2380, stack(0x0000000019b20000,0x0000000019c20000)]
  0x0000000017deb800 JavaThread "C1 CompilerThread2" daemon [_thread_blocked, id=10704, stack(0x0000000019620000,0x0000000019720000)]
=>0x0000000017ddb000 JavaThread "C2 CompilerThread1" daemon [_thread_in_native, id=9864, stack(0x0000000019520000,0x0000000019620000)]
  0x0000000017dd8800 JavaThread "C2 CompilerThread0" daemon [_thread_in_native, id=11692, stack(0x0000000019420000,0x0000000019520000)]
  0x0000000017dd7000 JavaThread "Attach Listener" daemon [_thread_blocked, id=4544, stack(0x0000000019320000,0x0000000019420000)]
  0x0000000017dd5800 JavaThread "Signal Dispatcher" daemon [_thread_blocked, id=13064, stack(0x0000000019220000,0x0000000019320000)]
  0x0000000017db8800 JavaThread "Finalizer" daemon [_thread_blocked, id=11472, stack(0x0000000019020000,0x0000000019120000)]
  0x00000000031a2000 JavaThread "Reference Handler" daemon [_thread_blocked, id=6676, stack(0x0000000018f20000,0x0000000019020000)]
  0x00000000030b2800 JavaThread "main" [_thread_blocked, id=3116, stack(0x0000000002fb0000,0x00000000030b0000)]

Other Threads:
  0x0000000017d95800 VMThread [stack: 0x0000000018e20000,0x0000000018f20000] [id=5488]
  0x0000000017e2d800 WatcherThread [stack: 0x0000000019c20000,0x0000000019d20000] [id=4956]

VM state:not at safepoint (normal execution)

VM Mutex/Monitor currently owned by a thread: None

heap address: 0x0000000080000000, size: 2048 MB, Compressed Oops mode: 32-bit
Narrow klass base: 0x0000000000000000, Narrow klass shift: 3
Compressed class space size: 1073741824 Address: 0x0000000100000000

Heap:
 PSYoungGen      total 533504K, used 231332K [0x00000000d5580000, 0x00000000f9000000, 0x0000000100000000)
  eden space 507392K, 40% used [0x00000000d5580000,0x00000000e1dee2f8,0x00000000f4500000)
  from space 26112K, 99% used [0x00000000f6500000,0x00000000f7e7af90,0x00000000f7e80000)
  to   space 32768K, 0% used [0x00000000f4500000,0x00000000f4500000,0x00000000f6500000)
 ParOldGen       total 117248K, used 38759K [0x0000000080000000, 0x0000000087280000, 0x00000000d5580000)
  object space 117248K, 33% used [0x0000000080000000,0x00000000825d9e18,0x0000000087280000)
 Metaspace       used 81029K, capacity 84564K, committed 84760K, reserved 1122304K
  class space    used 10793K, capacity 11502K, committed 11568K, reserved 1048576K

Card table byte_map: [0x0000000012570000,0x0000000012980000] byte_map_base: 0x0000000012170000

Marking Bits: (ParMarkBitMap*) 0x000000006fc0f030
 Begin Bits: [0x0000000013030000, 0x0000000015030000)
 End Bits:   [0x0000000015030000, 0x0000000017030000)

Polling page: 0x0000000001830000

CodeCache: size=245760Kb used=32064Kb max_used=32097Kb free=213695Kb
 bounds [0x00000000031b0000, 0x0000000005130000, 0x00000000121b0000]
 total_blobs=11040 nmethods=10162 adapters=790
 compilation: enabled

Compilation events (10 events):
Event: 258.040 Thread 0x0000000017ddb000 nmethod 11657 0x00000000034754d0 code [0x0000000003475620, 0x0000000003475788]
Event: 258.041 Thread 0x0000000017deb800 11658       1       com.android.builder.files.ZipCentralDirectory::uintToLong (7 bytes)
Event: 258.041 Thread 0x0000000017deb800 nmethod 11658 0x00000000034751d0 code [0x0000000003475320, 0x0000000003475430]
Event: 258.042 Thread 0x0000000017deb800 11653       3       java.io.ObjectStreamClass::getField (84 bytes)
Event: 258.043 Thread 0x0000000017deb800 nmethod 11653 0x000000000336d210 code [0x000000000336d400, 0x000000000336dcb8]
Event: 258.043 Thread 0x0000000017deb800 11659       3       com.google.gson.stream.JsonReader::nextQuotedValue (270 bytes)
Event: 258.044 Thread 0x0000000017ddb000 11660       4       java.io.ObjectOutputStream::writeClassDesc (60 bytes)
Event: 258.046 Thread 0x0000000017deb800 nmethod 11659 0x000000000512aad0 code [0x000000000512ae40, 0x000000000512cbd8]
Event: 258.046 Thread 0x0000000017deb800 11656       3       com.android.builder.files.DirectoryEntry::<init> (27 bytes)
Event: 258.047 Thread 0x0000000017deb800 nmethod 11656 0x0000000003be2f90 code [0x0000000003be3100, 0x0000000003be33c8]

GC Heap History (10 events):
Event: 5.681 GC heap before
{Heap before GC invocations=9 (full 2):
 PSYoungGen      total 276480K, used 9275K [0x00000000d5580000, 0x00000000f1780000, 0x0000000100000000)
  eden space 260096K, 0% used [0x00000000d5580000,0x00000000d5580000,0x00000000e5380000)
  from space 16384K, 56% used [0x00000000e5380000,0x00000000e5c8ef70,0x00000000e6380000)
  to   space 15872K, 0% used [0x00000000f0800000,0x00000000f0800000,0x00000000f1780000)
 ParOldGen       total 58880K, used 12223K [0x0000000080000000, 0x0000000083980000, 0x00000000d5580000)
  object space 58880K, 20% used [0x0000000080000000,0x0000000080befea0,0x0000000083980000)
 Metaspace       used 34456K, capacity 35338K, committed 35496K, reserved 1079296K
  class space    used 4718K, capacity 4934K, committed 5040K, reserved 1048576K
Event: 5.800 GC heap after
Heap after GC invocations=9 (full 2):
 PSYoungGen      total 276480K, used 0K [0x00000000d5580000, 0x00000000f1780000, 0x0000000100000000)
  eden space 260096K, 0% used [0x00000000d5580000,0x00000000d5580000,0x00000000e5380000)
  from space 16384K, 0% used [0x00000000e5380000,0x00000000e5380000,0x00000000e6380000)
  to   space 15872K, 0% used [0x00000000f0800000,0x00000000f0800000,0x00000000f1780000)
 ParOldGen       total 80384K, used 15895K [0x0000000080000000, 0x0000000084e80000, 0x00000000d5580000)
  object space 80384K, 19% used [0x0000000080000000,0x0000000080f85d28,0x0000000084e80000)
 Metaspace       used 34456K, capacity 35338K, committed 35496K, reserved 1079296K
  class space    used 4718K, capacity 4934K, committed 5040K, reserved 1048576K
}
Event: 9.559 GC heap before
{Heap before GC invocations=10 (full 2):
 PSYoungGen      total 276480K, used 260096K [0x00000000d5580000, 0x00000000f1780000, 0x0000000100000000)
  eden space 260096K, 100% used [0x00000000d5580000,0x00000000e5380000,0x00000000e5380000)
  from space 16384K, 0% used [0x00000000e5380000,0x00000000e5380000,0x00000000e6380000)
  to   space 15872K, 0% used [0x00000000f0800000,0x00000000f0800000,0x00000000f1780000)
 ParOldGen       total 80384K, used 15895K [0x0000000080000000, 0x0000000084e80000, 0x00000000d5580000)
  object space 80384K, 19% used [0x0000000080000000,0x0000000080f85d28,0x0000000084e80000)
 Metaspace       used 55760K, capacity 57746K, committed 57904K, reserved 1099776K
  class space    used 7540K, capacity 7970K, committed 7984K, reserved 1048576K
Event: 9.592 GC heap after
Heap after GC invocations=10 (full 2):
 PSYoungGen      total 403456K, used 15852K [0x00000000d5580000, 0x00000000f1780000, 0x0000000100000000)
  eden space 387584K, 0% used [0x00000000d5580000,0x00000000d5580000,0x00000000ed000000)
  from space 15872K, 99% used [0x00000000f0800000,0x00000000f177b330,0x00000000f1780000)
  to   space 24576K, 0% used [0x00000000ee780000,0x00000000ee780000,0x00000000eff80000)
 ParOldGen       total 80384K, used 30900K [0x0000000080000000, 0x0000000084e80000, 0x00000000d5580000)
  object space 80384K, 38% used [0x0000000080000000,0x0000000081e2d0a0,0x0000000084e80000)
 Metaspace       used 55760K, capacity 57746K, committed 57904K, reserved 1099776K
  class space    used 7540K, capacity 7970K, committed 7984K, reserved 1048576K
}
Event: 9.899 GC heap before
{Heap before GC invocations=11 (full 2):
 PSYoungGen      total 403456K, used 36604K [0x00000000d5580000, 0x00000000f1780000, 0x0000000100000000)
  eden space 387584K, 5% used [0x00000000d5580000,0x00000000d69c3d20,0x00000000ed000000)
  from space 15872K, 99% used [0x00000000f0800000,0x00000000f177b330,0x00000000f1780000)
  to   space 24576K, 0% used [0x00000000ee780000,0x00000000ee780000,0x00000000eff80000)
 ParOldGen       total 80384K, used 30900K [0x0000000080000000, 0x0000000084e80000, 0x00000000d5580000)
  object space 80384K, 38% used [0x0000000080000000,0x0000000081e2d0a0,0x0000000084e80000)
 Metaspace       used 57024K, capacity 59060K, committed 59160K, reserved 1099776K
  class space    used 7701K, capacity 8161K, committed 8240K, reserved 1048576K
Event: 9.921 GC heap after
Heap after GC invocations=11 (full 2):
 PSYoungGen      total 436224K, used 17569K [0x00000000d5580000, 0x00000000f7e80000, 0x0000000100000000)
  eden space 411648K, 0% used [0x00000000d5580000,0x00000000d5580000,0x00000000ee780000)
  from space 24576K, 71% used [0x00000000ee780000,0x00000000ef8a8700,0x00000000eff80000)
  to   space 26112K, 0% used [0x00000000f6500000,0x00000000f6500000,0x00000000f7e80000)
 ParOldGen       total 80384K, used 30908K [0x0000000080000000, 0x0000000084e80000, 0x00000000d5580000)
  object space 80384K, 38% used [0x0000000080000000,0x0000000081e2f0a0,0x0000000084e80000)
 Metaspace       used 57024K, capacity 59060K, committed 59160K, reserved 1099776K
  class space    used 7701K, capacity 8161K, committed 8240K, reserved 1048576K
}
Event: 9.921 GC heap before
{Heap before GC invocations=12 (full 3):
 PSYoungGen      total 436224K, used 17569K [0x00000000d5580000, 0x00000000f7e80000, 0x0000000100000000)
  eden space 411648K, 0% used [0x00000000d5580000,0x00000000d5580000,0x00000000ee780000)
  from space 24576K, 71% used [0x00000000ee780000,0x00000000ef8a8700,0x00000000eff80000)
  to   space 26112K, 0% used [0x00000000f6500000,0x00000000f6500000,0x00000000f7e80000)
 ParOldGen       total 80384K, used 30908K [0x0000000080000000, 0x0000000084e80000, 0x00000000d5580000)
  object space 80384K, 38% used [0x0000000080000000,0x0000000081e2f0a0,0x0000000084e80000)
 Metaspace       used 57024K, capacity 59060K, committed 59160K, reserved 1099776K
  class space    used 7701K, capacity 8161K, committed 8240K, reserved 1048576K
Event: 10.162 GC heap after
Heap after GC invocations=12 (full 3):
 PSYoungGen      total 436224K, used 0K [0x00000000d5580000, 0x00000000f7e80000, 0x0000000100000000)
  eden space 411648K, 0% used [0x00000000d5580000,0x00000000d5580000,0x00000000ee780000)
  from space 24576K, 0% used [0x00000000ee780000,0x00000000ee780000,0x00000000eff80000)
  to   space 26112K, 0% used [0x00000000f6500000,0x00000000f6500000,0x00000000f7e80000)
 ParOldGen       total 117248K, used 30425K [0x0000000080000000, 0x0000000087280000, 0x00000000d5580000)
  object space 117248K, 25% used [0x0000000080000000,0x0000000081db6610,0x0000000087280000)
 Metaspace       used 57018K, capacity 59042K, committed 59160K, reserved 1099776K
  class space    used 7699K, capacity 8158K, committed 8240K, reserved 1048576K
}
Event: 62.030 GC heap before
{Heap before GC invocations=13 (full 3):
 PSYoungGen      total 436224K, used 411648K [0x00000000d5580000, 0x00000000f7e80000, 0x0000000100000000)
  eden space 411648K, 100% used [0x00000000d5580000,0x00000000ee780000,0x00000000ee780000)
  from space 24576K, 0% used [0x00000000ee780000,0x00000000ee780000,0x00000000eff80000)
  to   space 26112K, 0% used [0x00000000f6500000,0x00000000f6500000,0x00000000f7e80000)
 ParOldGen       total 117248K, used 30425K [0x0000000080000000, 0x0000000087280000, 0x00000000d5580000)
  object space 117248K, 25% used [0x0000000080000000,0x0000000081db6610,0x0000000087280000)
 Metaspace       used 76543K, capacity 79958K, committed 80280K, reserved 1118208K
  class space    used 10466K, capacity 11129K, committed 11184K, reserved 1048576K
Event: 62.102 GC heap after
Heap after GC invocations=13 (full 3):
 PSYoungGen      total 533504K, used 26091K [0x00000000d5580000, 0x00000000f9000000, 0x0000000100000000)
  eden space 507392K, 0% used [0x00000000d5580000,0x00000000d5580000,0x00000000f4500000)
  from space 26112K, 99% used [0x00000000f6500000,0x00000000f7e7af90,0x00000000f7e80000)
  to   space 32768K, 0% used [0x00000000f4500000,0x00000000f4500000,0x00000000f6500000)
 ParOldGen       total 117248K, used 38759K [0x0000000080000000, 0x0000000087280000, 0x00000000d5580000)
  object space 117248K, 33% used [0x0000000080000000,0x00000000825d9e18,0x0000000087280000)
 Metaspace       used 76543K, capacity 79958K, committed 80280K, reserved 1118208K
  class space    used 10466K, capacity 11129K, committed 11184K, reserved 1048576K
}

Deoptimization events (10 events):
Event: 237.717 Thread 0x0000000019945000 Uncommon trap: reason=class_check action=maybe_recompile pc=0x00000000050578dc method=com.google.common.collect.IndexedImmutableSet$1.get(I)Ljava/lang/Object; @ 5
Event: 237.717 Thread 0x0000000019945000 Uncommon trap: reason=class_check action=maybe_recompile pc=0x00000000050578dc method=com.google.common.collect.IndexedImmutableSet$1.get(I)Ljava/lang/Object; @ 5
Event: 237.717 Thread 0x0000000019945000 Uncommon trap: reason=class_check action=maybe_recompile pc=0x00000000050578dc method=com.google.common.collect.IndexedImmutableSet$1.get(I)Ljava/lang/Object; @ 5
Event: 237.717 Thread 0x0000000019945000 Uncommon trap: reason=class_check action=maybe_recompile pc=0x00000000050578dc method=com.google.common.collect.IndexedImmutableSet$1.get(I)Ljava/lang/Object; @ 5
Event: 237.727 Thread 0x0000000019945000 Uncommon trap: reason=bimorphic action=maybe_recompile pc=0x0000000005046100 method=com.google.common.collect.AbstractIndexedListIterator.next()Ljava/lang/Object; @ 27
Event: 237.727 Thread 0x0000000019945000 Uncommon trap: reason=bimorphic action=maybe_recompile pc=0x0000000005046100 method=com.google.common.collect.AbstractIndexedListIterator.next()Ljava/lang/Object; @ 27
Event: 237.781 Thread 0x0000000019945000 Uncommon trap: reason=unstable_if action=reinterpret pc=0x000000000507abc0 method=org.objectweb.asm.ByteVector.putShort(I)Lorg/objectweb/asm/ByteVector; @ 13
Event: 237.834 Thread 0x0000000019945000 Uncommon trap: reason=predicate action=maybe_recompile pc=0x000000000501ec58 method=java.util.TimSort.binarySort([Ljava/lang/Object;IIILjava/util/Comparator;)V @ 37
Event: 256.028 Thread 0x000000001a55b000 Uncommon trap: reason=class_check action=maybe_recompile pc=0x00000000039044e8 method=java.util.WeakHashMap.eq(Ljava/lang/Object;Ljava/lang/Object;)Z @ 7
Event: 256.058 Thread 0x0000000019941000 Uncommon trap: reason=class_check action=maybe_recompile pc=0x000000000347d2ac method=java.lang.ThreadLocal.set(Ljava/lang/Object;)V @ 26

Classes redefined (0 events):
No events

Internal exceptions (10 events):
Event: 256.036 Thread 0x0000000019947000 Exception <a 'java/lang/InterruptedException'> (0x00000000e1621968) thrown at [C:\src\AOSP-openjdk-git\hotspot\src\share\vm\runtime\objectMonitor.cpp, line 1680]
Event: 257.937 Thread 0x000000001a55b000 Exception <a 'sun/nio/fs/WindowsException'> (0x00000000e1b56ff0) thrown at [C:\src\AOSP-openjdk-git\hotspot\src\share\vm\prims\jni.cpp, line 710]
Event: 257.937 Thread 0x000000001a55b000 Exception <a 'sun/nio/fs/WindowsException'> (0x00000000e1b587f0) thrown at [C:\src\AOSP-openjdk-git\hotspot\src\share\vm\prims\jni.cpp, line 710]
Event: 257.937 Thread 0x000000001a55b000 Exception <a 'sun/nio/fs/WindowsException'> (0x00000000e1b5a060) thrown at [C:\src\AOSP-openjdk-git\hotspot\src\share\vm\prims\jni.cpp, line 710]
Event: 257.940 Thread 0x000000001a55b000 Exception <a 'sun/nio/fs/WindowsException'> (0x00000000e1b61110) thrown at [C:\src\AOSP-openjdk-git\hotspot\src\share\vm\prims\jni.cpp, line 710]
Event: 257.940 Thread 0x000000001a55b000 Exception <a 'sun/nio/fs/WindowsException'> (0x00000000e1b62958) thrown at [C:\src\AOSP-openjdk-git\hotspot\src\share\vm\prims\jni.cpp, line 710]
Event: 257.940 Thread 0x000000001a55b000 Exception <a 'sun/nio/fs/WindowsException'> (0x00000000e1b64210) thrown at [C:\src\AOSP-openjdk-git\hotspot\src\share\vm\prims\jni.cpp, line 710]
Event: 257.941 Thread 0x000000001a55b000 Exception <a 'sun/nio/fs/WindowsException'> (0x00000000e1b66ba8) thrown at [C:\src\AOSP-openjdk-git\hotspot\src\share\vm\prims\jni.cpp, line 710]
Event: 257.941 Thread 0x000000001a55b000 Exception <a 'sun/nio/fs/WindowsException'> (0x00000000e1b68400) thrown at [C:\src\AOSP-openjdk-git\hotspot\src\share\vm\prims\jni.cpp, line 710]
Event: 257.941 Thread 0x000000001a55b000 Exception <a 'sun/nio/fs/WindowsException'> (0x00000000e1b69cc8) thrown at [C:\src\AOSP-openjdk-git\hotspot\src\share\vm\prims\jni.cpp, line 710]

Events (10 events):
Event: 258.041 Thread 0x0000000017deb800 flushing nmethod 0x00000000036a6490
Event: 258.041 Thread 0x0000000017deb800 flushing nmethod 0x0000000003767fd0
Event: 258.043 Thread 0x0000000017deb800 flushing nmethod 0x00000000038bf190
Event: 258.043 Thread 0x0000000017deb800 flushing nmethod 0x00000000038bf790
Event: 258.043 Thread 0x0000000017deb800 flushing nmethod 0x00000000038d9e50
Event: 258.043 Thread 0x0000000017deb800 flushing nmethod 0x0000000003a55990
Event: 258.046 Thread 0x0000000017deb800 flushing nmethod 0x0000000003be2dd0
Event: 258.046 Thread 0x0000000017deb800 flushing nmethod 0x0000000003c0e590
Event: 258.046 Thread 0x0000000017deb800 flushing nmethod 0x0000000003c5aa10
Event: 258.047 Thread 0x0000000017deb800 flushing nmethod 0x0000000003caa2d0


Dynamic libraries:
0x00007ff637430000 - 0x00007ff637461000 	C:\Program Files\Android\Android Studio\jre\bin\java.exe
0x00007fff73520000 - 0x00007fff73710000 	C:\WINDOWS\SYSTEM32\ntdll.dll
0x00007fff71930000 - 0x00007fff719e2000 	C:\WINDOWS\System32\KERNEL32.DLL
0x00007fff704a0000 - 0x00007fff70744000 	C:\WINDOWS\System32\KERNELBASE.dll
0x00007fff72ea0000 - 0x00007fff72f43000 	C:\WINDOWS\System32\ADVAPI32.dll
0x00007fff72bb0000 - 0x00007fff72c4e000 	C:\WINDOWS\System32\msvcrt.dll
0x00007fff72e00000 - 0x00007fff72e97000 	C:\WINDOWS\System32\sechost.dll
0x00007fff71a20000 - 0x00007fff71b40000 	C:\WINDOWS\System32\RPCRT4.dll
0x00007fff72750000 - 0x00007fff728e4000 	C:\WINDOWS\System32\USER32.dll
0x00007fff708a0000 - 0x00007fff708c1000 	C:\WINDOWS\System32\win32u.dll
0x00007fff719f0000 - 0x00007fff71a16000 	C:\WINDOWS\System32\GDI32.dll
0x00007fff71410000 - 0x00007fff715a6000 	C:\WINDOWS\System32\gdi32full.dll
0x00007fff70be0000 - 0x00007fff70c7e000 	C:\WINDOWS\System32\msvcp_win.dll
0x00007fff709d0000 - 0x00007fff70aca000 	C:\WINDOWS\System32\ucrtbase.dll
0x00007fff60230000 - 0x00007fff604b4000 	C:\WINDOWS\WinSxS\amd64_microsoft.windows.common-controls_6595b64144ccf1df_6.0.18362.959_none_e6c7bbbf130c62bb\COMCTL32.dll
0x00007fff715f0000 - 0x00007fff71925000 	C:\WINDOWS\System32\combase.dll
0x00007fff70b60000 - 0x00007fff70be0000 	C:\WINDOWS\System32\bcryptPrimitives.dll
0x00007fff733c0000 - 0x00007fff733ee000 	C:\WINDOWS\System32\IMM32.DLL
0x000000006f360000 - 0x000000006f432000 	C:\Program Files\Android\Android Studio\jre\jre\bin\msvcr100.dll
0x000000006f440000 - 0x000000006fc8b000 	C:\Program Files\Android\Android Studio\jre\jre\bin\server\jvm.dll
0x00007fff733f0000 - 0x00007fff733f8000 	C:\WINDOWS\System32\PSAPI.DLL
0x00007fff6d030000 - 0x00007fff6d039000 	C:\WINDOWS\SYSTEM32\WSOCK32.dll
0x00007fff6cdf0000 - 0x00007fff6ce14000 	C:\WINDOWS\SYSTEM32\WINMM.dll
0x00007fff71c60000 - 0x00007fff71ccf000 	C:\WINDOWS\System32\WS2_32.dll
0x00007fff69ab0000 - 0x00007fff69aba000 	C:\WINDOWS\SYSTEM32\VERSION.dll
0x00007fff6cdc0000 - 0x00007fff6cded000 	C:\WINDOWS\SYSTEM32\winmmbase.dll
0x00007fff70980000 - 0x00007fff709ca000 	C:\WINDOWS\System32\cfgmgr32.dll
0x00007fff6b490000 - 0x00007fff6b49f000 	C:\Program Files\Android\Android Studio\jre\jre\bin\verify.dll
0x00007fff68df0000 - 0x00007fff68e19000 	C:\Program Files\Android\Android Studio\jre\jre\bin\java.dll
0x00007fff69300000 - 0x00007fff69316000 	C:\Program Files\Android\Android Studio\jre\jre\bin\zip.dll
0x00007fff71e30000 - 0x00007fff72516000 	C:\WINDOWS\System32\SHELL32.dll
0x00007fff728f0000 - 0x00007fff72999000 	C:\WINDOWS\System32\shcore.dll
0x00007fff70c80000 - 0x00007fff71402000 	C:\WINDOWS\System32\windows.storage.dll
0x00007fff703e0000 - 0x00007fff70403000 	C:\WINDOWS\System32\profapi.dll
0x00007fff70450000 - 0x00007fff7049a000 	C:\WINDOWS\System32\powrprof.dll
0x00007fff703d0000 - 0x00007fff703e0000 	C:\WINDOWS\System32\UMPDC.dll
0x00007fff72b50000 - 0x00007fff72ba2000 	C:\WINDOWS\System32\shlwapi.dll
0x00007fff70410000 - 0x00007fff70421000 	C:\WINDOWS\System32\kernel.appcore.dll
0x00007fff715b0000 - 0x00007fff715c7000 	C:\WINDOWS\System32\cryptsp.dll
0x00007fff68f00000 - 0x00007fff68f1a000 	C:\Program Files\Android\Android Studio\jre\jre\bin\net.dll
0x00007fff6fc40000 - 0x00007fff6fca7000 	C:\WINDOWS\system32\mswsock.dll
0x00007fff68910000 - 0x00007fff68923000 	C:\Program Files\Android\Android Studio\jre\jre\bin\nio.dll
0x00007fff62680000 - 0x00007fff626a6000 	C:\Users\Chondro\.gradle\native\31\windows-amd64\native-platform.dll
0x00007fff6b0a0000 - 0x00007fff6b0ad000 	C:\Program Files\Android\Android Studio\jre\jre\bin\management.dll
0x00007fff6f7b0000 - 0x00007fff6f7e3000 	C:\WINDOWS\system32\rsaenh.dll
0x00007fff70b30000 - 0x00007fff70b56000 	C:\WINDOWS\System32\bcrypt.dll
0x00007fff702f0000 - 0x00007fff70315000 	C:\WINDOWS\SYSTEM32\USERENV.dll
0x00007fff6fe10000 - 0x00007fff6fe1c000 	C:\WINDOWS\SYSTEM32\CRYPTBASE.dll
0x00007fff6f950000 - 0x00007fff6f98a000 	C:\WINDOWS\SYSTEM32\IPHLPAPI.DLL
0x00007fff72df0000 - 0x00007fff72df8000 	C:\WINDOWS\System32\NSI.dll
0x00007fff66180000 - 0x00007fff66196000 	C:\WINDOWS\SYSTEM32\dhcpcsvc6.DLL
0x00007fff63ea0000 - 0x00007fff63ebc000 	C:\WINDOWS\SYSTEM32\dhcpcsvc.DLL
0x00007fff6f990000 - 0x00007fff6fa5b000 	C:\WINDOWS\SYSTEM32\DNSAPI.dll
0x00007fff68bf0000 - 0x00007fff68c0e000 	C:\Users\Chondro\AppData\Local\Temp\native-platform2458466069182994041dir\native-platform.dll

VM Arguments:
jvm_args: -Xmx2048m -Dfile.encoding=windows-1252 -Duser.country=US -Duser.language=en -Duser.variant 
java_command: org.gradle.launcher.daemon.bootstrap.GradleDaemon 6.1.1
java_class_path (initial): C:\Users\Chondro\.gradle\wrapper\dists\gradle-6.1.1-all\cfmwm155h49vnt3hynmlrsdst\gradle-6.1.1\lib\gradle-launcher-6.1.1.jar
Launcher Type: SUN_STANDARD

Environment Variables:
PATH=C:\Program Files (x86)\Common Files\Oracle\Java\javapath;C:\Program Files (x86)\Python38-32\Scripts\;C:\Program Files (x86)\Python38-32\;C:\WINDOWS\system32;C:\WINDOWS;C:\WINDOWS\System32\Wbem;C:\WINDOWS\System32\WindowsPowerShell\v1.0\;C:\WINDOWS\System32\OpenSSH\;C:\Program Files\NVIDIA Corporation\NVIDIA NvDLISR;C:\Program Files (x86)\NVIDIA Corporation\PhysX\Common;C:\Program Files\Microsoft SQL Server\Client SDK\ODBC\130\Tools\Binn\;C:\Program Files (x86)\Microsoft SQL Server\140\Tools\Binn\;C:\Program Files\Microsoft SQL Server\140\Tools\Binn\;C:\Program Files\Microsoft SQL Server\140\DTS\Binn\;C:\Program Files (x86)\Microsoft SQL Server\150\DTS\Binn\;C:\Program Files\Microsoft VS Code\bin;C:\Program Files\Microsoft SQL Server\130\Tools\Binn\;C:\Program Files\Microsoft SQL Server\Client SDK\ODBC\170\Tools\Binn\;C:\Program Files\Java\jdk-13.0.1\bin;C:\Program Files\MongoDB\Server\4.2\bin;C:\Program Files\Git\cmd;C:\Program Files\nodejs\;C:\Go\bin;C:\Program Files\dotnet\;C:\Users\Chondro\AppData\Local\Microsoft\WindowsApps;C:\Users\Chondro\.dotnet\tools;C:\Users\Chondro\AppData\Roaming\npm;C:\Users\Chondro\go\bin
USERNAME=Chondro
OS=Windows_NT
PROCESSOR_IDENTIFIER=Intel64 Family 6 Model 78 Stepping 3, GenuineIntel



---------------  S Y S T E M  ---------------

OS: Windows 10.0 , 64 bit Build 18362 (10.0.18362.959)

CPU:total 4 (initial active 4) (2 cores per cpu, 2 threads per core) family 6 model 78 stepping 3, cmov, cx8, fxsr, mmx, sse, sse2, sse3, ssse3, sse4.1, sse4.2, popcnt, avx, avx2, aes, clmul, erms, 3dnowpref, lzcnt, ht, tsc, tscinvbit, bmi1, bmi2, adx

Memory: 4k page, physical 8292256k(1106948k free), swap 8292256k(5232k free)

vm_info: OpenJDK 64-Bit Server VM (25.242-b01) for windows-amd64 JRE (1.8.0_242-release-1644-b01), built by "builder" with MS VC++ 10.0 (VS2010)

time: Tue Aug 11 21:39:55 2020
timezone: SE Asia Standard Time
elapsed time: 258 seconds (0d 0h 4m 18s)

