#
# There is insufficient memory for the Java Runtime Environment to continue.
# Native memory allocation (malloc) failed to allocate 32744 bytes for ChunkPool::allocate
# Possible reasons:
#   The system is out of physical RAM or swap space
#   The process is running with CompressedOops enabled, and the Java Heap may be blocking the growth of the native heap
# Possible solutions:
#   Reduce memory load on the system
#   Increase physical memory or swap space
#   Check if swap backing store is full
#   Decrease Java heap size (-Xmx/-Xms)
#   Decrease number of Java threads
#   Decrease Java thread stack sizes (-Xss)
#   Set larger code cache with -XX:ReservedCodeCacheSize=
#   JVM is running with Unscaled Compressed Oops mode in which the Java heap is
#     placed in the first 4GB address space. The Java Heap base address is the
#     maximum limit for the native heap growth. Please use -XX:HeapBaseMinAddress
#     to set the Java Heap base and to place the Java Heap above 4GB virtual address.
# This output file may be truncated or incomplete.
#
#  Out of Memory Error (allocation.cpp:272), pid=10388, tid=0x0000000000002394
#
# JRE version: OpenJDK Runtime Environment (8.0_242-b01) (build 1.8.0_242-release-1644-b01)
# Java VM: OpenJDK 64-Bit Server VM (25.242-b01 mixed mode windows-amd64 compressed oops)
# Failed to write core dump. Minidumps are not enabled by default on client versions of Windows
#

---------------  T H R E A D  ---------------

Current thread (0x00000000176e9000):  JavaThread "C2 CompilerThread1" daemon [_thread_in_native, id=9108, stack(0x0000000018e20000,0x0000000018f20000)]

Stack: [0x0000000018e20000,0x0000000018f20000]
[error occurred during error reporting (printing stack bounds), id 0xc0000005]

Native frames: (J=compiled Java code, j=interpreted, Vv=VM code, C=native code)


Current CompileTask:
C2:   6290 2456       4       java.net.URLClassLoader$1::run (5 bytes)


---------------  P R O C E S S  ---------------

Java Threads: ( => current thread )
  0x000000001b70f000 JavaThread "Cache worker for execution history cache (C:\Users\Chondro\.gradle\caches\6.1.1\executionHistory)" [_thread_blocked, id=11312, stack(0x00000000211f0000,0x00000000212f0000)]
  0x000000001b70c000 JavaThread "Cache worker for cache directory md-rule (C:\Users\Chondro\.gradle\caches\6.1.1\md-rule)" [_thread_blocked, id=6736, stack(0x00000000210f0000,0x00000000211f0000)]
  0x000000001b712000 JavaThread "Cache worker for cache directory md-supplier (C:\Users\Chondro\.gradle\caches\6.1.1\md-supplier)" [_thread_blocked, id=6288, stack(0x000000001fd30000,0x000000001fe30000)]
  0x000000001b711800 JavaThread "Cache worker for file hash cache (C:\Users\Chondro\AndroidStudioProjects\CornLeafDoctor\.gradle\6.1.1\fileHashes)" [_thread_blocked, id=3284, stack(0x000000001fb00000,0x000000001fc00000)]
  0x000000001b710000 JavaThread "Cache worker for checksums cache (C:\Users\Chondro\AndroidStudioProjects\CornLeafDoctor\.gradle\checksums)" [_thread_blocked, id=2696, stack(0x000000001fc30000,0x000000001fd30000)]
  0x000000001b70b800 JavaThread "Cache worker for file hash cache (C:\Users\Chondro\.gradle\caches\6.1.1\fileHashes)" [_thread_blocked, id=6292, stack(0x000000001d4a0000,0x000000001d5a0000)]
  0x000000001b710800 JavaThread "File lock request listener" [_thread_in_native, id=7864, stack(0x000000001d3a0000,0x000000001d4a0000)]
  0x000000001a537000 JavaThread "Cache worker for journal cache (C:\Users\Chondro\.gradle\caches\journal-1)" [_thread_blocked, id=11176, stack(0x000000001d2a0000,0x000000001d3a0000)]
  0x000000001b4f2000 JavaThread "Thread-9" [_thread_blocked, id=8636, stack(0x000000001cfa0000,0x000000001d0a0000)]
  0x000000001b4e6000 JavaThread "Stdin handler" [_thread_blocked, id=10448, stack(0x000000001cea0000,0x000000001cfa0000)]
  0x000000001b4e5000 JavaThread "Asynchronous log dispatcher for DefaultDaemonConnection: socket connection from /127.0.0.1:53644 to /127.0.0.1:53645" [_thread_blocked, id=7232, stack(0x000000001cda0000,0x000000001cea0000)]
  0x000000001b4e4000 JavaThread "Daemon worker" [_thread_blocked, id=120, stack(0x000000001cca0000,0x000000001cda0000)]
  0x000000001b4f2800 JavaThread "Cancel handler" [_thread_blocked, id=1928, stack(0x000000001cba0000,0x000000001cca0000)]
  0x000000001b45d800 JavaThread "Daemon periodic checks" [_thread_blocked, id=5844, stack(0x000000001c8a0000,0x000000001c9a0000)]
  0x000000001b3ea000 JavaThread "Handler for socket connection from /127.0.0.1:53644 to /127.0.0.1:53645" [_thread_in_native, id=4488, stack(0x000000001c7a0000,0x000000001c8a0000)]
  0x000000001b3e9000 JavaThread "Daemon" [_thread_blocked, id=9244, stack(0x000000001c6a0000,0x000000001c7a0000)]
  0x000000001b3d2800 JavaThread "Incoming local TCP Connector on port 53644" [_thread_in_native, id=2140, stack(0x0000000019720000,0x0000000019820000)]
  0x000000001b356000 JavaThread "Daemon health stats" [_thread_blocked, id=6704, stack(0x0000000019620000,0x0000000019720000)]
  0x000000001772d000 JavaThread "Service Thread" daemon [_thread_blocked, id=10236, stack(0x0000000019420000,0x0000000019520000)]
  0x0000000017706800 JavaThread "C1 CompilerThread2" daemon [_thread_blocked, id=1572, stack(0x0000000018f20000,0x0000000019020000)]
=>0x00000000176e9000 JavaThread "C2 CompilerThread1" daemon [_thread_in_native, id=9108, stack(0x0000000018e20000,0x0000000018f20000)]
  0x00000000176d7000 JavaThread "C2 CompilerThread0" daemon [_thread_in_native, id=7708, stack(0x0000000018d20000,0x0000000018e20000)]
  0x00000000176d6800 JavaThread "Attach Listener" daemon [_thread_blocked, id=12312, stack(0x0000000018c20000,0x0000000018d20000)]
  0x00000000176d2000 JavaThread "Signal Dispatcher" daemon [_thread_blocked, id=4492, stack(0x0000000018b20000,0x0000000018c20000)]
  0x00000000029eb800 JavaThread "Finalizer" daemon [_thread_blocked, id=8692, stack(0x0000000018920000,0x0000000018a20000)]
  0x00000000176b9000 JavaThread "Reference Handler" daemon [_thread_blocked, id=12600, stack(0x0000000018820000,0x0000000018920000)]
  0x00000000028f2800 JavaThread "main" [_thread_blocked, id=7836, stack(0x0000000002770000,0x0000000002870000)]

Other Threads:
  0x0000000017696800 VMThread [stack: 0x0000000018720000,0x0000000018820000] [id=2604]
  0x0000000019076000 WatcherThread [stack: 0x0000000019520000,0x0000000019620000] [id=12104]

VM state:at safepoint (normal execution)

VM Mutex/Monitor currently owned by a thread:  ([mutex/lock_event])
[0x0000000002aacf60] Threads_lock - owner thread: 0x0000000017696800
[0x0000000002aacc60] Heap_lock - owner thread: 0x000000001b4e4000

heap address: 0x0000000080000000, size: 2048 MB, Compressed Oops mode: 32-bit
Narrow klass base: 0x0000000000000000, Narrow klass shift: 3
Compressed class space size: 1073741824 Address: 0x0000000100000000

Heap:
 PSYoungGen      total 76800K, used 73495K [0x00000000d5580000, 0x00000000dd380000, 0x0000000100000000)
  eden space 65536K, 100% used [0x00000000d5580000,0x00000000d9580000,0x00000000d9580000)
  from space 11264K, 70% used [0x00000000d9580000,0x00000000d9d45d30,0x00000000da080000)
  to   space 11264K, 35% used [0x00000000dc880000,0x00000000dcc70000,0x00000000dd380000)
 ParOldGen       total 58880K, used 9420K [0x0000000080000000, 0x0000000083980000, 0x00000000d5580000)
  object space 58880K, 16% used [0x0000000080000000,0x00000000809333c0,0x0000000083980000)
 Metaspace       used 32183K, capacity 33186K, committed 33456K, reserved 1077248K
  class space    used 4360K, capacity 4664K, committed 4784K, reserved 1048576K

Card table byte_map: [0x0000000011e70000,0x0000000012280000] byte_map_base: 0x0000000011a70000

Marking Bits: (ParMarkBitMap*) 0x000000006f57f030
 Begin Bits: [0x0000000012930000, 0x0000000014930000)
 End Bits:   [0x0000000014930000, 0x0000000016930000)

Polling page: 0x0000000000b80000

CodeCache: size=245760Kb used=10004Kb max_used=10004Kb free=235755Kb
 bounds [0x0000000002ab0000, 0x0000000003480000, 0x0000000011ab0000]
 total_blobs=3325 nmethods=2640 adapters=598
 compilation: enabled

Compilation events (10 events):
Event: 6.142 Thread 0x0000000017706800 2648       3       groovy.lang.MetaClassImpl::getMethods (173 bytes)
Event: 6.145 Thread 0x0000000017706800 nmethod 2648 0x000000000346f890 code [0x000000000346fb80, 0x0000000003471378]
Event: 6.145 Thread 0x0000000017706800 2649       3       java.lang.ClassValue$ClassValueMap::probeBackupLocations (151 bytes)
Event: 6.146 Thread 0x0000000017706800 nmethod 2649 0x0000000003471e90 code [0x00000000034720e0, 0x0000000003473530]
Event: 6.146 Thread 0x0000000017706800 2650   !   3       java.lang.ClassValue::getFromHashMap (70 bytes)
Event: 6.147 Thread 0x0000000017706800 nmethod 2650 0x0000000003473d90 code [0x0000000003473fe0, 0x0000000003474c18]
Event: 6.160 Thread 0x0000000017706800 2651   !   3       sun.misc.URLClassPath$JarLoader::getResource (353 bytes)
Event: 6.163 Thread 0x0000000017706800 nmethod 2651 0x0000000003475290 code [0x00000000034756a0, 0x0000000003477508]
Event: 6.200 Thread 0x0000000017706800 2652       1       com.google.common.collect.MapMakerInternalMap$AbstractStrongKeyEntry::getNext (5 bytes)
Event: 6.200 Thread 0x0000000017706800 nmethod 2652 0x0000000003479090 code [0x00000000034791e0, 0x00000000034792f0]

GC Heap History (10 events):
Event: 3.174 GC heap after
Heap after GC invocations=4 (full 0):
 PSYoungGen      total 38400K, used 5089K [0x00000000d5580000, 0x00000000da080000, 0x0000000100000000)
  eden space 33280K, 0% used [0x00000000d5580000,0x00000000d5580000,0x00000000d7600000)
  from space 5120K, 99% used [0x00000000d7b00000,0x00000000d7ff8708,0x00000000d8000000)
  to   space 5120K, 0% used [0x00000000d7600000,0x00000000d7600000,0x00000000d7b00000)
 ParOldGen       total 87552K, used 3761K [0x0000000080000000, 0x0000000085580000, 0x00000000d5580000)
  object space 87552K, 4% used [0x0000000080000000,0x00000000803ac4e0,0x0000000085580000)
 Metaspace       used 15412K, capacity 15822K, committed 16128K, reserved 1062912K
  class space    used 2056K, capacity 2219K, committed 2304K, reserved 1048576K
}
Event: 3.569 GC heap before
{Heap before GC invocations=5 (full 0):
 PSYoungGen      total 38400K, used 38369K [0x00000000d5580000, 0x00000000da080000, 0x0000000100000000)
  eden space 33280K, 100% used [0x00000000d5580000,0x00000000d7600000,0x00000000d7600000)
  from space 5120K, 99% used [0x00000000d7b00000,0x00000000d7ff8708,0x00000000d8000000)
  to   space 5120K, 0% used [0x00000000d7600000,0x00000000d7600000,0x00000000d7b00000)
 ParOldGen       total 87552K, used 3761K [0x0000000080000000, 0x0000000085580000, 0x00000000d5580000)
  object space 87552K, 4% used [0x0000000080000000,0x00000000803ac4e0,0x0000000085580000)
 Metaspace       used 18148K, capacity 18714K, committed 18816K, reserved 1064960K
  class space    used 2486K, capacity 2667K, committed 2688K, reserved 1048576K
Event: 3.581 GC heap after
Heap after GC invocations=5 (full 0):
 PSYoungGen      total 38400K, used 5104K [0x00000000d5580000, 0x00000000daa80000, 0x0000000100000000)
  eden space 33280K, 0% used [0x00000000d5580000,0x00000000d5580000,0x00000000d7600000)
  from space 5120K, 99% used [0x00000000d7600000,0x00000000d7afc030,0x00000000d7b00000)
  to   space 10240K, 0% used [0x00000000da080000,0x00000000da080000,0x00000000daa80000)
 ParOldGen       total 87552K, used 7028K [0x0000000080000000, 0x0000000085580000, 0x00000000d5580000)
  object space 87552K, 8% used [0x0000000080000000,0x00000000806dd028,0x0000000085580000)
 Metaspace       used 18148K, capacity 18714K, committed 18816K, reserved 1064960K
  class space    used 2486K, capacity 2667K, committed 2688K, reserved 1048576K
}
Event: 4.167 GC heap before
{Heap before GC invocations=6 (full 0):
 PSYoungGen      total 38400K, used 37234K [0x00000000d5580000, 0x00000000daa80000, 0x0000000100000000)
  eden space 33280K, 96% used [0x00000000d5580000,0x00000000d74e08c0,0x00000000d7600000)
  from space 5120K, 99% used [0x00000000d7600000,0x00000000d7afc030,0x00000000d7b00000)
  to   space 10240K, 0% used [0x00000000da080000,0x00000000da080000,0x00000000daa80000)
 ParOldGen       total 87552K, used 7028K [0x0000000080000000, 0x0000000085580000, 0x00000000d5580000)
  object space 87552K, 8% used [0x0000000080000000,0x00000000806dd028,0x0000000085580000)
 Metaspace       used 20509K, capacity 21214K, committed 21296K, reserved 1067008K
  class space    used 2879K, capacity 3093K, committed 3120K, reserved 1048576K
Event: 4.184 GC heap after
Heap after GC invocations=6 (full 0):
 PSYoungGen      total 75776K, used 8810K [0x00000000d5580000, 0x00000000dac80000, 0x0000000100000000)
  eden space 65536K, 0% used [0x00000000d5580000,0x00000000d5580000,0x00000000d9580000)
  from space 10240K, 86% used [0x00000000da080000,0x00000000da91a910,0x00000000daa80000)
  to   space 11264K, 0% used [0x00000000d9580000,0x00000000d9580000,0x00000000da080000)
 ParOldGen       total 87552K, used 7036K [0x0000000080000000, 0x0000000085580000, 0x00000000d5580000)
  object space 87552K, 8% used [0x0000000080000000,0x00000000806df028,0x0000000085580000)
 Metaspace       used 20509K, capacity 21214K, committed 21296K, reserved 1067008K
  class space    used 2879K, capacity 3093K, committed 3120K, reserved 1048576K
}
Event: 4.184 GC heap before
{Heap before GC invocations=7 (full 1):
 PSYoungGen      total 75776K, used 8810K [0x00000000d5580000, 0x00000000dac80000, 0x0000000100000000)
  eden space 65536K, 0% used [0x00000000d5580000,0x00000000d5580000,0x00000000d9580000)
  from space 10240K, 86% used [0x00000000da080000,0x00000000da91a910,0x00000000daa80000)
  to   space 11264K, 0% used [0x00000000d9580000,0x00000000d9580000,0x00000000da080000)
 ParOldGen       total 87552K, used 7036K [0x0000000080000000, 0x0000000085580000, 0x00000000d5580000)
  object space 87552K, 8% used [0x0000000080000000,0x00000000806df028,0x0000000085580000)
 Metaspace       used 20509K, capacity 21214K, committed 21296K, reserved 1067008K
  class space    used 2879K, capacity 3093K, committed 3120K, reserved 1048576K
Event: 4.231 GC heap after
Heap after GC invocations=7 (full 1):
 PSYoungGen      total 75776K, used 0K [0x00000000d5580000, 0x00000000dac80000, 0x0000000100000000)
  eden space 65536K, 0% used [0x00000000d5580000,0x00000000d5580000,0x00000000d9580000)
  from space 10240K, 0% used [0x00000000da080000,0x00000000da080000,0x00000000daa80000)
  to   space 11264K, 0% used [0x00000000d9580000,0x00000000d9580000,0x00000000da080000)
 ParOldGen       total 58880K, used 9412K [0x0000000080000000, 0x0000000083980000, 0x00000000d5580000)
  object space 58880K, 15% used [0x0000000080000000,0x00000000809313c0,0x0000000083980000)
 Metaspace       used 20509K, capacity 21214K, committed 21296K, reserved 1067008K
  class space    used 2879K, capacity 3093K, committed 3120K, reserved 1048576K
}
Event: 4.990 GC heap before
{Heap before GC invocations=8 (full 1):
 PSYoungGen      total 75776K, used 65536K [0x00000000d5580000, 0x00000000dac80000, 0x0000000100000000)
  eden space 65536K, 100% used [0x00000000d5580000,0x00000000d9580000,0x00000000d9580000)
  from space 10240K, 0% used [0x00000000da080000,0x00000000da080000,0x00000000daa80000)
  to   space 11264K, 0% used [0x00000000d9580000,0x00000000d9580000,0x00000000da080000)
 ParOldGen       total 58880K, used 9412K [0x0000000080000000, 0x0000000083980000, 0x00000000d5580000)
  object space 58880K, 15% used [0x0000000080000000,0x00000000809313c0,0x0000000083980000)
 Metaspace       used 28007K, capacity 28736K, committed 28976K, reserved 1075200K
  class space    used 3860K, capacity 4103K, committed 4144K, reserved 1048576K
Event: 4.999 GC heap after
Heap after GC invocations=8 (full 1):
 PSYoungGen      total 76800K, used 7959K [0x00000000d5580000, 0x00000000dd380000, 0x0000000100000000)
  eden space 65536K, 0% used [0x00000000d5580000,0x00000000d5580000,0x00000000d9580000)
  from space 11264K, 70% used [0x00000000d9580000,0x00000000d9d45d30,0x00000000da080000)
  to   space 11264K, 0% used [0x00000000dc880000,0x00000000dc880000,0x00000000dd380000)
 ParOldGen       total 58880K, used 9420K [0x0000000080000000, 0x0000000083980000, 0x00000000d5580000)
  object space 58880K, 16% used [0x0000000080000000,0x00000000809333c0,0x0000000083980000)
 Metaspace       used 28007K, capacity 28736K, committed 28976K, reserved 1075200K
  class space    used 3860K, capacity 4103K, committed 4144K, reserved 1048576K
}
Event: 6.267 GC heap before
{Heap before GC invocations=9 (full 1):
 PSYoungGen      total 76800K, used 73495K [0x00000000d5580000, 0x00000000dd380000, 0x0000000100000000)
  eden space 65536K, 100% used [0x00000000d5580000,0x00000000d9580000,0x00000000d9580000)
  from space 11264K, 70% used [0x00000000d9580000,0x00000000d9d45d30,0x00000000da080000)
  to   space 11264K, 0% used [0x00000000dc880000,0x00000000dc880000,0x00000000dd380000)
 ParOldGen       total 58880K, used 9420K [0x0000000080000000, 0x0000000083980000, 0x00000000d5580000)
  object space 58880K, 16% used [0x0000000080000000,0x00000000809333c0,0x0000000083980000)
 Metaspace       used 32183K, capacity 33186K, committed 33456K, reserved 1077248K
  class space    used 4360K, capacity 4664K, committed 4784K, reserved 1048576K

Deoptimization events (10 events):
Event: 4.688 Thread 0x000000001b4e4000 Uncommon trap: reason=class_check action=maybe_recompile pc=0x0000000002e60120 method=sun.misc.URLClassPath.getResource(Ljava/lang/String;Z)Lsun/misc/Resource; @ 62
Event: 4.688 Thread 0x000000001b4e4000 Uncommon trap: reason=unstable_if action=reinterpret pc=0x00000000031ce468 method=java.lang.String.regionMatches(ZILjava/lang/String;II)Z @ 41
Event: 4.690 Thread 0x000000001b4e4000 Uncommon trap: reason=unstable_if action=reinterpret pc=0x00000000030faccc method=java.lang.ClassLoader.getClassLoadingLock(Ljava/lang/String;)Ljava/lang/Object; @ 6
Event: 4.725 Thread 0x000000001b4e4000 Uncommon trap: reason=bimorphic action=maybe_recompile pc=0x00000000030a8f10 method=java.io.BufferedInputStream.read([BII)I @ 101
Event: 4.726 Thread 0x000000001b4e4000 Uncommon trap: reason=bimorphic action=maybe_recompile pc=0x00000000030a8f10 method=java.io.BufferedInputStream.read([BII)I @ 101
Event: 4.726 Thread 0x000000001b4e4000 Uncommon trap: reason=bimorphic action=maybe_recompile pc=0x00000000030a8f10 method=java.io.BufferedInputStream.read([BII)I @ 101
Event: 4.727 Thread 0x000000001b4e4000 Uncommon trap: reason=bimorphic action=maybe_recompile pc=0x00000000030a8f10 method=java.io.BufferedInputStream.read([BII)I @ 101
Event: 4.989 Thread 0x000000001b4e4000 Uncommon trap: reason=unstable_if action=reinterpret pc=0x0000000002fe4a2c method=java.lang.String.regionMatches(ZILjava/lang/String;II)Z @ 41
Event: 5.000 Thread 0x00000000176b9000 Uncommon trap: reason=unstable_if action=reinterpret pc=0x0000000002fe023c method=java.lang.ref.Reference.tryHandlePending(Z)Z @ 104
Event: 6.108 Thread 0x000000001b4e4000 Uncommon trap: reason=unstable_if action=reinterpret pc=0x00000000031da550 method=sun.misc.URLClassPath$JarLoader.getResource(Ljava/lang/String;ZLjava/util/Set;)Lsun/misc/Resource; @ 17

Classes redefined (0 events):
No events

Internal exceptions (10 events):
Event: 5.960 Thread 0x000000001b4e4000 Exception <a 'java/lang/ClassNotFoundException': org/gradle/api/internal/plugins/DefaultObjectConfigurationActionBeanInfo> (0x00000000d91387a0) thrown at [C:\src\AOSP-openjdk-git\hotspot\src\share\vm\classfile\systemDictionary.cpp, line 210]
Event: 5.961 Thread 0x000000001b4e4000 Exception <a 'java/lang/ClassNotFoundException': org/gradle/api/internal/plugins/DefaultObjectConfigurationActionCustomizer> (0x00000000d91731b8) thrown at [C:\src\AOSP-openjdk-git\hotspot\src\share\vm\classfile\systemDictionary.cpp, line 210]
Event: 6.090 Thread 0x000000001b4e4000 Exception <a 'java/lang/ClassNotFoundException': JetGradlePluginBeanInfo> (0x00000000d928b8d0) thrown at [C:\src\AOSP-openjdk-git\hotspot\src\share\vm\classfile\systemDictionary.cpp, line 210]
Event: 6.095 Thread 0x000000001b4e4000 Exception <a 'java/lang/ClassNotFoundException': JetGradlePluginCustomizer> (0x00000000d9296e68) thrown at [C:\src\AOSP-openjdk-git\hotspot\src\share\vm\classfile\systemDictionary.cpp, line 210]
Event: 6.124 Thread 0x000000001b4e4000 Exception <a 'java/lang/ClassNotFoundException': groovy/lang/ReferenceBeanInfo> (0x00000000d92e39e0) thrown at [C:\src\AOSP-openjdk-git\hotspot\src\share\vm\classfile\systemDictionary.cpp, line 210]
Event: 6.127 Thread 0x000000001b4e4000 Exception <a 'java/lang/ClassNotFoundException': groovy/lang/ReferenceCustomizer> (0x00000000d930be68) thrown at [C:\src\AOSP-openjdk-git\hotspot\src\share\vm\classfile\systemDictionary.cpp, line 210]
Event: 6.138 Thread 0x000000001b4e4000 Exception <a 'java/lang/ClassNotFoundException': RegistryProcessorBeanInfo> (0x00000000d9349d48) thrown at [C:\src\AOSP-openjdk-git\hotspot\src\share\vm\classfile\systemDictionary.cpp, line 210]
Event: 6.140 Thread 0x000000001b4e4000 Exception <a 'java/lang/ClassNotFoundException': RegistryProcessorCustomizer> (0x00000000d9355698) thrown at [C:\src\AOSP-openjdk-git\hotspot\src\share\vm\classfile\systemDictionary.cpp, line 210]
Event: 6.205 Thread 0x000000001b4e4000 Exception <a 'java/lang/ClassNotFoundException': org/jetbrains/plugins/gradle/tooling/internal/ExtraModelBuilderBeanInfo> (0x00000000d93c7a88) thrown at [C:\src\AOSP-openjdk-git\hotspot\src\share\vm\classfile\systemDictionary.cpp, line 210]
Event: 6.206 Thread 0x000000001b4e4000 Exception <a 'java/lang/ClassNotFoundException': org/jetbrains/plugins/gradle/tooling/internal/ExtraModelBuilderCustomizer> (0x00000000d93d4bf0) thrown at [C:\src\AOSP-openjdk-git\hotspot\src\share\vm\classfile\systemDictionary.cpp, line 210]

Events (10 events):
Event: 6.240 loading class org/gradle/internal/impldep/com/google/common/collect/Lists$Partition done
Event: 6.245 loading class org/gradle/internal/impldep/com/google/common/collect/Lists$RandomAccessPartition
Event: 6.245 loading class org/gradle/internal/impldep/com/google/common/collect/Lists$RandomAccessPartition done
Event: 6.247 loading class org/gradle/internal/impldep/com/google/common/collect/Lists$RandomAccessPartition
Event: 6.247 loading class org/gradle/internal/impldep/com/google/common/collect/Lists$RandomAccessPartition done
Event: 6.259 loading class org/gradle/internal/impldep/com/google/common/base/Preconditions
Event: 6.259 loading class org/gradle/internal/impldep/com/google/common/base/Preconditions done
Event: 6.263 loading class org/gradle/internal/impldep/com/google/common/base/Preconditions
Event: 6.263 loading class org/gradle/internal/impldep/com/google/common/base/Preconditions done
Event: 6.264 Executing VM operation: ParallelGCFailedAllocation


Dynamic libraries:
0x00007ff67c4e0000 - 0x00007ff67c511000 	C:\Program Files\Android\Android Studio\jre\bin\java.exe
0x00007fff73520000 - 0x00007fff73710000 	C:\WINDOWS\SYSTEM32\ntdll.dll
0x00007fff71930000 - 0x00007fff719e2000 	C:\WINDOWS\System32\KERNEL32.DLL
0x00007fff704a0000 - 0x00007fff70744000 	C:\WINDOWS\System32\KERNELBASE.dll
0x00007fff72ea0000 - 0x00007fff72f43000 	C:\WINDOWS\System32\ADVAPI32.dll
0x00007fff72bb0000 - 0x00007fff72c4e000 	C:\WINDOWS\System32\msvcrt.dll
0x00007fff72e00000 - 0x00007fff72e97000 	C:\WINDOWS\System32\sechost.dll
0x00007fff71a20000 - 0x00007fff71b40000 	C:\WINDOWS\System32\RPCRT4.dll
0x00007fff72750000 - 0x00007fff728e4000 	C:\WINDOWS\System32\USER32.dll
0x00007fff708a0000 - 0x00007fff708c1000 	C:\WINDOWS\System32\win32u.dll
0x00007fff719f0000 - 0x00007fff71a16000 	C:\WINDOWS\System32\GDI32.dll
0x00007fff71410000 - 0x00007fff715a6000 	C:\WINDOWS\System32\gdi32full.dll
0x00007fff70be0000 - 0x00007fff70c7e000 	C:\WINDOWS\System32\msvcp_win.dll
0x00007fff709d0000 - 0x00007fff70aca000 	C:\WINDOWS\System32\ucrtbase.dll
0x00007fff60230000 - 0x00007fff604b4000 	C:\WINDOWS\WinSxS\amd64_microsoft.windows.common-controls_6595b64144ccf1df_6.0.18362.959_none_e6c7bbbf130c62bb\COMCTL32.dll
0x00007fff715f0000 - 0x00007fff71925000 	C:\WINDOWS\System32\combase.dll
0x00007fff70b60000 - 0x00007fff70be0000 	C:\WINDOWS\System32\bcryptPrimitives.dll
0x00007fff733c0000 - 0x00007fff733ee000 	C:\WINDOWS\System32\IMM32.DLL
0x000000006f6f0000 - 0x000000006f7c2000 	C:\Program Files\Android\Android Studio\jre\jre\bin\msvcr100.dll
0x000000006edb0000 - 0x000000006f5fb000 	C:\Program Files\Android\Android Studio\jre\jre\bin\server\jvm.dll
0x00007fff733f0000 - 0x00007fff733f8000 	C:\WINDOWS\System32\PSAPI.DLL
0x00007fff6cdf0000 - 0x00007fff6ce14000 	C:\WINDOWS\SYSTEM32\WINMM.dll
0x00007fff6d030000 - 0x00007fff6d039000 	C:\WINDOWS\SYSTEM32\WSOCK32.dll
0x00007fff71c60000 - 0x00007fff71ccf000 	C:\WINDOWS\System32\WS2_32.dll
0x00007fff69ab0000 - 0x00007fff69aba000 	C:\WINDOWS\SYSTEM32\VERSION.dll
0x00007fff6cdc0000 - 0x00007fff6cded000 	C:\WINDOWS\SYSTEM32\WINMMBASE.dll
0x00007fff70980000 - 0x00007fff709ca000 	C:\WINDOWS\System32\cfgmgr32.dll
0x00007fff6b490000 - 0x00007fff6b49f000 	C:\Program Files\Android\Android Studio\jre\jre\bin\verify.dll
0x00007fff69d10000 - 0x00007fff69d39000 	C:\Program Files\Android\Android Studio\jre\jre\bin\java.dll
0x00007fff69b90000 - 0x00007fff69ba6000 	C:\Program Files\Android\Android Studio\jre\jre\bin\zip.dll
0x00007fff71e30000 - 0x00007fff72516000 	C:\WINDOWS\System32\SHELL32.dll
0x00007fff728f0000 - 0x00007fff72999000 	C:\WINDOWS\System32\shcore.dll
0x00007fff70c80000 - 0x00007fff71402000 	C:\WINDOWS\System32\windows.storage.dll
0x00007fff703e0000 - 0x00007fff70403000 	C:\WINDOWS\System32\profapi.dll
0x00007fff70450000 - 0x00007fff7049a000 	C:\WINDOWS\System32\powrprof.dll
0x00007fff703d0000 - 0x00007fff703e0000 	C:\WINDOWS\System32\UMPDC.dll
0x00007fff72b50000 - 0x00007fff72ba2000 	C:\WINDOWS\System32\shlwapi.dll
0x00007fff70410000 - 0x00007fff70421000 	C:\WINDOWS\System32\kernel.appcore.dll
0x00007fff715b0000 - 0x00007fff715c7000 	C:\WINDOWS\System32\cryptsp.dll
0x00007fff693d0000 - 0x00007fff693ea000 	C:\Program Files\Android\Android Studio\jre\jre\bin\net.dll
0x00007fff6fc40000 - 0x00007fff6fca7000 	C:\WINDOWS\system32\mswsock.dll
0x00007fff693b0000 - 0x00007fff693c3000 	C:\Program Files\Android\Android Studio\jre\jre\bin\nio.dll
0x00007fff68950000 - 0x00007fff68976000 	C:\Users\Chondro\.gradle\native\31\windows-amd64\native-platform.dll
0x00007fff69d00000 - 0x00007fff69d0d000 	C:\Program Files\Android\Android Studio\jre\jre\bin\management.dll
0x00007fff6f7b0000 - 0x00007fff6f7e3000 	C:\WINDOWS\system32\rsaenh.dll
0x00007fff70b30000 - 0x00007fff70b56000 	C:\WINDOWS\System32\bcrypt.dll
0x00007fff702f0000 - 0x00007fff70315000 	C:\WINDOWS\SYSTEM32\USERENV.dll
0x00007fff6fe10000 - 0x00007fff6fe1c000 	C:\WINDOWS\SYSTEM32\CRYPTBASE.dll
0x00007fff6f950000 - 0x00007fff6f98a000 	C:\WINDOWS\SYSTEM32\IPHLPAPI.DLL
0x00007fff72df0000 - 0x00007fff72df8000 	C:\WINDOWS\System32\NSI.dll
0x00007fff66180000 - 0x00007fff66196000 	C:\WINDOWS\SYSTEM32\dhcpcsvc6.DLL
0x00007fff63ea0000 - 0x00007fff63ebc000 	C:\WINDOWS\SYSTEM32\dhcpcsvc.DLL
0x00007fff6f990000 - 0x00007fff6fa5b000 	C:\WINDOWS\SYSTEM32\DNSAPI.dll

VM Arguments:
jvm_args: -Xmx2048m -Dfile.encoding=windows-1252 -Duser.country=US -Duser.language=en -Duser.variant 
java_command: org.gradle.launcher.daemon.bootstrap.GradleDaemon 6.1.1
java_class_path (initial): C:\Users\Chondro\.gradle\wrapper\dists\gradle-6.1.1-all\cfmwm155h49vnt3hynmlrsdst\gradle-6.1.1\lib\gradle-launcher-6.1.1.jar
Launcher Type: SUN_STANDARD

Environment Variables:
PATH=C:\Program Files (x86)\Common Files\Oracle\Java\javapath;C:\Program Files (x86)\Python38-32\Scripts\;C:\Program Files (x86)\Python38-32\;C:\WINDOWS\system32;C:\WINDOWS;C:\WINDOWS\System32\Wbem;C:\WINDOWS\System32\WindowsPowerShell\v1.0\;C:\WINDOWS\System32\OpenSSH\;C:\Program Files\NVIDIA Corporation\NVIDIA NvDLISR;C:\Program Files (x86)\NVIDIA Corporation\PhysX\Common;C:\Program Files\Microsoft SQL Server\Client SDK\ODBC\130\Tools\Binn\;C:\Program Files (x86)\Microsoft SQL Server\140\Tools\Binn\;C:\Program Files\Microsoft SQL Server\140\Tools\Binn\;C:\Program Files\Microsoft SQL Server\140\DTS\Binn\;C:\Program Files (x86)\Microsoft SQL Server\150\DTS\Binn\;C:\Program Files\Microsoft VS Code\bin;C:\Program Files\Microsoft SQL Server\130\Tools\Binn\;C:\Program Files\Microsoft SQL Server\Client SDK\ODBC\170\Tools\Binn\;C:\Program Files\Java\jdk-13.0.1\bin;C:\Program Files\MongoDB\Server\4.2\bin;C:\Program Files\Git\cmd;C:\Program Files\nodejs\;C:\Go\bin;C:\Program Files\dotnet\;C:\Users\Chondro\AppData\Local\Microsoft\WindowsApps;C:\Users\Chondro\.dotnet\tools;C:\Users\Chondro\AppData\Roaming\npm;C:\Users\Chondro\go\bin
USERNAME=Chondro
OS=Windows_NT
PROCESSOR_IDENTIFIER=Intel64 Family 6 Model 78 Stepping 3, GenuineIntel



---------------  S Y S T E M  ---------------

OS: Windows 10.0 , 64 bit Build 18362 (10.0.18362.959)

CPU:total 4 (initial active 4) (2 cores per cpu, 2 threads per core) family 6 model 78 stepping 3, cmov, cx8, fxsr, mmx, sse, sse2, sse3, ssse3, sse4.1, sse4.2, popcnt, avx, avx2, aes, clmul, erms, 3dnowpref, lzcnt, ht, tsc, tscinvbit, bmi1, bmi2, adx

Memory: 4k page, physical 8292256k(911480k free), swap 8292256k(3172k free)

vm_info: OpenJDK 64-Bit Server VM (25.242-b01) for windows-amd64 JRE (1.8.0_242-release-1644-b01), built by "builder" with MS VC++ 10.0 (VS2010)

time: Tue Aug 11 16:39:09 2020
timezone: SE Asia Standard Time
elapsed time: 6 seconds (0d 0h 0m 6s)

